<?xml version="1.0" encoding="UTF-8"?>
<testsuites name="Dangky" time="513.748" tests="14" failures="11" errors="0">
   <testsuite name="Dangky" tests="14" failures="11" errors="0" time="513.748" skipped="0" timestamp="05-05-2024T10:45:09" hostname="84336 - LAPTOP-A3TS5UF1" id="Test Suites/Dangky">
      <properties>
         <property name="deviceName" value=""/>
         <property name="devicePlatform" value=""/>
         <property name="logFolder" value="C:\\Users\\84336\\git\\Final_TestMorriWeb\\Reports\\20240505_104505\\Dangky\\20240505_104505"/>
         <property name="logFiles" value="C:\\Users\\84336\\git\\Final_TestMorriWeb\\Reports\\20240505_104505\\Dangky\\20240505_104505\\execution0.log"/>
         <property name="attachments" value="C:\\Users\\84336\\git\\Final_TestMorriWeb\\Reports\\20240505_104505\\Dangky\\20240505_104505\\1714880753710.png, C:\\Users\\84336\\git\\Final_TestMorriWeb\\Reports\\20240505_104505\\Dangky\\20240505_104505\\1714880753865.png, C:\\Users\\84336\\git\\Final_TestMorriWeb\\Reports\\20240505_104505\\Dangky\\20240505_104505\\1714880795996.png, C:\\Users\\84336\\git\\Final_TestMorriWeb\\Reports\\20240505_104505\\Dangky\\20240505_104505\\1714880796213.png, C:\\Users\\84336\\git\\Final_TestMorriWeb\\Reports\\20240505_104505\\Dangky\\20240505_104505\\1714880839051.png, C:\\Users\\84336\\git\\Final_TestMorriWeb\\Reports\\20240505_104505\\Dangky\\20240505_104505\\1714880839296.png, C:\\Users\\84336\\git\\Final_TestMorriWeb\\Reports\\20240505_104505\\Dangky\\20240505_104505\\1714880880949.png, C:\\Users\\84336\\git\\Final_TestMorriWeb\\Reports\\20240505_104505\\Dangky\\20240505_104505\\1714880881136.png, C:\\Users\\84336\\git\\Final_TestMorriWeb\\Reports\\20240505_104505\\Dangky\\20240505_104505\\1714880949950.png, C:\\Users\\84336\\git\\Final_TestMorriWeb\\Reports\\20240505_104505\\Dangky\\20240505_104505\\1714880950085.png, C:\\Users\\84336\\git\\Final_TestMorriWeb\\Reports\\20240505_104505\\Dangky\\20240505_104505\\1714880993182.png, C:\\Users\\84336\\git\\Final_TestMorriWeb\\Reports\\20240505_104505\\Dangky\\20240505_104505\\1714880993376.png, C:\\Users\\84336\\git\\Final_TestMorriWeb\\Reports\\20240505_104505\\Dangky\\20240505_104505\\1714881049015.png, C:\\Users\\84336\\git\\Final_TestMorriWeb\\Reports\\20240505_104505\\Dangky\\20240505_104505\\1714881049352.png, C:\\Users\\84336\\git\\Final_TestMorriWeb\\Reports\\20240505_104505\\Dangky\\20240505_104505\\1714881092692.png, C:\\Users\\84336\\git\\Final_TestMorriWeb\\Reports\\20240505_104505\\Dangky\\20240505_104505\\1714881092858.png, C:\\Users\\84336\\git\\Final_TestMorriWeb\\Reports\\20240505_104505\\Dangky\\20240505_104505\\1714881136245.png, C:\\Users\\84336\\git\\Final_TestMorriWeb\\Reports\\20240505_104505\\Dangky\\20240505_104505\\1714881136433.png, C:\\Users\\84336\\git\\Final_TestMorriWeb\\Reports\\20240505_104505\\Dangky\\20240505_104505\\1714881179595.png, C:\\Users\\84336\\git\\Final_TestMorriWeb\\Reports\\20240505_104505\\Dangky\\20240505_104505\\1714881179760.png, C:\\Users\\84336\\git\\Final_TestMorriWeb\\Reports\\20240505_104505\\Dangky\\20240505_104505\\1714881222512.png, C:\\Users\\84336\\git\\Final_TestMorriWeb\\Reports\\20240505_104505\\Dangky\\20240505_104505\\1714881222692.png"/>
         <property name="hostName" value="84336 - LAPTOP-A3TS5UF1"/>
         <property name="os" value="Windows 11 64bit"/>
         <property name="katalonVersion" value="9.3.1.212"/>
         <property name="browser" value="Edge Chromium 124"/>
         <property name="hostAddress" value="192.168.1.3"/>
         <property name="sessionId" value="36bf80792bf3529dfea34af2c258c3f0"/>
         <property name="seleniumVersion" value="3.141.59"/>
         <property name="proxyInformation" value="ProxyInformation { proxyOption=NO_PROXY, proxyServerType=HTTP, username=, password=********, proxyServerAddress=, proxyServerPort=0, executionList=&quot;&quot;, isApplyToDesiredCapabilities=true }"/>
         <property name="platform" value="Windows 11"/>
      </properties>
      <testcase name="Test Cases/Dangky/Dang Ky_TC1" time="44.68" classname="Test Cases/Dangky/Dang Ky_TC1" status="FAILED">
         <failure type="FAILED" message="Test Cases/Dangky/Dang Ky_TC1 FAILED.&#xa;Reason:&#xa;com.kms.katalon.core.exception.StepFailedException: Verify element text of test object 'Object Repository/Dangky/Page_Dashboard/a_Thng tin ti khon' FAILED.&#xa;	at com.kms.katalon.core.webui.keyword.internal.WebUIKeywordMain.stepFailed(WebUIKeywordMain.groovy:64)&#xa;	at com.kms.katalon.core.webui.keyword.internal.WebUIKeywordMain.runKeyword(WebUIKeywordMain.groovy:26)&#xa;	at com.kms.katalon.core.webui.keyword.builtin.VerifyElementTextKeyword.verifyElementText(VerifyElementTextKeyword.groovy:72)&#xa;	at com.kms.katalon.core.webui.keyword.builtin.VerifyElementTextKeyword.execute(VerifyElementTextKeyword.groovy:40)&#xa;	at com.kms.katalon.core.keyword.internal.KeywordExecutor.executeKeywordForPlatform(KeywordExecutor.groovy:74)&#xa;	at com.kms.katalon.core.webui.keyword.WebUiBuiltInKeywords.verifyElementText(WebUiBuiltInKeywords.groovy:4835)&#xa;	at Dang Ky_TC1.run(Dang Ky_TC1:40)&#xa;	at com.kms.katalon.core.main.ScriptEngine.run(ScriptEngine.java:194)&#xa;	at com.kms.katalon.core.main.ScriptEngine.runScriptAsRawText(ScriptEngine.java:119)&#xa;	at com.kms.katalon.core.main.TestCaseExecutor.runScript(TestCaseExecutor.java:448)&#xa;	at com.kms.katalon.core.main.TestCaseExecutor.doExecute(TestCaseExecutor.java:439)&#xa;	at com.kms.katalon.core.main.TestCaseExecutor.processExecutionPhase(TestCaseExecutor.java:418)&#xa;	at com.kms.katalon.core.main.TestCaseExecutor.accessMainPhase(TestCaseExecutor.java:410)&#xa;	at com.kms.katalon.core.main.TestCaseExecutor.execute(TestCaseExecutor.java:285)&#xa;	at com.kms.katalon.core.common.CommonExecutor.accessTestCaseMainPhase(CommonExecutor.java:65)&#xa;	at com.kms.katalon.core.main.TestSuiteExecutor.accessTestSuiteMainPhase(TestSuiteExecutor.java:148)&#xa;	at com.kms.katalon.core.main.TestSuiteExecutor.execute(TestSuiteExecutor.java:106)&#xa;	at com.kms.katalon.core.main.TestCaseMain.startTestSuite(TestCaseMain.java:180)&#xa;	at TempTestSuite1714880705198.run(TempTestSuite1714880705198.groovy:35)&#xa;	at java.base/jdk.internal.reflect.NativeMethodAccessorImpl.invoke0(Native Method)&#xa;	at java.base/jdk.internal.reflect.NativeMethodAccessorImpl.invoke(NativeMethodAccessorImpl.java:77)&#xa;	at java.base/jdk.internal.reflect.DelegatingMethodAccessorImpl.invoke(DelegatingMethodAccessorImpl.java:43)&#xa;Caused by: com.kms.katalon.core.exception.StepFailedException: com.kms.katalon.core.webui.exception.WebElementNotFoundException: Web element with id: 'Object Repository/Dangky/Page_Dashboard/a_Thng tin ti khon' located by '//a[@id='account-dashboard-tab']' not found&#xa;	at com.kms.katalon.core.webui.keyword.internal.WebUIKeywordMain.stepFailed(WebUIKeywordMain.groovy:64)&#xa;	at com.kms.katalon.core.webui.keyword.builtin.VerifyElementTextKeyword$_verifyElementText_closure1.doCall(VerifyElementTextKeyword.groovy:64)&#xa;	at com.kms.katalon.core.webui.keyword.builtin.VerifyElementTextKeyword$_verifyElementText_closure1.call(VerifyElementTextKeyword.groovy)&#xa;	at com.kms.katalon.core.webui.keyword.internal.WebUIKeywordMain.runKeyword(WebUIKeywordMain.groovy:20)&#xa;	... 20 more&#xa;"/>
         <system-out><![CDATA[05-05-2024T10:45:09 - [TEST_CASE][FAILED] - Test Cases/Dangky/Dang Ky_TC1: Test Cases/Dangky/Dang Ky_TC1 FAILED.
Reason:
com.kms.katalon.core.exception.StepFailedException: Verify element text of test object 'Object Repository/Dangky/Page_Dashboard/a_Thng tin ti khon' FAILED.
	at com.kms.katalon.core.webui.keyword.internal.WebUIKeywordMain.stepFailed(WebUIKeywordMain.groovy:64)
	at com.kms.katalon.core.webui.keyword.internal.WebUIKeywordMain.runKeyword(WebUIKeywordMain.groovy:26)
	at com.kms.katalon.core.webui.keyword.builtin.VerifyElementTextKeyword.verifyElementText(VerifyElementTextKeyword.groovy:72)
	at com.kms.katalon.core.webui.keyword.builtin.VerifyElementTextKeyword.execute(VerifyElementTextKeyword.groovy:40)
	at com.kms.katalon.core.keyword.internal.KeywordExecutor.executeKeywordForPlatform(KeywordExecutor.groovy:74)
	at com.kms.katalon.core.webui.keyword.WebUiBuiltInKeywords.verifyElementText(WebUiBuiltInKeywords.groovy:4835)
	at Dang Ky_TC1.run(Dang Ky_TC1:40)
	at com.kms.katalon.core.main.ScriptEngine.run(ScriptEngine.java:194)
	at com.kms.katalon.core.main.ScriptEngine.runScriptAsRawText(ScriptEngine.java:119)
	at com.kms.katalon.core.main.TestCaseExecutor.runScript(TestCaseExecutor.java:448)
	at com.kms.katalon.core.main.TestCaseExecutor.doExecute(TestCaseExecutor.java:439)
	at com.kms.katalon.core.main.TestCaseExecutor.processExecutionPhase(TestCaseExecutor.java:418)
	at com.kms.katalon.core.main.TestCaseExecutor.accessMainPhase(TestCaseExecutor.java:410)
	at com.kms.katalon.core.main.TestCaseExecutor.execute(TestCaseExecutor.java:285)
	at com.kms.katalon.core.common.CommonExecutor.accessTestCaseMainPhase(CommonExecutor.java:65)
	at com.kms.katalon.core.main.TestSuiteExecutor.accessTestSuiteMainPhase(TestSuiteExecutor.java:148)
	at com.kms.katalon.core.main.TestSuiteExecutor.execute(TestSuiteExecutor.java:106)
	at com.kms.katalon.core.main.TestCaseMain.startTestSuite(TestCaseMain.java:180)
	at TempTestSuite1714880705198.run(TempTestSuite1714880705198.groovy:35)
	at java.base/jdk.internal.reflect.NativeMethodAccessorImpl.invoke0(Native Method)
	at java.base/jdk.internal.reflect.NativeMethodAccessorImpl.invoke(NativeMethodAccessorImpl.java:77)
	at java.base/jdk.internal.reflect.DelegatingMethodAccessorImpl.invoke(DelegatingMethodAccessorImpl.java:43)
Caused by: com.kms.katalon.core.exception.StepFailedException: com.kms.katalon.core.webui.exception.WebElementNotFoundException: Web element with id: 'Object Repository/Dangky/Page_Dashboard/a_Thng tin ti khon' located by '//a[@id='account-dashboard-tab']' not found
	at com.kms.katalon.core.webui.keyword.internal.WebUIKeywordMain.stepFailed(WebUIKeywordMain.groovy:64)
	at com.kms.katalon.core.webui.keyword.builtin.VerifyElementTextKeyword$_verifyElementText_closure1.doCall(VerifyElementTextKeyword.groovy:64)
	at com.kms.katalon.core.webui.keyword.builtin.VerifyElementTextKeyword$_verifyElementText_closure1.call(VerifyElementTextKeyword.groovy)
	at com.kms.katalon.core.webui.keyword.internal.WebUIKeywordMain.runKeyword(WebUIKeywordMain.groovy:20)
	... 20 more


05-05-2024T10:45:09 - [TEST_STEP][PASSED] - openBrowser("http://www.morricosmetics.somee.com/"): Browser is opened with url: 'http://www.morricosmetics.somee.com/'

05-05-2024T10:45:10 - [MESSAGE][INFO] - Starting 'Edge Chromium' driver

05-05-2024T10:45:12 - [MESSAGE][INFO] - Action delay is set to 0 milliseconds

05-05-2024T10:45:19 - [MESSAGE][PASSED] - Browser is opened with url: 'http://www.morricosmetics.somee.com/'

05-05-2024T10:45:19 - [TEST_STEP][PASSED] - click(findTestObject("Dangky/Page_Trang ch/i_Lin h nhanh_pe-7s-users")): Object: 'Object Repository/Dangky/Page_Trang ch/i_Lin h nhanh_pe-7s-users' is clicked on

05-05-2024T10:45:20 - [MESSAGE][PASSED] - Object: 'Object Repository/Dangky/Page_Trang ch/i_Lin h nhanh_pe-7s-users' is clicked on

05-05-2024T10:45:20 - [TEST_STEP][PASSED] - clickOffset(findTestObject("Dangky/Page_Trang ch/a_ng k ti khon"), 0, 0): Object: 'Object Repository/Dangky/Page_Trang ch/a_ng k ti khon' is clicked on using offset x=0 and y=0

05-05-2024T10:45:20 - [MESSAGE][PASSED] - Object: 'Object Repository/Dangky/Page_Trang ch/a_ng k ti khon' is clicked on using offset x=0 and y=0

05-05-2024T10:45:20 - [TEST_STEP][PASSED] - setText(findTestObject("Dangky/Page_ng k ti khon/input_H v Tn_FullName"), "Morri"): Text 'Morri' is set on object 'Object Repository/Dangky/Page_ng k ti khon/input_H v Tn_FullName'

05-05-2024T10:45:21 - [MESSAGE][PASSED] - Text 'Morri' is set on object 'Object Repository/Dangky/Page_ng k ti khon/input_H v Tn_FullName'

05-05-2024T10:45:21 - [TEST_STEP][PASSED] - setText(findTestObject("Dangky/Page_ng k ti khon/input_a ch Email_Email"), ""): Text '' is set on object 'Object Repository/Dangky/Page_ng k ti khon/input_a ch Email_Email'

05-05-2024T10:45:21 - [MESSAGE][PASSED] - Text '' is set on object 'Object Repository/Dangky/Page_ng k ti khon/input_a ch Email_Email'

05-05-2024T10:45:21 - [TEST_STEP][PASSED] - setText(findTestObject("Dangky/Page_ng k ti khon/input_S in thoi_Phone"), "0935626852"): Text '0935626852' is set on object 'Object Repository/Dangky/Page_ng k ti khon/input_S in thoi_Phone'

05-05-2024T10:45:21 - [MESSAGE][PASSED] - Text '0935626852' is set on object 'Object Repository/Dangky/Page_ng k ti khon/input_S in thoi_Phone'

05-05-2024T10:45:21 - [TEST_STEP][PASSED] - setText(findTestObject("Dangky/Page_ng k ti khon/input_Mt khu_Password"), "123456"): Text '123456' is set on object 'Object Repository/Dangky/Page_ng k ti khon/input_Mt khu_Password'

05-05-2024T10:45:21 - [MESSAGE][PASSED] - Text '123456' is set on object 'Object Repository/Dangky/Page_ng k ti khon/input_Mt khu_Password'

05-05-2024T10:45:21 - [TEST_STEP][PASSED] - setText(findTestObject("Dangky/Page_ng k ti khon/input_Nhp li mt khu_ConfirmPassword"), "123456"): Text '123456' is set on object 'Object Repository/Dangky/Page_ng k ti khon/input_Nhp li mt khu_ConfirmPassword'

05-05-2024T10:45:21 - [MESSAGE][PASSED] - Text '123456' is set on object 'Object Repository/Dangky/Page_ng k ti khon/input_Nhp li mt khu_ConfirmPassword'

05-05-2024T10:45:21 - [TEST_STEP][PASSED] - scrollToPosition(0, 750): Browser is scrolled to position x = 0, y = 750

05-05-2024T10:45:21 - [MESSAGE][PASSED] - Browser is scrolled to position x = 0, y = 750

05-05-2024T10:45:21 - [TEST_STEP][PASSED] - click(findTestObject("Dangky/Page_Trang ch/Page_ng k ti khon/button_ng k")): Object: 'Object Repository/Dangky/Page_Trang ch/Page_ng k ti khon/button_ng k' is clicked on

05-05-2024T10:45:22 - [MESSAGE][PASSED] - Object: 'Object Repository/Dangky/Page_Trang ch/Page_ng k ti khon/button_ng k' is clicked on

05-05-2024T10:45:22 - [TEST_STEP][FAILED] - verifyElementText(findTestObject("Dangky/Page_Dashboard/a_Thng tin ti khon"), "THÔNG TIN TÀI KHOẢN"): Verify element text of test object 'Object Repository/Dangky/Page_Dashboard/a_Thng tin ti khon' FAILED. (Root cause: com.kms.katalon.core.exception.StepFailedException: Verify element text of test object 'Object Repository/Dangky/Page_Dashboard/a_Thng tin ti khon' FAILED.
	at com.kms.katalon.core.webui.keyword.internal.WebUIKeywordMain.stepFailed(WebUIKeywordMain.groovy:64)
	at com.kms.katalon.core.webui.keyword.internal.WebUIKeywordMain.runKeyword(WebUIKeywordMain.groovy:26)
	at com.kms.katalon.core.webui.keyword.builtin.VerifyElementTextKeyword.verifyElementText(VerifyElementTextKeyword.groovy:72)
	at com.kms.katalon.core.webui.keyword.builtin.VerifyElementTextKeyword.execute(VerifyElementTextKeyword.groovy:40)
	at com.kms.katalon.core.keyword.internal.KeywordExecutor.executeKeywordForPlatform(KeywordExecutor.groovy:74)
	at com.kms.katalon.core.webui.keyword.WebUiBuiltInKeywords.verifyElementText(WebUiBuiltInKeywords.groovy:4835)
	at Dang Ky_TC1.run(Dang Ky_TC1:40)
	at com.kms.katalon.core.main.ScriptEngine.run(ScriptEngine.java:194)
	at com.kms.katalon.core.main.ScriptEngine.runScriptAsRawText(ScriptEngine.java:119)
	at com.kms.katalon.core.main.TestCaseExecutor.runScript(TestCaseExecutor.java:448)
	at com.kms.katalon.core.main.TestCaseExecutor.doExecute(TestCaseExecutor.java:439)
	at com.kms.katalon.core.main.TestCaseExecutor.processExecutionPhase(TestCaseExecutor.java:418)
	at com.kms.katalon.core.main.TestCaseExecutor.accessMainPhase(TestCaseExecutor.java:410)
	at com.kms.katalon.core.main.TestCaseExecutor.execute(TestCaseExecutor.java:285)
	at com.kms.katalon.core.common.CommonExecutor.accessTestCaseMainPhase(CommonExecutor.java:65)
	at com.kms.katalon.core.main.TestSuiteExecutor.accessTestSuiteMainPhase(TestSuiteExecutor.java:148)
	at com.kms.katalon.core.main.TestSuiteExecutor.execute(TestSuiteExecutor.java:106)
	at com.kms.katalon.core.main.TestCaseMain.startTestSuite(TestCaseMain.java:180)
	at TempTestSuite1714880705198.run(TempTestSuite1714880705198.groovy:35)
	at java.base/jdk.internal.reflect.NativeMethodAccessorImpl.invoke0(Native Method)
	at java.base/jdk.internal.reflect.NativeMethodAccessorImpl.invoke(NativeMethodAccessorImpl.java:77)
	at java.base/jdk.internal.reflect.DelegatingMethodAccessorImpl.invoke(DelegatingMethodAccessorImpl.java:43)
Caused by: com.kms.katalon.core.exception.StepFailedException: com.kms.katalon.core.webui.exception.WebElementNotFoundException: Web element with id: 'Object Repository/Dangky/Page_Dashboard/a_Thng tin ti khon' located by '//a[@id='account-dashboard-tab']' not found
	at com.kms.katalon.core.webui.keyword.internal.WebUIKeywordMain.stepFailed(WebUIKeywordMain.groovy:64)
	at com.kms.katalon.core.webui.keyword.builtin.VerifyElementTextKeyword$_verifyElementText_closure1.doCall(VerifyElementTextKeyword.groovy:64)
	at com.kms.katalon.core.webui.keyword.builtin.VerifyElementTextKeyword$_verifyElementText_closure1.call(VerifyElementTextKeyword.groovy)
	at com.kms.katalon.core.webui.keyword.internal.WebUIKeywordMain.runKeyword(WebUIKeywordMain.groovy:20)
	... 20 more
)

05-05-2024T10:45:53 - [MESSAGE][INFO] - Unable to find the element located by 'By.xpath: //a[@id='account-dashboard-tab']'. Please recheck the objects properties to make sure the desired element is located. 

05-05-2024T10:45:53 - [MESSAGE][FAILED] - com.kms.katalon.core.webui.exception.WebElementNotFoundException: Web element with id: 'Object Repository/Dangky/Page_Dashboard/a_Thng tin ti khon' located by '//a[@id='account-dashboard-tab']' not found (Root cause: com.kms.katalon.core.exception.StepFailedException: com.kms.katalon.core.webui.exception.WebElementNotFoundException: Web element with id: 'Object Repository/Dangky/Page_Dashboard/a_Thng tin ti khon' located by '//a[@id='account-dashboard-tab']' not found
	at com.kms.katalon.core.webui.keyword.internal.WebUIKeywordMain.stepFailed(WebUIKeywordMain.groovy:64)
	at com.kms.katalon.core.webui.keyword.builtin.VerifyElementTextKeyword$_verifyElementText_closure1.doCall(VerifyElementTextKeyword.groovy:64)
	at com.kms.katalon.core.webui.keyword.builtin.VerifyElementTextKeyword$_verifyElementText_closure1.call(VerifyElementTextKeyword.groovy)
	at com.kms.katalon.core.webui.keyword.internal.WebUIKeywordMain.runKeyword(WebUIKeywordMain.groovy:20)
	at com.kms.katalon.core.webui.keyword.builtin.VerifyElementTextKeyword.verifyElementText(VerifyElementTextKeyword.groovy:72)
	at com.kms.katalon.core.webui.keyword.builtin.VerifyElementTextKeyword.execute(VerifyElementTextKeyword.groovy:40)
	at com.kms.katalon.core.keyword.internal.KeywordExecutor.executeKeywordForPlatform(KeywordExecutor.groovy:74)
	at com.kms.katalon.core.webui.keyword.WebUiBuiltInKeywords.verifyElementText(WebUiBuiltInKeywords.groovy:4835)
	at Dang Ky_TC1.run(Dang Ky_TC1:40)
	at com.kms.katalon.core.main.ScriptEngine.run(ScriptEngine.java:194)
	at com.kms.katalon.core.main.ScriptEngine.runScriptAsRawText(ScriptEngine.java:119)
	at com.kms.katalon.core.main.TestCaseExecutor.runScript(TestCaseExecutor.java:448)
	at com.kms.katalon.core.main.TestCaseExecutor.doExecute(TestCaseExecutor.java:439)
	at com.kms.katalon.core.main.TestCaseExecutor.processExecutionPhase(TestCaseExecutor.java:418)
	at com.kms.katalon.core.main.TestCaseExecutor.accessMainPhase(TestCaseExecutor.java:410)
	at com.kms.katalon.core.main.TestCaseExecutor.execute(TestCaseExecutor.java:285)
	at com.kms.katalon.core.common.CommonExecutor.accessTestCaseMainPhase(CommonExecutor.java:65)
	at com.kms.katalon.core.main.TestSuiteExecutor.accessTestSuiteMainPhase(TestSuiteExecutor.java:148)
	at com.kms.katalon.core.main.TestSuiteExecutor.execute(TestSuiteExecutor.java:106)
	at com.kms.katalon.core.main.TestCaseMain.startTestSuite(TestCaseMain.java:180)
	at TempTestSuite1714880705198.run(TempTestSuite1714880705198.groovy:35)
	at java.base/jdk.internal.reflect.NativeMethodAccessorImpl.invoke0(Native Method)
	at java.base/jdk.internal.reflect.NativeMethodAccessorImpl.invoke(NativeMethodAccessorImpl.java:77)
	at java.base/jdk.internal.reflect.DelegatingMethodAccessorImpl.invoke(DelegatingMethodAccessorImpl.java:43)
)
[[ATTACHMENT|C:\\Users\\84336\\git\\Final_TestMorriWeb\\Reports\\20240505_104505\\Dangky\\20240505_104505\\1714880753710.png]]

05-05-2024T10:45:53 - [MESSAGE][FAILED] - Verify element text of test object 'Object Repository/Dangky/Page_Dashboard/a_Thng tin ti khon' FAILED. (Root cause: com.kms.katalon.core.exception.StepFailedException: Verify element text of test object 'Object Repository/Dangky/Page_Dashboard/a_Thng tin ti khon' FAILED.
	at com.kms.katalon.core.webui.keyword.internal.WebUIKeywordMain.stepFailed(WebUIKeywordMain.groovy:64)
	at com.kms.katalon.core.webui.keyword.internal.WebUIKeywordMain.runKeyword(WebUIKeywordMain.groovy:26)
	at com.kms.katalon.core.webui.keyword.builtin.VerifyElementTextKeyword.verifyElementText(VerifyElementTextKeyword.groovy:72)
	at com.kms.katalon.core.webui.keyword.builtin.VerifyElementTextKeyword.execute(VerifyElementTextKeyword.groovy:40)
	at com.kms.katalon.core.keyword.internal.KeywordExecutor.executeKeywordForPlatform(KeywordExecutor.groovy:74)
	at com.kms.katalon.core.webui.keyword.WebUiBuiltInKeywords.verifyElementText(WebUiBuiltInKeywords.groovy:4835)
	at Dang Ky_TC1.run(Dang Ky_TC1:40)
	at com.kms.katalon.core.main.ScriptEngine.run(ScriptEngine.java:194)
	at com.kms.katalon.core.main.ScriptEngine.runScriptAsRawText(ScriptEngine.java:119)
	at com.kms.katalon.core.main.TestCaseExecutor.runScript(TestCaseExecutor.java:448)
	at com.kms.katalon.core.main.TestCaseExecutor.doExecute(TestCaseExecutor.java:439)
	at com.kms.katalon.core.main.TestCaseExecutor.processExecutionPhase(TestCaseExecutor.java:418)
	at com.kms.katalon.core.main.TestCaseExecutor.accessMainPhase(TestCaseExecutor.java:410)
	at com.kms.katalon.core.main.TestCaseExecutor.execute(TestCaseExecutor.java:285)
	at com.kms.katalon.core.common.CommonExecutor.accessTestCaseMainPhase(CommonExecutor.java:65)
	at com.kms.katalon.core.main.TestSuiteExecutor.accessTestSuiteMainPhase(TestSuiteExecutor.java:148)
	at com.kms.katalon.core.main.TestSuiteExecutor.execute(TestSuiteExecutor.java:106)
	at com.kms.katalon.core.main.TestCaseMain.startTestSuite(TestCaseMain.java:180)
	at TempTestSuite1714880705198.run(TempTestSuite1714880705198.groovy:35)
	at java.base/jdk.internal.reflect.NativeMethodAccessorImpl.invoke0(Native Method)
	at java.base/jdk.internal.reflect.NativeMethodAccessorImpl.invoke(NativeMethodAccessorImpl.java:77)
	at java.base/jdk.internal.reflect.DelegatingMethodAccessorImpl.invoke(DelegatingMethodAccessorImpl.java:43)
Caused by: com.kms.katalon.core.exception.StepFailedException: com.kms.katalon.core.webui.exception.WebElementNotFoundException: Web element with id: 'Object Repository/Dangky/Page_Dashboard/a_Thng tin ti khon' located by '//a[@id='account-dashboard-tab']' not found
	at com.kms.katalon.core.webui.keyword.internal.WebUIKeywordMain.stepFailed(WebUIKeywordMain.groovy:64)
	at com.kms.katalon.core.webui.keyword.builtin.VerifyElementTextKeyword$_verifyElementText_closure1.doCall(VerifyElementTextKeyword.groovy:64)
	at com.kms.katalon.core.webui.keyword.builtin.VerifyElementTextKeyword$_verifyElementText_closure1.call(VerifyElementTextKeyword.groovy)
	at com.kms.katalon.core.webui.keyword.internal.WebUIKeywordMain.runKeyword(WebUIKeywordMain.groovy:20)
	... 20 more
)
[[ATTACHMENT|C:\\Users\\84336\\git\\Final_TestMorriWeb\\Reports\\20240505_104505\\Dangky\\20240505_104505\\1714880753865.png]]]]></system-out>
         <system-err><![CDATA[05-05-2024T10:45:09 - [TEST_CASE][FAILED] - Test Cases/Dangky/Dang Ky_TC1: Test Cases/Dangky/Dang Ky_TC1 FAILED.
Reason:
com.kms.katalon.core.exception.StepFailedException: Verify element text of test object 'Object Repository/Dangky/Page_Dashboard/a_Thng tin ti khon' FAILED.
	at com.kms.katalon.core.webui.keyword.internal.WebUIKeywordMain.stepFailed(WebUIKeywordMain.groovy:64)
	at com.kms.katalon.core.webui.keyword.internal.WebUIKeywordMain.runKeyword(WebUIKeywordMain.groovy:26)
	at com.kms.katalon.core.webui.keyword.builtin.VerifyElementTextKeyword.verifyElementText(VerifyElementTextKeyword.groovy:72)
	at com.kms.katalon.core.webui.keyword.builtin.VerifyElementTextKeyword.execute(VerifyElementTextKeyword.groovy:40)
	at com.kms.katalon.core.keyword.internal.KeywordExecutor.executeKeywordForPlatform(KeywordExecutor.groovy:74)
	at com.kms.katalon.core.webui.keyword.WebUiBuiltInKeywords.verifyElementText(WebUiBuiltInKeywords.groovy:4835)
	at Dang Ky_TC1.run(Dang Ky_TC1:40)
	at com.kms.katalon.core.main.ScriptEngine.run(ScriptEngine.java:194)
	at com.kms.katalon.core.main.ScriptEngine.runScriptAsRawText(ScriptEngine.java:119)
	at com.kms.katalon.core.main.TestCaseExecutor.runScript(TestCaseExecutor.java:448)
	at com.kms.katalon.core.main.TestCaseExecutor.doExecute(TestCaseExecutor.java:439)
	at com.kms.katalon.core.main.TestCaseExecutor.processExecutionPhase(TestCaseExecutor.java:418)
	at com.kms.katalon.core.main.TestCaseExecutor.accessMainPhase(TestCaseExecutor.java:410)
	at com.kms.katalon.core.main.TestCaseExecutor.execute(TestCaseExecutor.java:285)
	at com.kms.katalon.core.common.CommonExecutor.accessTestCaseMainPhase(CommonExecutor.java:65)
	at com.kms.katalon.core.main.TestSuiteExecutor.accessTestSuiteMainPhase(TestSuiteExecutor.java:148)
	at com.kms.katalon.core.main.TestSuiteExecutor.execute(TestSuiteExecutor.java:106)
	at com.kms.katalon.core.main.TestCaseMain.startTestSuite(TestCaseMain.java:180)
	at TempTestSuite1714880705198.run(TempTestSuite1714880705198.groovy:35)
	at java.base/jdk.internal.reflect.NativeMethodAccessorImpl.invoke0(Native Method)
	at java.base/jdk.internal.reflect.NativeMethodAccessorImpl.invoke(NativeMethodAccessorImpl.java:77)
	at java.base/jdk.internal.reflect.DelegatingMethodAccessorImpl.invoke(DelegatingMethodAccessorImpl.java:43)
Caused by: com.kms.katalon.core.exception.StepFailedException: com.kms.katalon.core.webui.exception.WebElementNotFoundException: Web element with id: 'Object Repository/Dangky/Page_Dashboard/a_Thng tin ti khon' located by '//a[@id='account-dashboard-tab']' not found
	at com.kms.katalon.core.webui.keyword.internal.WebUIKeywordMain.stepFailed(WebUIKeywordMain.groovy:64)
	at com.kms.katalon.core.webui.keyword.builtin.VerifyElementTextKeyword$_verifyElementText_closure1.doCall(VerifyElementTextKeyword.groovy:64)
	at com.kms.katalon.core.webui.keyword.builtin.VerifyElementTextKeyword$_verifyElementText_closure1.call(VerifyElementTextKeyword.groovy)
	at com.kms.katalon.core.webui.keyword.internal.WebUIKeywordMain.runKeyword(WebUIKeywordMain.groovy:20)
	... 20 more]]></system-err>
      </testcase>
      <testcase name="Test Cases/Dangky/Dang Ky_TC10" time="42.372" classname="Test Cases/Dangky/Dang Ky_TC10" status="FAILED">
         <failure type="FAILED" message="Test Cases/Dangky/Dang Ky_TC10 FAILED.&#xa;Reason:&#xa;com.kms.katalon.core.exception.StepFailedException: Verify element text of test object 'Object Repository/Dangky/Page_Dashboard/a_Thng tin ti khon' FAILED.&#xa;	at com.kms.katalon.core.webui.keyword.internal.WebUIKeywordMain.stepFailed(WebUIKeywordMain.groovy:64)&#xa;	at com.kms.katalon.core.webui.keyword.internal.WebUIKeywordMain.runKeyword(WebUIKeywordMain.groovy:26)&#xa;	at com.kms.katalon.core.webui.keyword.builtin.VerifyElementTextKeyword.verifyElementText(VerifyElementTextKeyword.groovy:72)&#xa;	at com.kms.katalon.core.webui.keyword.builtin.VerifyElementTextKeyword.execute(VerifyElementTextKeyword.groovy:40)&#xa;	at com.kms.katalon.core.keyword.internal.KeywordExecutor.executeKeywordForPlatform(KeywordExecutor.groovy:74)&#xa;	at com.kms.katalon.core.webui.keyword.WebUiBuiltInKeywords.verifyElementText(WebUiBuiltInKeywords.groovy:4835)&#xa;	at Dang Ky_TC10.run(Dang Ky_TC10:42)&#xa;	at com.kms.katalon.core.main.ScriptEngine.run(ScriptEngine.java:194)&#xa;	at com.kms.katalon.core.main.ScriptEngine.runScriptAsRawText(ScriptEngine.java:119)&#xa;	at com.kms.katalon.core.main.TestCaseExecutor.runScript(TestCaseExecutor.java:448)&#xa;	at com.kms.katalon.core.main.TestCaseExecutor.doExecute(TestCaseExecutor.java:439)&#xa;	at com.kms.katalon.core.main.TestCaseExecutor.processExecutionPhase(TestCaseExecutor.java:418)&#xa;	at com.kms.katalon.core.main.TestCaseExecutor.accessMainPhase(TestCaseExecutor.java:410)&#xa;	at com.kms.katalon.core.main.TestCaseExecutor.execute(TestCaseExecutor.java:285)&#xa;	at com.kms.katalon.core.common.CommonExecutor.accessTestCaseMainPhase(CommonExecutor.java:65)&#xa;	at com.kms.katalon.core.main.TestSuiteExecutor.accessTestSuiteMainPhase(TestSuiteExecutor.java:148)&#xa;	at com.kms.katalon.core.main.TestSuiteExecutor.execute(TestSuiteExecutor.java:106)&#xa;	at com.kms.katalon.core.main.TestCaseMain.startTestSuite(TestCaseMain.java:180)&#xa;	at TempTestSuite1714880705198.run(TempTestSuite1714880705198.groovy:35)&#xa;	at java.base/jdk.internal.reflect.NativeMethodAccessorImpl.invoke0(Native Method)&#xa;	at java.base/jdk.internal.reflect.NativeMethodAccessorImpl.invoke(NativeMethodAccessorImpl.java:77)&#xa;	at java.base/jdk.internal.reflect.DelegatingMethodAccessorImpl.invoke(DelegatingMethodAccessorImpl.java:43)&#xa;Caused by: com.kms.katalon.core.exception.StepFailedException: com.kms.katalon.core.webui.exception.WebElementNotFoundException: Web element with id: 'Object Repository/Dangky/Page_Dashboard/a_Thng tin ti khon' located by '//a[@id='account-dashboard-tab']' not found&#xa;	at com.kms.katalon.core.webui.keyword.internal.WebUIKeywordMain.stepFailed(WebUIKeywordMain.groovy:64)&#xa;	at com.kms.katalon.core.webui.keyword.builtin.VerifyElementTextKeyword$_verifyElementText_closure1.doCall(VerifyElementTextKeyword.groovy:64)&#xa;	at com.kms.katalon.core.webui.keyword.builtin.VerifyElementTextKeyword$_verifyElementText_closure1.call(VerifyElementTextKeyword.groovy)&#xa;	at com.kms.katalon.core.webui.keyword.internal.WebUIKeywordMain.runKeyword(WebUIKeywordMain.groovy:20)&#xa;	... 20 more&#xa;"/>
         <system-out><![CDATA[05-05-2024T10:45:53 - [TEST_CASE][FAILED] - Test Cases/Dangky/Dang Ky_TC10: Test Cases/Dangky/Dang Ky_TC10 FAILED.
Reason:
com.kms.katalon.core.exception.StepFailedException: Verify element text of test object 'Object Repository/Dangky/Page_Dashboard/a_Thng tin ti khon' FAILED.
	at com.kms.katalon.core.webui.keyword.internal.WebUIKeywordMain.stepFailed(WebUIKeywordMain.groovy:64)
	at com.kms.katalon.core.webui.keyword.internal.WebUIKeywordMain.runKeyword(WebUIKeywordMain.groovy:26)
	at com.kms.katalon.core.webui.keyword.builtin.VerifyElementTextKeyword.verifyElementText(VerifyElementTextKeyword.groovy:72)
	at com.kms.katalon.core.webui.keyword.builtin.VerifyElementTextKeyword.execute(VerifyElementTextKeyword.groovy:40)
	at com.kms.katalon.core.keyword.internal.KeywordExecutor.executeKeywordForPlatform(KeywordExecutor.groovy:74)
	at com.kms.katalon.core.webui.keyword.WebUiBuiltInKeywords.verifyElementText(WebUiBuiltInKeywords.groovy:4835)
	at Dang Ky_TC10.run(Dang Ky_TC10:42)
	at com.kms.katalon.core.main.ScriptEngine.run(ScriptEngine.java:194)
	at com.kms.katalon.core.main.ScriptEngine.runScriptAsRawText(ScriptEngine.java:119)
	at com.kms.katalon.core.main.TestCaseExecutor.runScript(TestCaseExecutor.java:448)
	at com.kms.katalon.core.main.TestCaseExecutor.doExecute(TestCaseExecutor.java:439)
	at com.kms.katalon.core.main.TestCaseExecutor.processExecutionPhase(TestCaseExecutor.java:418)
	at com.kms.katalon.core.main.TestCaseExecutor.accessMainPhase(TestCaseExecutor.java:410)
	at com.kms.katalon.core.main.TestCaseExecutor.execute(TestCaseExecutor.java:285)
	at com.kms.katalon.core.common.CommonExecutor.accessTestCaseMainPhase(CommonExecutor.java:65)
	at com.kms.katalon.core.main.TestSuiteExecutor.accessTestSuiteMainPhase(TestSuiteExecutor.java:148)
	at com.kms.katalon.core.main.TestSuiteExecutor.execute(TestSuiteExecutor.java:106)
	at com.kms.katalon.core.main.TestCaseMain.startTestSuite(TestCaseMain.java:180)
	at TempTestSuite1714880705198.run(TempTestSuite1714880705198.groovy:35)
	at java.base/jdk.internal.reflect.NativeMethodAccessorImpl.invoke0(Native Method)
	at java.base/jdk.internal.reflect.NativeMethodAccessorImpl.invoke(NativeMethodAccessorImpl.java:77)
	at java.base/jdk.internal.reflect.DelegatingMethodAccessorImpl.invoke(DelegatingMethodAccessorImpl.java:43)
Caused by: com.kms.katalon.core.exception.StepFailedException: com.kms.katalon.core.webui.exception.WebElementNotFoundException: Web element with id: 'Object Repository/Dangky/Page_Dashboard/a_Thng tin ti khon' located by '//a[@id='account-dashboard-tab']' not found
	at com.kms.katalon.core.webui.keyword.internal.WebUIKeywordMain.stepFailed(WebUIKeywordMain.groovy:64)
	at com.kms.katalon.core.webui.keyword.builtin.VerifyElementTextKeyword$_verifyElementText_closure1.doCall(VerifyElementTextKeyword.groovy:64)
	at com.kms.katalon.core.webui.keyword.builtin.VerifyElementTextKeyword$_verifyElementText_closure1.call(VerifyElementTextKeyword.groovy)
	at com.kms.katalon.core.webui.keyword.internal.WebUIKeywordMain.runKeyword(WebUIKeywordMain.groovy:20)
	... 20 more


05-05-2024T10:45:54 - [TEST_STEP][PASSED] - openBrowser("http://www.morricosmetics.somee.com/"): Browser is opened with url: 'http://www.morricosmetics.somee.com/'

05-05-2024T10:45:54 - [MESSAGE][WARNING] - A browser is already opened. Closing browser and opening a new one

05-05-2024T10:45:54 - [MESSAGE][INFO] - Starting 'Edge Chromium' driver

05-05-2024T10:45:56 - [MESSAGE][INFO] - Action delay is set to 0 milliseconds

05-05-2024T10:46:02 - [MESSAGE][PASSED] - Browser is opened with url: 'http://www.morricosmetics.somee.com/'

05-05-2024T10:46:02 - [TEST_STEP][PASSED] - maximizeWindow(): Current window maximized

05-05-2024T10:46:02 - [MESSAGE][PASSED] - Current window maximized

05-05-2024T10:46:02 - [TEST_STEP][PASSED] - click(findTestObject("Dangky/Page_Trang ch/i_Lin h nhanh_pe-7s-users")): Object: 'Object Repository/Dangky/Page_Trang ch/i_Lin h nhanh_pe-7s-users' is clicked on

05-05-2024T10:46:03 - [MESSAGE][PASSED] - Object: 'Object Repository/Dangky/Page_Trang ch/i_Lin h nhanh_pe-7s-users' is clicked on

05-05-2024T10:46:03 - [TEST_STEP][PASSED] - clickOffset(findTestObject("Dangky/Page_Trang ch/a_ng k ti khon"), 0, 0): Object: 'Object Repository/Dangky/Page_Trang ch/a_ng k ti khon' is clicked on using offset x=0 and y=0

05-05-2024T10:46:04 - [MESSAGE][PASSED] - Object: 'Object Repository/Dangky/Page_Trang ch/a_ng k ti khon' is clicked on using offset x=0 and y=0

05-05-2024T10:46:04 - [TEST_STEP][PASSED] - setText(findTestObject("Dangky/Page_ng k ti khon/input_H v Tn_FullName"), "Morri"): Text 'Morri' is set on object 'Object Repository/Dangky/Page_ng k ti khon/input_H v Tn_FullName'

05-05-2024T10:46:04 - [MESSAGE][PASSED] - Text 'Morri' is set on object 'Object Repository/Dangky/Page_ng k ti khon/input_H v Tn_FullName'

05-05-2024T10:46:04 - [TEST_STEP][PASSED] - setText(findTestObject("Dangky/Page_ng k ti khon/input_a ch Email_Email"), "morritestgmail.com"): Text 'morritestgmail.com' is set on object 'Object Repository/Dangky/Page_ng k ti khon/input_a ch Email_Email'

05-05-2024T10:46:04 - [MESSAGE][PASSED] - Text 'morritestgmail.com' is set on object 'Object Repository/Dangky/Page_ng k ti khon/input_a ch Email_Email'

05-05-2024T10:46:04 - [TEST_STEP][PASSED] - setText(findTestObject("Dangky/Page_ng k ti khon/input_S in thoi_Phone"), "0935626852"): Text '0935626852' is set on object 'Object Repository/Dangky/Page_ng k ti khon/input_S in thoi_Phone'

05-05-2024T10:46:04 - [MESSAGE][PASSED] - Text '0935626852' is set on object 'Object Repository/Dangky/Page_ng k ti khon/input_S in thoi_Phone'

05-05-2024T10:46:04 - [TEST_STEP][PASSED] - setText(findTestObject("Dangky/Page_ng k ti khon/input_Mt khu_Password"), "123456"): Text '123456' is set on object 'Object Repository/Dangky/Page_ng k ti khon/input_Mt khu_Password'

05-05-2024T10:46:04 - [MESSAGE][PASSED] - Text '123456' is set on object 'Object Repository/Dangky/Page_ng k ti khon/input_Mt khu_Password'

05-05-2024T10:46:04 - [TEST_STEP][PASSED] - setText(findTestObject("Dangky/Page_ng k ti khon/input_Nhp li mt khu_ConfirmPassword"), "123456"): Text '123456' is set on object 'Object Repository/Dangky/Page_ng k ti khon/input_Nhp li mt khu_ConfirmPassword'

05-05-2024T10:46:04 - [MESSAGE][PASSED] - Text '123456' is set on object 'Object Repository/Dangky/Page_ng k ti khon/input_Nhp li mt khu_ConfirmPassword'

05-05-2024T10:46:04 - [TEST_STEP][PASSED] - scrollToPosition(0, 750): Browser is scrolled to position x = 0, y = 750

05-05-2024T10:46:04 - [MESSAGE][PASSED] - Browser is scrolled to position x = 0, y = 750

05-05-2024T10:46:04 - [TEST_STEP][PASSED] - waitForElementClickable(findTestObject("Dangky/Page_Trang ch/Page_ng k ti khon/button_ng k"), 0): Object 'Object Repository/Dangky/Page_Trang ch/Page_ng k ti khon/button_ng k' is clickable

05-05-2024T10:46:04 - [MESSAGE][WARNING] - Timeout '0' is invalid. Using default page load timeout: '30'

05-05-2024T10:46:04 - [MESSAGE][PASSED] - Object 'Object Repository/Dangky/Page_Trang ch/Page_ng k ti khon/button_ng k' is clickable

05-05-2024T10:46:04 - [TEST_STEP][FAILED] - verifyElementText(findTestObject("Dangky/Page_Dashboard/a_Thng tin ti khon"), "THÔNG TIN TÀI KHOẢN"): Verify element text of test object 'Object Repository/Dangky/Page_Dashboard/a_Thng tin ti khon' FAILED. (Root cause: com.kms.katalon.core.exception.StepFailedException: Verify element text of test object 'Object Repository/Dangky/Page_Dashboard/a_Thng tin ti khon' FAILED.
	at com.kms.katalon.core.webui.keyword.internal.WebUIKeywordMain.stepFailed(WebUIKeywordMain.groovy:64)
	at com.kms.katalon.core.webui.keyword.internal.WebUIKeywordMain.runKeyword(WebUIKeywordMain.groovy:26)
	at com.kms.katalon.core.webui.keyword.builtin.VerifyElementTextKeyword.verifyElementText(VerifyElementTextKeyword.groovy:72)
	at com.kms.katalon.core.webui.keyword.builtin.VerifyElementTextKeyword.execute(VerifyElementTextKeyword.groovy:40)
	at com.kms.katalon.core.keyword.internal.KeywordExecutor.executeKeywordForPlatform(KeywordExecutor.groovy:74)
	at com.kms.katalon.core.webui.keyword.WebUiBuiltInKeywords.verifyElementText(WebUiBuiltInKeywords.groovy:4835)
	at Dang Ky_TC10.run(Dang Ky_TC10:42)
	at com.kms.katalon.core.main.ScriptEngine.run(ScriptEngine.java:194)
	at com.kms.katalon.core.main.ScriptEngine.runScriptAsRawText(ScriptEngine.java:119)
	at com.kms.katalon.core.main.TestCaseExecutor.runScript(TestCaseExecutor.java:448)
	at com.kms.katalon.core.main.TestCaseExecutor.doExecute(TestCaseExecutor.java:439)
	at com.kms.katalon.core.main.TestCaseExecutor.processExecutionPhase(TestCaseExecutor.java:418)
	at com.kms.katalon.core.main.TestCaseExecutor.accessMainPhase(TestCaseExecutor.java:410)
	at com.kms.katalon.core.main.TestCaseExecutor.execute(TestCaseExecutor.java:285)
	at com.kms.katalon.core.common.CommonExecutor.accessTestCaseMainPhase(CommonExecutor.java:65)
	at com.kms.katalon.core.main.TestSuiteExecutor.accessTestSuiteMainPhase(TestSuiteExecutor.java:148)
	at com.kms.katalon.core.main.TestSuiteExecutor.execute(TestSuiteExecutor.java:106)
	at com.kms.katalon.core.main.TestCaseMain.startTestSuite(TestCaseMain.java:180)
	at TempTestSuite1714880705198.run(TempTestSuite1714880705198.groovy:35)
	at java.base/jdk.internal.reflect.NativeMethodAccessorImpl.invoke0(Native Method)
	at java.base/jdk.internal.reflect.NativeMethodAccessorImpl.invoke(NativeMethodAccessorImpl.java:77)
	at java.base/jdk.internal.reflect.DelegatingMethodAccessorImpl.invoke(DelegatingMethodAccessorImpl.java:43)
Caused by: com.kms.katalon.core.exception.StepFailedException: com.kms.katalon.core.webui.exception.WebElementNotFoundException: Web element with id: 'Object Repository/Dangky/Page_Dashboard/a_Thng tin ti khon' located by '//a[@id='account-dashboard-tab']' not found
	at com.kms.katalon.core.webui.keyword.internal.WebUIKeywordMain.stepFailed(WebUIKeywordMain.groovy:64)
	at com.kms.katalon.core.webui.keyword.builtin.VerifyElementTextKeyword$_verifyElementText_closure1.doCall(VerifyElementTextKeyword.groovy:64)
	at com.kms.katalon.core.webui.keyword.builtin.VerifyElementTextKeyword$_verifyElementText_closure1.call(VerifyElementTextKeyword.groovy)
	at com.kms.katalon.core.webui.keyword.internal.WebUIKeywordMain.runKeyword(WebUIKeywordMain.groovy:20)
	... 20 more
)

05-05-2024T10:46:35 - [MESSAGE][INFO] - Unable to find the element located by 'By.xpath: //a[@id='account-dashboard-tab']'. Please recheck the objects properties to make sure the desired element is located. 

05-05-2024T10:46:36 - [MESSAGE][FAILED] - com.kms.katalon.core.webui.exception.WebElementNotFoundException: Web element with id: 'Object Repository/Dangky/Page_Dashboard/a_Thng tin ti khon' located by '//a[@id='account-dashboard-tab']' not found (Root cause: com.kms.katalon.core.exception.StepFailedException: com.kms.katalon.core.webui.exception.WebElementNotFoundException: Web element with id: 'Object Repository/Dangky/Page_Dashboard/a_Thng tin ti khon' located by '//a[@id='account-dashboard-tab']' not found
	at com.kms.katalon.core.webui.keyword.internal.WebUIKeywordMain.stepFailed(WebUIKeywordMain.groovy:64)
	at com.kms.katalon.core.webui.keyword.builtin.VerifyElementTextKeyword$_verifyElementText_closure1.doCall(VerifyElementTextKeyword.groovy:64)
	at com.kms.katalon.core.webui.keyword.builtin.VerifyElementTextKeyword$_verifyElementText_closure1.call(VerifyElementTextKeyword.groovy)
	at com.kms.katalon.core.webui.keyword.internal.WebUIKeywordMain.runKeyword(WebUIKeywordMain.groovy:20)
	at com.kms.katalon.core.webui.keyword.builtin.VerifyElementTextKeyword.verifyElementText(VerifyElementTextKeyword.groovy:72)
	at com.kms.katalon.core.webui.keyword.builtin.VerifyElementTextKeyword.execute(VerifyElementTextKeyword.groovy:40)
	at com.kms.katalon.core.keyword.internal.KeywordExecutor.executeKeywordForPlatform(KeywordExecutor.groovy:74)
	at com.kms.katalon.core.webui.keyword.WebUiBuiltInKeywords.verifyElementText(WebUiBuiltInKeywords.groovy:4835)
	at Dang Ky_TC10.run(Dang Ky_TC10:42)
	at com.kms.katalon.core.main.ScriptEngine.run(ScriptEngine.java:194)
	at com.kms.katalon.core.main.ScriptEngine.runScriptAsRawText(ScriptEngine.java:119)
	at com.kms.katalon.core.main.TestCaseExecutor.runScript(TestCaseExecutor.java:448)
	at com.kms.katalon.core.main.TestCaseExecutor.doExecute(TestCaseExecutor.java:439)
	at com.kms.katalon.core.main.TestCaseExecutor.processExecutionPhase(TestCaseExecutor.java:418)
	at com.kms.katalon.core.main.TestCaseExecutor.accessMainPhase(TestCaseExecutor.java:410)
	at com.kms.katalon.core.main.TestCaseExecutor.execute(TestCaseExecutor.java:285)
	at com.kms.katalon.core.common.CommonExecutor.accessTestCaseMainPhase(CommonExecutor.java:65)
	at com.kms.katalon.core.main.TestSuiteExecutor.accessTestSuiteMainPhase(TestSuiteExecutor.java:148)
	at com.kms.katalon.core.main.TestSuiteExecutor.execute(TestSuiteExecutor.java:106)
	at com.kms.katalon.core.main.TestCaseMain.startTestSuite(TestCaseMain.java:180)
	at TempTestSuite1714880705198.run(TempTestSuite1714880705198.groovy:35)
	at java.base/jdk.internal.reflect.NativeMethodAccessorImpl.invoke0(Native Method)
	at java.base/jdk.internal.reflect.NativeMethodAccessorImpl.invoke(NativeMethodAccessorImpl.java:77)
	at java.base/jdk.internal.reflect.DelegatingMethodAccessorImpl.invoke(DelegatingMethodAccessorImpl.java:43)
)
[[ATTACHMENT|C:\\Users\\84336\\git\\Final_TestMorriWeb\\Reports\\20240505_104505\\Dangky\\20240505_104505\\1714880795996.png]]

05-05-2024T10:46:36 - [MESSAGE][FAILED] - Verify element text of test object 'Object Repository/Dangky/Page_Dashboard/a_Thng tin ti khon' FAILED. (Root cause: com.kms.katalon.core.exception.StepFailedException: Verify element text of test object 'Object Repository/Dangky/Page_Dashboard/a_Thng tin ti khon' FAILED.
	at com.kms.katalon.core.webui.keyword.internal.WebUIKeywordMain.stepFailed(WebUIKeywordMain.groovy:64)
	at com.kms.katalon.core.webui.keyword.internal.WebUIKeywordMain.runKeyword(WebUIKeywordMain.groovy:26)
	at com.kms.katalon.core.webui.keyword.builtin.VerifyElementTextKeyword.verifyElementText(VerifyElementTextKeyword.groovy:72)
	at com.kms.katalon.core.webui.keyword.builtin.VerifyElementTextKeyword.execute(VerifyElementTextKeyword.groovy:40)
	at com.kms.katalon.core.keyword.internal.KeywordExecutor.executeKeywordForPlatform(KeywordExecutor.groovy:74)
	at com.kms.katalon.core.webui.keyword.WebUiBuiltInKeywords.verifyElementText(WebUiBuiltInKeywords.groovy:4835)
	at Dang Ky_TC10.run(Dang Ky_TC10:42)
	at com.kms.katalon.core.main.ScriptEngine.run(ScriptEngine.java:194)
	at com.kms.katalon.core.main.ScriptEngine.runScriptAsRawText(ScriptEngine.java:119)
	at com.kms.katalon.core.main.TestCaseExecutor.runScript(TestCaseExecutor.java:448)
	at com.kms.katalon.core.main.TestCaseExecutor.doExecute(TestCaseExecutor.java:439)
	at com.kms.katalon.core.main.TestCaseExecutor.processExecutionPhase(TestCaseExecutor.java:418)
	at com.kms.katalon.core.main.TestCaseExecutor.accessMainPhase(TestCaseExecutor.java:410)
	at com.kms.katalon.core.main.TestCaseExecutor.execute(TestCaseExecutor.java:285)
	at com.kms.katalon.core.common.CommonExecutor.accessTestCaseMainPhase(CommonExecutor.java:65)
	at com.kms.katalon.core.main.TestSuiteExecutor.accessTestSuiteMainPhase(TestSuiteExecutor.java:148)
	at com.kms.katalon.core.main.TestSuiteExecutor.execute(TestSuiteExecutor.java:106)
	at com.kms.katalon.core.main.TestCaseMain.startTestSuite(TestCaseMain.java:180)
	at TempTestSuite1714880705198.run(TempTestSuite1714880705198.groovy:35)
	at java.base/jdk.internal.reflect.NativeMethodAccessorImpl.invoke0(Native Method)
	at java.base/jdk.internal.reflect.NativeMethodAccessorImpl.invoke(NativeMethodAccessorImpl.java:77)
	at java.base/jdk.internal.reflect.DelegatingMethodAccessorImpl.invoke(DelegatingMethodAccessorImpl.java:43)
Caused by: com.kms.katalon.core.exception.StepFailedException: com.kms.katalon.core.webui.exception.WebElementNotFoundException: Web element with id: 'Object Repository/Dangky/Page_Dashboard/a_Thng tin ti khon' located by '//a[@id='account-dashboard-tab']' not found
	at com.kms.katalon.core.webui.keyword.internal.WebUIKeywordMain.stepFailed(WebUIKeywordMain.groovy:64)
	at com.kms.katalon.core.webui.keyword.builtin.VerifyElementTextKeyword$_verifyElementText_closure1.doCall(VerifyElementTextKeyword.groovy:64)
	at com.kms.katalon.core.webui.keyword.builtin.VerifyElementTextKeyword$_verifyElementText_closure1.call(VerifyElementTextKeyword.groovy)
	at com.kms.katalon.core.webui.keyword.internal.WebUIKeywordMain.runKeyword(WebUIKeywordMain.groovy:20)
	... 20 more
)
[[ATTACHMENT|C:\\Users\\84336\\git\\Final_TestMorriWeb\\Reports\\20240505_104505\\Dangky\\20240505_104505\\1714880796213.png]]]]></system-out>
         <system-err><![CDATA[05-05-2024T10:45:53 - [TEST_CASE][FAILED] - Test Cases/Dangky/Dang Ky_TC10: Test Cases/Dangky/Dang Ky_TC10 FAILED.
Reason:
com.kms.katalon.core.exception.StepFailedException: Verify element text of test object 'Object Repository/Dangky/Page_Dashboard/a_Thng tin ti khon' FAILED.
	at com.kms.katalon.core.webui.keyword.internal.WebUIKeywordMain.stepFailed(WebUIKeywordMain.groovy:64)
	at com.kms.katalon.core.webui.keyword.internal.WebUIKeywordMain.runKeyword(WebUIKeywordMain.groovy:26)
	at com.kms.katalon.core.webui.keyword.builtin.VerifyElementTextKeyword.verifyElementText(VerifyElementTextKeyword.groovy:72)
	at com.kms.katalon.core.webui.keyword.builtin.VerifyElementTextKeyword.execute(VerifyElementTextKeyword.groovy:40)
	at com.kms.katalon.core.keyword.internal.KeywordExecutor.executeKeywordForPlatform(KeywordExecutor.groovy:74)
	at com.kms.katalon.core.webui.keyword.WebUiBuiltInKeywords.verifyElementText(WebUiBuiltInKeywords.groovy:4835)
	at Dang Ky_TC10.run(Dang Ky_TC10:42)
	at com.kms.katalon.core.main.ScriptEngine.run(ScriptEngine.java:194)
	at com.kms.katalon.core.main.ScriptEngine.runScriptAsRawText(ScriptEngine.java:119)
	at com.kms.katalon.core.main.TestCaseExecutor.runScript(TestCaseExecutor.java:448)
	at com.kms.katalon.core.main.TestCaseExecutor.doExecute(TestCaseExecutor.java:439)
	at com.kms.katalon.core.main.TestCaseExecutor.processExecutionPhase(TestCaseExecutor.java:418)
	at com.kms.katalon.core.main.TestCaseExecutor.accessMainPhase(TestCaseExecutor.java:410)
	at com.kms.katalon.core.main.TestCaseExecutor.execute(TestCaseExecutor.java:285)
	at com.kms.katalon.core.common.CommonExecutor.accessTestCaseMainPhase(CommonExecutor.java:65)
	at com.kms.katalon.core.main.TestSuiteExecutor.accessTestSuiteMainPhase(TestSuiteExecutor.java:148)
	at com.kms.katalon.core.main.TestSuiteExecutor.execute(TestSuiteExecutor.java:106)
	at com.kms.katalon.core.main.TestCaseMain.startTestSuite(TestCaseMain.java:180)
	at TempTestSuite1714880705198.run(TempTestSuite1714880705198.groovy:35)
	at java.base/jdk.internal.reflect.NativeMethodAccessorImpl.invoke0(Native Method)
	at java.base/jdk.internal.reflect.NativeMethodAccessorImpl.invoke(NativeMethodAccessorImpl.java:77)
	at java.base/jdk.internal.reflect.DelegatingMethodAccessorImpl.invoke(DelegatingMethodAccessorImpl.java:43)
Caused by: com.kms.katalon.core.exception.StepFailedException: com.kms.katalon.core.webui.exception.WebElementNotFoundException: Web element with id: 'Object Repository/Dangky/Page_Dashboard/a_Thng tin ti khon' located by '//a[@id='account-dashboard-tab']' not found
	at com.kms.katalon.core.webui.keyword.internal.WebUIKeywordMain.stepFailed(WebUIKeywordMain.groovy:64)
	at com.kms.katalon.core.webui.keyword.builtin.VerifyElementTextKeyword$_verifyElementText_closure1.doCall(VerifyElementTextKeyword.groovy:64)
	at com.kms.katalon.core.webui.keyword.builtin.VerifyElementTextKeyword$_verifyElementText_closure1.call(VerifyElementTextKeyword.groovy)
	at com.kms.katalon.core.webui.keyword.internal.WebUIKeywordMain.runKeyword(WebUIKeywordMain.groovy:20)
	... 20 more]]></system-err>
      </testcase>
      <testcase name="Test Cases/Dangky/Dang Ky_TC11" time="43.041" classname="Test Cases/Dangky/Dang Ky_TC11" status="FAILED">
         <failure type="FAILED" message="Test Cases/Dangky/Dang Ky_TC11 FAILED.&#xa;Reason:&#xa;com.kms.katalon.core.exception.StepFailedException: Verify element text of test object 'Object Repository/Dangky/Page_Dashboard/a_Thng tin ti khon' FAILED.&#xa;	at com.kms.katalon.core.webui.keyword.internal.WebUIKeywordMain.stepFailed(WebUIKeywordMain.groovy:64)&#xa;	at com.kms.katalon.core.webui.keyword.internal.WebUIKeywordMain.runKeyword(WebUIKeywordMain.groovy:26)&#xa;	at com.kms.katalon.core.webui.keyword.builtin.VerifyElementTextKeyword.verifyElementText(VerifyElementTextKeyword.groovy:72)&#xa;	at com.kms.katalon.core.webui.keyword.builtin.VerifyElementTextKeyword.execute(VerifyElementTextKeyword.groovy:40)&#xa;	at com.kms.katalon.core.keyword.internal.KeywordExecutor.executeKeywordForPlatform(KeywordExecutor.groovy:74)&#xa;	at com.kms.katalon.core.webui.keyword.WebUiBuiltInKeywords.verifyElementText(WebUiBuiltInKeywords.groovy:4835)&#xa;	at Dang Ky_TC11.run(Dang Ky_TC11:40)&#xa;	at com.kms.katalon.core.main.ScriptEngine.run(ScriptEngine.java:194)&#xa;	at com.kms.katalon.core.main.ScriptEngine.runScriptAsRawText(ScriptEngine.java:119)&#xa;	at com.kms.katalon.core.main.TestCaseExecutor.runScript(TestCaseExecutor.java:448)&#xa;	at com.kms.katalon.core.main.TestCaseExecutor.doExecute(TestCaseExecutor.java:439)&#xa;	at com.kms.katalon.core.main.TestCaseExecutor.processExecutionPhase(TestCaseExecutor.java:418)&#xa;	at com.kms.katalon.core.main.TestCaseExecutor.accessMainPhase(TestCaseExecutor.java:410)&#xa;	at com.kms.katalon.core.main.TestCaseExecutor.execute(TestCaseExecutor.java:285)&#xa;	at com.kms.katalon.core.common.CommonExecutor.accessTestCaseMainPhase(CommonExecutor.java:65)&#xa;	at com.kms.katalon.core.main.TestSuiteExecutor.accessTestSuiteMainPhase(TestSuiteExecutor.java:148)&#xa;	at com.kms.katalon.core.main.TestSuiteExecutor.execute(TestSuiteExecutor.java:106)&#xa;	at com.kms.katalon.core.main.TestCaseMain.startTestSuite(TestCaseMain.java:180)&#xa;	at TempTestSuite1714880705198.run(TempTestSuite1714880705198.groovy:35)&#xa;	at java.base/jdk.internal.reflect.NativeMethodAccessorImpl.invoke0(Native Method)&#xa;	at java.base/jdk.internal.reflect.NativeMethodAccessorImpl.invoke(NativeMethodAccessorImpl.java:77)&#xa;	at java.base/jdk.internal.reflect.DelegatingMethodAccessorImpl.invoke(DelegatingMethodAccessorImpl.java:43)&#xa;Caused by: com.kms.katalon.core.exception.StepFailedException: com.kms.katalon.core.webui.exception.WebElementNotFoundException: Web element with id: 'Object Repository/Dangky/Page_Dashboard/a_Thng tin ti khon' located by '//a[@id='account-dashboard-tab']' not found&#xa;	at com.kms.katalon.core.webui.keyword.internal.WebUIKeywordMain.stepFailed(WebUIKeywordMain.groovy:64)&#xa;	at com.kms.katalon.core.webui.keyword.builtin.VerifyElementTextKeyword$_verifyElementText_closure1.doCall(VerifyElementTextKeyword.groovy:64)&#xa;	at com.kms.katalon.core.webui.keyword.builtin.VerifyElementTextKeyword$_verifyElementText_closure1.call(VerifyElementTextKeyword.groovy)&#xa;	at com.kms.katalon.core.webui.keyword.internal.WebUIKeywordMain.runKeyword(WebUIKeywordMain.groovy:20)&#xa;	... 20 more&#xa;"/>
         <system-out><![CDATA[05-05-2024T10:46:36 - [TEST_CASE][FAILED] - Test Cases/Dangky/Dang Ky_TC11: Test Cases/Dangky/Dang Ky_TC11 FAILED.
Reason:
com.kms.katalon.core.exception.StepFailedException: Verify element text of test object 'Object Repository/Dangky/Page_Dashboard/a_Thng tin ti khon' FAILED.
	at com.kms.katalon.core.webui.keyword.internal.WebUIKeywordMain.stepFailed(WebUIKeywordMain.groovy:64)
	at com.kms.katalon.core.webui.keyword.internal.WebUIKeywordMain.runKeyword(WebUIKeywordMain.groovy:26)
	at com.kms.katalon.core.webui.keyword.builtin.VerifyElementTextKeyword.verifyElementText(VerifyElementTextKeyword.groovy:72)
	at com.kms.katalon.core.webui.keyword.builtin.VerifyElementTextKeyword.execute(VerifyElementTextKeyword.groovy:40)
	at com.kms.katalon.core.keyword.internal.KeywordExecutor.executeKeywordForPlatform(KeywordExecutor.groovy:74)
	at com.kms.katalon.core.webui.keyword.WebUiBuiltInKeywords.verifyElementText(WebUiBuiltInKeywords.groovy:4835)
	at Dang Ky_TC11.run(Dang Ky_TC11:40)
	at com.kms.katalon.core.main.ScriptEngine.run(ScriptEngine.java:194)
	at com.kms.katalon.core.main.ScriptEngine.runScriptAsRawText(ScriptEngine.java:119)
	at com.kms.katalon.core.main.TestCaseExecutor.runScript(TestCaseExecutor.java:448)
	at com.kms.katalon.core.main.TestCaseExecutor.doExecute(TestCaseExecutor.java:439)
	at com.kms.katalon.core.main.TestCaseExecutor.processExecutionPhase(TestCaseExecutor.java:418)
	at com.kms.katalon.core.main.TestCaseExecutor.accessMainPhase(TestCaseExecutor.java:410)
	at com.kms.katalon.core.main.TestCaseExecutor.execute(TestCaseExecutor.java:285)
	at com.kms.katalon.core.common.CommonExecutor.accessTestCaseMainPhase(CommonExecutor.java:65)
	at com.kms.katalon.core.main.TestSuiteExecutor.accessTestSuiteMainPhase(TestSuiteExecutor.java:148)
	at com.kms.katalon.core.main.TestSuiteExecutor.execute(TestSuiteExecutor.java:106)
	at com.kms.katalon.core.main.TestCaseMain.startTestSuite(TestCaseMain.java:180)
	at TempTestSuite1714880705198.run(TempTestSuite1714880705198.groovy:35)
	at java.base/jdk.internal.reflect.NativeMethodAccessorImpl.invoke0(Native Method)
	at java.base/jdk.internal.reflect.NativeMethodAccessorImpl.invoke(NativeMethodAccessorImpl.java:77)
	at java.base/jdk.internal.reflect.DelegatingMethodAccessorImpl.invoke(DelegatingMethodAccessorImpl.java:43)
Caused by: com.kms.katalon.core.exception.StepFailedException: com.kms.katalon.core.webui.exception.WebElementNotFoundException: Web element with id: 'Object Repository/Dangky/Page_Dashboard/a_Thng tin ti khon' located by '//a[@id='account-dashboard-tab']' not found
	at com.kms.katalon.core.webui.keyword.internal.WebUIKeywordMain.stepFailed(WebUIKeywordMain.groovy:64)
	at com.kms.katalon.core.webui.keyword.builtin.VerifyElementTextKeyword$_verifyElementText_closure1.doCall(VerifyElementTextKeyword.groovy:64)
	at com.kms.katalon.core.webui.keyword.builtin.VerifyElementTextKeyword$_verifyElementText_closure1.call(VerifyElementTextKeyword.groovy)
	at com.kms.katalon.core.webui.keyword.internal.WebUIKeywordMain.runKeyword(WebUIKeywordMain.groovy:20)
	... 20 more


05-05-2024T10:46:36 - [TEST_STEP][PASSED] - openBrowser("http://www.morricosmetics.somee.com/"): Browser is opened with url: 'http://www.morricosmetics.somee.com/'

05-05-2024T10:46:36 - [MESSAGE][WARNING] - A browser is already opened. Closing browser and opening a new one

05-05-2024T10:46:36 - [MESSAGE][INFO] - Starting 'Edge Chromium' driver

05-05-2024T10:46:38 - [MESSAGE][INFO] - Action delay is set to 0 milliseconds

05-05-2024T10:46:45 - [MESSAGE][PASSED] - Browser is opened with url: 'http://www.morricosmetics.somee.com/'

05-05-2024T10:46:45 - [TEST_STEP][PASSED] - click(findTestObject("Dangky/Page_Trang ch/i_Lin h nhanh_pe-7s-users")): Object: 'Object Repository/Dangky/Page_Trang ch/i_Lin h nhanh_pe-7s-users' is clicked on

05-05-2024T10:46:46 - [MESSAGE][PASSED] - Object: 'Object Repository/Dangky/Page_Trang ch/i_Lin h nhanh_pe-7s-users' is clicked on

05-05-2024T10:46:46 - [TEST_STEP][PASSED] - clickOffset(findTestObject("Dangky/Page_Trang ch/a_ng k ti khon"), 0, 0): Object: 'Object Repository/Dangky/Page_Trang ch/a_ng k ti khon' is clicked on using offset x=0 and y=0

05-05-2024T10:46:46 - [MESSAGE][PASSED] - Object: 'Object Repository/Dangky/Page_Trang ch/a_ng k ti khon' is clicked on using offset x=0 and y=0

05-05-2024T10:46:46 - [TEST_STEP][PASSED] - setText(findTestObject("Dangky/Page_ng k ti khon/input_H v Tn_FullName"), "Morri"): Text 'Morri' is set on object 'Object Repository/Dangky/Page_ng k ti khon/input_H v Tn_FullName'

05-05-2024T10:46:47 - [MESSAGE][PASSED] - Text 'Morri' is set on object 'Object Repository/Dangky/Page_ng k ti khon/input_H v Tn_FullName'

05-05-2024T10:46:47 - [TEST_STEP][PASSED] - setText(findTestObject("Dangky/Page_ng k ti khon/input_a ch Email_Email"), "morritest@"): Text 'morritest@' is set on object 'Object Repository/Dangky/Page_ng k ti khon/input_a ch Email_Email'

05-05-2024T10:46:47 - [MESSAGE][PASSED] - Text 'morritest@' is set on object 'Object Repository/Dangky/Page_ng k ti khon/input_a ch Email_Email'

05-05-2024T10:46:47 - [TEST_STEP][PASSED] - setText(findTestObject("Dangky/Page_ng k ti khon/input_S in thoi_Phone"), "0935626852"): Text '0935626852' is set on object 'Object Repository/Dangky/Page_ng k ti khon/input_S in thoi_Phone'

05-05-2024T10:46:47 - [MESSAGE][PASSED] - Text '0935626852' is set on object 'Object Repository/Dangky/Page_ng k ti khon/input_S in thoi_Phone'

05-05-2024T10:46:47 - [TEST_STEP][PASSED] - setText(findTestObject("Dangky/Page_ng k ti khon/input_Mt khu_Password"), "123456"): Text '123456' is set on object 'Object Repository/Dangky/Page_ng k ti khon/input_Mt khu_Password'

05-05-2024T10:46:47 - [MESSAGE][PASSED] - Text '123456' is set on object 'Object Repository/Dangky/Page_ng k ti khon/input_Mt khu_Password'

05-05-2024T10:46:47 - [TEST_STEP][PASSED] - setText(findTestObject("Dangky/Page_ng k ti khon/input_Nhp li mt khu_ConfirmPassword"), "123456"): Text '123456' is set on object 'Object Repository/Dangky/Page_ng k ti khon/input_Nhp li mt khu_ConfirmPassword'

05-05-2024T10:46:47 - [MESSAGE][PASSED] - Text '123456' is set on object 'Object Repository/Dangky/Page_ng k ti khon/input_Nhp li mt khu_ConfirmPassword'

05-05-2024T10:46:47 - [TEST_STEP][PASSED] - scrollToPosition(0, 750): Browser is scrolled to position x = 0, y = 750

05-05-2024T10:46:47 - [MESSAGE][PASSED] - Browser is scrolled to position x = 0, y = 750

05-05-2024T10:46:47 - [TEST_STEP][PASSED] - waitForElementClickable(findTestObject("Dangky/Page_Trang ch/Page_ng k ti khon/button_ng k"), 0): Object 'Object Repository/Dangky/Page_Trang ch/Page_ng k ti khon/button_ng k' is clickable

05-05-2024T10:46:47 - [MESSAGE][WARNING] - Timeout '0' is invalid. Using default page load timeout: '30'

05-05-2024T10:46:47 - [MESSAGE][PASSED] - Object 'Object Repository/Dangky/Page_Trang ch/Page_ng k ti khon/button_ng k' is clickable

05-05-2024T10:46:47 - [TEST_STEP][FAILED] - verifyElementText(findTestObject("Dangky/Page_Dashboard/a_Thng tin ti khon"), "THÔNG TIN TÀI KHOẢN"): Verify element text of test object 'Object Repository/Dangky/Page_Dashboard/a_Thng tin ti khon' FAILED. (Root cause: com.kms.katalon.core.exception.StepFailedException: Verify element text of test object 'Object Repository/Dangky/Page_Dashboard/a_Thng tin ti khon' FAILED.
	at com.kms.katalon.core.webui.keyword.internal.WebUIKeywordMain.stepFailed(WebUIKeywordMain.groovy:64)
	at com.kms.katalon.core.webui.keyword.internal.WebUIKeywordMain.runKeyword(WebUIKeywordMain.groovy:26)
	at com.kms.katalon.core.webui.keyword.builtin.VerifyElementTextKeyword.verifyElementText(VerifyElementTextKeyword.groovy:72)
	at com.kms.katalon.core.webui.keyword.builtin.VerifyElementTextKeyword.execute(VerifyElementTextKeyword.groovy:40)
	at com.kms.katalon.core.keyword.internal.KeywordExecutor.executeKeywordForPlatform(KeywordExecutor.groovy:74)
	at com.kms.katalon.core.webui.keyword.WebUiBuiltInKeywords.verifyElementText(WebUiBuiltInKeywords.groovy:4835)
	at Dang Ky_TC11.run(Dang Ky_TC11:40)
	at com.kms.katalon.core.main.ScriptEngine.run(ScriptEngine.java:194)
	at com.kms.katalon.core.main.ScriptEngine.runScriptAsRawText(ScriptEngine.java:119)
	at com.kms.katalon.core.main.TestCaseExecutor.runScript(TestCaseExecutor.java:448)
	at com.kms.katalon.core.main.TestCaseExecutor.doExecute(TestCaseExecutor.java:439)
	at com.kms.katalon.core.main.TestCaseExecutor.processExecutionPhase(TestCaseExecutor.java:418)
	at com.kms.katalon.core.main.TestCaseExecutor.accessMainPhase(TestCaseExecutor.java:410)
	at com.kms.katalon.core.main.TestCaseExecutor.execute(TestCaseExecutor.java:285)
	at com.kms.katalon.core.common.CommonExecutor.accessTestCaseMainPhase(CommonExecutor.java:65)
	at com.kms.katalon.core.main.TestSuiteExecutor.accessTestSuiteMainPhase(TestSuiteExecutor.java:148)
	at com.kms.katalon.core.main.TestSuiteExecutor.execute(TestSuiteExecutor.java:106)
	at com.kms.katalon.core.main.TestCaseMain.startTestSuite(TestCaseMain.java:180)
	at TempTestSuite1714880705198.run(TempTestSuite1714880705198.groovy:35)
	at java.base/jdk.internal.reflect.NativeMethodAccessorImpl.invoke0(Native Method)
	at java.base/jdk.internal.reflect.NativeMethodAccessorImpl.invoke(NativeMethodAccessorImpl.java:77)
	at java.base/jdk.internal.reflect.DelegatingMethodAccessorImpl.invoke(DelegatingMethodAccessorImpl.java:43)
Caused by: com.kms.katalon.core.exception.StepFailedException: com.kms.katalon.core.webui.exception.WebElementNotFoundException: Web element with id: 'Object Repository/Dangky/Page_Dashboard/a_Thng tin ti khon' located by '//a[@id='account-dashboard-tab']' not found
	at com.kms.katalon.core.webui.keyword.internal.WebUIKeywordMain.stepFailed(WebUIKeywordMain.groovy:64)
	at com.kms.katalon.core.webui.keyword.builtin.VerifyElementTextKeyword$_verifyElementText_closure1.doCall(VerifyElementTextKeyword.groovy:64)
	at com.kms.katalon.core.webui.keyword.builtin.VerifyElementTextKeyword$_verifyElementText_closure1.call(VerifyElementTextKeyword.groovy)
	at com.kms.katalon.core.webui.keyword.internal.WebUIKeywordMain.runKeyword(WebUIKeywordMain.groovy:20)
	... 20 more
)

05-05-2024T10:47:19 - [MESSAGE][INFO] - Unable to find the element located by 'By.xpath: //a[@id='account-dashboard-tab']'. Please recheck the objects properties to make sure the desired element is located. 

05-05-2024T10:47:19 - [MESSAGE][FAILED] - com.kms.katalon.core.webui.exception.WebElementNotFoundException: Web element with id: 'Object Repository/Dangky/Page_Dashboard/a_Thng tin ti khon' located by '//a[@id='account-dashboard-tab']' not found (Root cause: com.kms.katalon.core.exception.StepFailedException: com.kms.katalon.core.webui.exception.WebElementNotFoundException: Web element with id: 'Object Repository/Dangky/Page_Dashboard/a_Thng tin ti khon' located by '//a[@id='account-dashboard-tab']' not found
	at com.kms.katalon.core.webui.keyword.internal.WebUIKeywordMain.stepFailed(WebUIKeywordMain.groovy:64)
	at com.kms.katalon.core.webui.keyword.builtin.VerifyElementTextKeyword$_verifyElementText_closure1.doCall(VerifyElementTextKeyword.groovy:64)
	at com.kms.katalon.core.webui.keyword.builtin.VerifyElementTextKeyword$_verifyElementText_closure1.call(VerifyElementTextKeyword.groovy)
	at com.kms.katalon.core.webui.keyword.internal.WebUIKeywordMain.runKeyword(WebUIKeywordMain.groovy:20)
	at com.kms.katalon.core.webui.keyword.builtin.VerifyElementTextKeyword.verifyElementText(VerifyElementTextKeyword.groovy:72)
	at com.kms.katalon.core.webui.keyword.builtin.VerifyElementTextKeyword.execute(VerifyElementTextKeyword.groovy:40)
	at com.kms.katalon.core.keyword.internal.KeywordExecutor.executeKeywordForPlatform(KeywordExecutor.groovy:74)
	at com.kms.katalon.core.webui.keyword.WebUiBuiltInKeywords.verifyElementText(WebUiBuiltInKeywords.groovy:4835)
	at Dang Ky_TC11.run(Dang Ky_TC11:40)
	at com.kms.katalon.core.main.ScriptEngine.run(ScriptEngine.java:194)
	at com.kms.katalon.core.main.ScriptEngine.runScriptAsRawText(ScriptEngine.java:119)
	at com.kms.katalon.core.main.TestCaseExecutor.runScript(TestCaseExecutor.java:448)
	at com.kms.katalon.core.main.TestCaseExecutor.doExecute(TestCaseExecutor.java:439)
	at com.kms.katalon.core.main.TestCaseExecutor.processExecutionPhase(TestCaseExecutor.java:418)
	at com.kms.katalon.core.main.TestCaseExecutor.accessMainPhase(TestCaseExecutor.java:410)
	at com.kms.katalon.core.main.TestCaseExecutor.execute(TestCaseExecutor.java:285)
	at com.kms.katalon.core.common.CommonExecutor.accessTestCaseMainPhase(CommonExecutor.java:65)
	at com.kms.katalon.core.main.TestSuiteExecutor.accessTestSuiteMainPhase(TestSuiteExecutor.java:148)
	at com.kms.katalon.core.main.TestSuiteExecutor.execute(TestSuiteExecutor.java:106)
	at com.kms.katalon.core.main.TestCaseMain.startTestSuite(TestCaseMain.java:180)
	at TempTestSuite1714880705198.run(TempTestSuite1714880705198.groovy:35)
	at java.base/jdk.internal.reflect.NativeMethodAccessorImpl.invoke0(Native Method)
	at java.base/jdk.internal.reflect.NativeMethodAccessorImpl.invoke(NativeMethodAccessorImpl.java:77)
	at java.base/jdk.internal.reflect.DelegatingMethodAccessorImpl.invoke(DelegatingMethodAccessorImpl.java:43)
)
[[ATTACHMENT|C:\\Users\\84336\\git\\Final_TestMorriWeb\\Reports\\20240505_104505\\Dangky\\20240505_104505\\1714880839051.png]]

05-05-2024T10:47:19 - [MESSAGE][FAILED] - Verify element text of test object 'Object Repository/Dangky/Page_Dashboard/a_Thng tin ti khon' FAILED. (Root cause: com.kms.katalon.core.exception.StepFailedException: Verify element text of test object 'Object Repository/Dangky/Page_Dashboard/a_Thng tin ti khon' FAILED.
	at com.kms.katalon.core.webui.keyword.internal.WebUIKeywordMain.stepFailed(WebUIKeywordMain.groovy:64)
	at com.kms.katalon.core.webui.keyword.internal.WebUIKeywordMain.runKeyword(WebUIKeywordMain.groovy:26)
	at com.kms.katalon.core.webui.keyword.builtin.VerifyElementTextKeyword.verifyElementText(VerifyElementTextKeyword.groovy:72)
	at com.kms.katalon.core.webui.keyword.builtin.VerifyElementTextKeyword.execute(VerifyElementTextKeyword.groovy:40)
	at com.kms.katalon.core.keyword.internal.KeywordExecutor.executeKeywordForPlatform(KeywordExecutor.groovy:74)
	at com.kms.katalon.core.webui.keyword.WebUiBuiltInKeywords.verifyElementText(WebUiBuiltInKeywords.groovy:4835)
	at Dang Ky_TC11.run(Dang Ky_TC11:40)
	at com.kms.katalon.core.main.ScriptEngine.run(ScriptEngine.java:194)
	at com.kms.katalon.core.main.ScriptEngine.runScriptAsRawText(ScriptEngine.java:119)
	at com.kms.katalon.core.main.TestCaseExecutor.runScript(TestCaseExecutor.java:448)
	at com.kms.katalon.core.main.TestCaseExecutor.doExecute(TestCaseExecutor.java:439)
	at com.kms.katalon.core.main.TestCaseExecutor.processExecutionPhase(TestCaseExecutor.java:418)
	at com.kms.katalon.core.main.TestCaseExecutor.accessMainPhase(TestCaseExecutor.java:410)
	at com.kms.katalon.core.main.TestCaseExecutor.execute(TestCaseExecutor.java:285)
	at com.kms.katalon.core.common.CommonExecutor.accessTestCaseMainPhase(CommonExecutor.java:65)
	at com.kms.katalon.core.main.TestSuiteExecutor.accessTestSuiteMainPhase(TestSuiteExecutor.java:148)
	at com.kms.katalon.core.main.TestSuiteExecutor.execute(TestSuiteExecutor.java:106)
	at com.kms.katalon.core.main.TestCaseMain.startTestSuite(TestCaseMain.java:180)
	at TempTestSuite1714880705198.run(TempTestSuite1714880705198.groovy:35)
	at java.base/jdk.internal.reflect.NativeMethodAccessorImpl.invoke0(Native Method)
	at java.base/jdk.internal.reflect.NativeMethodAccessorImpl.invoke(NativeMethodAccessorImpl.java:77)
	at java.base/jdk.internal.reflect.DelegatingMethodAccessorImpl.invoke(DelegatingMethodAccessorImpl.java:43)
Caused by: com.kms.katalon.core.exception.StepFailedException: com.kms.katalon.core.webui.exception.WebElementNotFoundException: Web element with id: 'Object Repository/Dangky/Page_Dashboard/a_Thng tin ti khon' located by '//a[@id='account-dashboard-tab']' not found
	at com.kms.katalon.core.webui.keyword.internal.WebUIKeywordMain.stepFailed(WebUIKeywordMain.groovy:64)
	at com.kms.katalon.core.webui.keyword.builtin.VerifyElementTextKeyword$_verifyElementText_closure1.doCall(VerifyElementTextKeyword.groovy:64)
	at com.kms.katalon.core.webui.keyword.builtin.VerifyElementTextKeyword$_verifyElementText_closure1.call(VerifyElementTextKeyword.groovy)
	at com.kms.katalon.core.webui.keyword.internal.WebUIKeywordMain.runKeyword(WebUIKeywordMain.groovy:20)
	... 20 more
)
[[ATTACHMENT|C:\\Users\\84336\\git\\Final_TestMorriWeb\\Reports\\20240505_104505\\Dangky\\20240505_104505\\1714880839296.png]]]]></system-out>
         <system-err><![CDATA[05-05-2024T10:46:36 - [TEST_CASE][FAILED] - Test Cases/Dangky/Dang Ky_TC11: Test Cases/Dangky/Dang Ky_TC11 FAILED.
Reason:
com.kms.katalon.core.exception.StepFailedException: Verify element text of test object 'Object Repository/Dangky/Page_Dashboard/a_Thng tin ti khon' FAILED.
	at com.kms.katalon.core.webui.keyword.internal.WebUIKeywordMain.stepFailed(WebUIKeywordMain.groovy:64)
	at com.kms.katalon.core.webui.keyword.internal.WebUIKeywordMain.runKeyword(WebUIKeywordMain.groovy:26)
	at com.kms.katalon.core.webui.keyword.builtin.VerifyElementTextKeyword.verifyElementText(VerifyElementTextKeyword.groovy:72)
	at com.kms.katalon.core.webui.keyword.builtin.VerifyElementTextKeyword.execute(VerifyElementTextKeyword.groovy:40)
	at com.kms.katalon.core.keyword.internal.KeywordExecutor.executeKeywordForPlatform(KeywordExecutor.groovy:74)
	at com.kms.katalon.core.webui.keyword.WebUiBuiltInKeywords.verifyElementText(WebUiBuiltInKeywords.groovy:4835)
	at Dang Ky_TC11.run(Dang Ky_TC11:40)
	at com.kms.katalon.core.main.ScriptEngine.run(ScriptEngine.java:194)
	at com.kms.katalon.core.main.ScriptEngine.runScriptAsRawText(ScriptEngine.java:119)
	at com.kms.katalon.core.main.TestCaseExecutor.runScript(TestCaseExecutor.java:448)
	at com.kms.katalon.core.main.TestCaseExecutor.doExecute(TestCaseExecutor.java:439)
	at com.kms.katalon.core.main.TestCaseExecutor.processExecutionPhase(TestCaseExecutor.java:418)
	at com.kms.katalon.core.main.TestCaseExecutor.accessMainPhase(TestCaseExecutor.java:410)
	at com.kms.katalon.core.main.TestCaseExecutor.execute(TestCaseExecutor.java:285)
	at com.kms.katalon.core.common.CommonExecutor.accessTestCaseMainPhase(CommonExecutor.java:65)
	at com.kms.katalon.core.main.TestSuiteExecutor.accessTestSuiteMainPhase(TestSuiteExecutor.java:148)
	at com.kms.katalon.core.main.TestSuiteExecutor.execute(TestSuiteExecutor.java:106)
	at com.kms.katalon.core.main.TestCaseMain.startTestSuite(TestCaseMain.java:180)
	at TempTestSuite1714880705198.run(TempTestSuite1714880705198.groovy:35)
	at java.base/jdk.internal.reflect.NativeMethodAccessorImpl.invoke0(Native Method)
	at java.base/jdk.internal.reflect.NativeMethodAccessorImpl.invoke(NativeMethodAccessorImpl.java:77)
	at java.base/jdk.internal.reflect.DelegatingMethodAccessorImpl.invoke(DelegatingMethodAccessorImpl.java:43)
Caused by: com.kms.katalon.core.exception.StepFailedException: com.kms.katalon.core.webui.exception.WebElementNotFoundException: Web element with id: 'Object Repository/Dangky/Page_Dashboard/a_Thng tin ti khon' located by '//a[@id='account-dashboard-tab']' not found
	at com.kms.katalon.core.webui.keyword.internal.WebUIKeywordMain.stepFailed(WebUIKeywordMain.groovy:64)
	at com.kms.katalon.core.webui.keyword.builtin.VerifyElementTextKeyword$_verifyElementText_closure1.doCall(VerifyElementTextKeyword.groovy:64)
	at com.kms.katalon.core.webui.keyword.builtin.VerifyElementTextKeyword$_verifyElementText_closure1.call(VerifyElementTextKeyword.groovy)
	at com.kms.katalon.core.webui.keyword.internal.WebUIKeywordMain.runKeyword(WebUIKeywordMain.groovy:20)
	... 20 more]]></system-err>
      </testcase>
      <testcase name="Test Cases/Dangky/Dang Ky_TC12" time="41.901" classname="Test Cases/Dangky/Dang Ky_TC12" status="FAILED">
         <failure type="FAILED" message="Test Cases/Dangky/Dang Ky_TC12 FAILED.&#xa;Reason:&#xa;com.kms.katalon.core.exception.StepFailedException: Verify element text of test object 'Object Repository/Dangky/Page_Dashboard/a_Thng tin ti khon' FAILED.&#xa;	at com.kms.katalon.core.webui.keyword.internal.WebUIKeywordMain.stepFailed(WebUIKeywordMain.groovy:64)&#xa;	at com.kms.katalon.core.webui.keyword.internal.WebUIKeywordMain.runKeyword(WebUIKeywordMain.groovy:26)&#xa;	at com.kms.katalon.core.webui.keyword.builtin.VerifyElementTextKeyword.verifyElementText(VerifyElementTextKeyword.groovy:72)&#xa;	at com.kms.katalon.core.webui.keyword.builtin.VerifyElementTextKeyword.execute(VerifyElementTextKeyword.groovy:40)&#xa;	at com.kms.katalon.core.keyword.internal.KeywordExecutor.executeKeywordForPlatform(KeywordExecutor.groovy:74)&#xa;	at com.kms.katalon.core.webui.keyword.WebUiBuiltInKeywords.verifyElementText(WebUiBuiltInKeywords.groovy:4835)&#xa;	at Dang Ky_TC12.run(Dang Ky_TC12:40)&#xa;	at com.kms.katalon.core.main.ScriptEngine.run(ScriptEngine.java:194)&#xa;	at com.kms.katalon.core.main.ScriptEngine.runScriptAsRawText(ScriptEngine.java:119)&#xa;	at com.kms.katalon.core.main.TestCaseExecutor.runScript(TestCaseExecutor.java:448)&#xa;	at com.kms.katalon.core.main.TestCaseExecutor.doExecute(TestCaseExecutor.java:439)&#xa;	at com.kms.katalon.core.main.TestCaseExecutor.processExecutionPhase(TestCaseExecutor.java:418)&#xa;	at com.kms.katalon.core.main.TestCaseExecutor.accessMainPhase(TestCaseExecutor.java:410)&#xa;	at com.kms.katalon.core.main.TestCaseExecutor.execute(TestCaseExecutor.java:285)&#xa;	at com.kms.katalon.core.common.CommonExecutor.accessTestCaseMainPhase(CommonExecutor.java:65)&#xa;	at com.kms.katalon.core.main.TestSuiteExecutor.accessTestSuiteMainPhase(TestSuiteExecutor.java:148)&#xa;	at com.kms.katalon.core.main.TestSuiteExecutor.execute(TestSuiteExecutor.java:106)&#xa;	at com.kms.katalon.core.main.TestCaseMain.startTestSuite(TestCaseMain.java:180)&#xa;	at TempTestSuite1714880705198.run(TempTestSuite1714880705198.groovy:35)&#xa;	at java.base/jdk.internal.reflect.NativeMethodAccessorImpl.invoke0(Native Method)&#xa;	at java.base/jdk.internal.reflect.NativeMethodAccessorImpl.invoke(NativeMethodAccessorImpl.java:77)&#xa;	at java.base/jdk.internal.reflect.DelegatingMethodAccessorImpl.invoke(DelegatingMethodAccessorImpl.java:43)&#xa;Caused by: com.kms.katalon.core.exception.StepFailedException: com.kms.katalon.core.webui.exception.WebElementNotFoundException: Web element with id: 'Object Repository/Dangky/Page_Dashboard/a_Thng tin ti khon' located by '//a[@id='account-dashboard-tab']' not found&#xa;	at com.kms.katalon.core.webui.keyword.internal.WebUIKeywordMain.stepFailed(WebUIKeywordMain.groovy:64)&#xa;	at com.kms.katalon.core.webui.keyword.builtin.VerifyElementTextKeyword$_verifyElementText_closure1.doCall(VerifyElementTextKeyword.groovy:64)&#xa;	at com.kms.katalon.core.webui.keyword.builtin.VerifyElementTextKeyword$_verifyElementText_closure1.call(VerifyElementTextKeyword.groovy)&#xa;	at com.kms.katalon.core.webui.keyword.internal.WebUIKeywordMain.runKeyword(WebUIKeywordMain.groovy:20)&#xa;	... 20 more&#xa;"/>
         <system-out><![CDATA[05-05-2024T10:47:19 - [TEST_CASE][FAILED] - Test Cases/Dangky/Dang Ky_TC12: Test Cases/Dangky/Dang Ky_TC12 FAILED.
Reason:
com.kms.katalon.core.exception.StepFailedException: Verify element text of test object 'Object Repository/Dangky/Page_Dashboard/a_Thng tin ti khon' FAILED.
	at com.kms.katalon.core.webui.keyword.internal.WebUIKeywordMain.stepFailed(WebUIKeywordMain.groovy:64)
	at com.kms.katalon.core.webui.keyword.internal.WebUIKeywordMain.runKeyword(WebUIKeywordMain.groovy:26)
	at com.kms.katalon.core.webui.keyword.builtin.VerifyElementTextKeyword.verifyElementText(VerifyElementTextKeyword.groovy:72)
	at com.kms.katalon.core.webui.keyword.builtin.VerifyElementTextKeyword.execute(VerifyElementTextKeyword.groovy:40)
	at com.kms.katalon.core.keyword.internal.KeywordExecutor.executeKeywordForPlatform(KeywordExecutor.groovy:74)
	at com.kms.katalon.core.webui.keyword.WebUiBuiltInKeywords.verifyElementText(WebUiBuiltInKeywords.groovy:4835)
	at Dang Ky_TC12.run(Dang Ky_TC12:40)
	at com.kms.katalon.core.main.ScriptEngine.run(ScriptEngine.java:194)
	at com.kms.katalon.core.main.ScriptEngine.runScriptAsRawText(ScriptEngine.java:119)
	at com.kms.katalon.core.main.TestCaseExecutor.runScript(TestCaseExecutor.java:448)
	at com.kms.katalon.core.main.TestCaseExecutor.doExecute(TestCaseExecutor.java:439)
	at com.kms.katalon.core.main.TestCaseExecutor.processExecutionPhase(TestCaseExecutor.java:418)
	at com.kms.katalon.core.main.TestCaseExecutor.accessMainPhase(TestCaseExecutor.java:410)
	at com.kms.katalon.core.main.TestCaseExecutor.execute(TestCaseExecutor.java:285)
	at com.kms.katalon.core.common.CommonExecutor.accessTestCaseMainPhase(CommonExecutor.java:65)
	at com.kms.katalon.core.main.TestSuiteExecutor.accessTestSuiteMainPhase(TestSuiteExecutor.java:148)
	at com.kms.katalon.core.main.TestSuiteExecutor.execute(TestSuiteExecutor.java:106)
	at com.kms.katalon.core.main.TestCaseMain.startTestSuite(TestCaseMain.java:180)
	at TempTestSuite1714880705198.run(TempTestSuite1714880705198.groovy:35)
	at java.base/jdk.internal.reflect.NativeMethodAccessorImpl.invoke0(Native Method)
	at java.base/jdk.internal.reflect.NativeMethodAccessorImpl.invoke(NativeMethodAccessorImpl.java:77)
	at java.base/jdk.internal.reflect.DelegatingMethodAccessorImpl.invoke(DelegatingMethodAccessorImpl.java:43)
Caused by: com.kms.katalon.core.exception.StepFailedException: com.kms.katalon.core.webui.exception.WebElementNotFoundException: Web element with id: 'Object Repository/Dangky/Page_Dashboard/a_Thng tin ti khon' located by '//a[@id='account-dashboard-tab']' not found
	at com.kms.katalon.core.webui.keyword.internal.WebUIKeywordMain.stepFailed(WebUIKeywordMain.groovy:64)
	at com.kms.katalon.core.webui.keyword.builtin.VerifyElementTextKeyword$_verifyElementText_closure1.doCall(VerifyElementTextKeyword.groovy:64)
	at com.kms.katalon.core.webui.keyword.builtin.VerifyElementTextKeyword$_verifyElementText_closure1.call(VerifyElementTextKeyword.groovy)
	at com.kms.katalon.core.webui.keyword.internal.WebUIKeywordMain.runKeyword(WebUIKeywordMain.groovy:20)
	... 20 more


05-05-2024T10:47:19 - [TEST_STEP][PASSED] - openBrowser("http://www.morricosmetics.somee.com/"): Browser is opened with url: 'http://www.morricosmetics.somee.com/'

05-05-2024T10:47:19 - [MESSAGE][WARNING] - A browser is already opened. Closing browser and opening a new one

05-05-2024T10:47:19 - [MESSAGE][INFO] - Starting 'Edge Chromium' driver

05-05-2024T10:47:21 - [MESSAGE][INFO] - Action delay is set to 0 milliseconds

05-05-2024T10:47:28 - [MESSAGE][PASSED] - Browser is opened with url: 'http://www.morricosmetics.somee.com/'

05-05-2024T10:47:28 - [TEST_STEP][PASSED] - click(findTestObject("Dangky/Page_Trang ch/i_Lin h nhanh_pe-7s-users")): Object: 'Object Repository/Dangky/Page_Trang ch/i_Lin h nhanh_pe-7s-users' is clicked on

05-05-2024T10:47:28 - [MESSAGE][PASSED] - Object: 'Object Repository/Dangky/Page_Trang ch/i_Lin h nhanh_pe-7s-users' is clicked on

05-05-2024T10:47:28 - [TEST_STEP][PASSED] - clickOffset(findTestObject("Dangky/Page_Trang ch/a_ng k ti khon"), 0, 0): Object: 'Object Repository/Dangky/Page_Trang ch/a_ng k ti khon' is clicked on using offset x=0 and y=0

05-05-2024T10:47:29 - [MESSAGE][PASSED] - Object: 'Object Repository/Dangky/Page_Trang ch/a_ng k ti khon' is clicked on using offset x=0 and y=0

05-05-2024T10:47:29 - [TEST_STEP][PASSED] - setText(findTestObject("Dangky/Page_ng k ti khon/input_H v Tn_FullName"), "Morri"): Text 'Morri' is set on object 'Object Repository/Dangky/Page_ng k ti khon/input_H v Tn_FullName'

05-05-2024T10:47:29 - [MESSAGE][PASSED] - Text 'Morri' is set on object 'Object Repository/Dangky/Page_ng k ti khon/input_H v Tn_FullName'

05-05-2024T10:47:29 - [TEST_STEP][PASSED] - setText(findTestObject("Dangky/Page_ng k ti khon/input_a ch Email_Email"), "morritest@@gmail.com"): Text 'morritest@@gmail.com' is set on object 'Object Repository/Dangky/Page_ng k ti khon/input_a ch Email_Email'

05-05-2024T10:47:29 - [MESSAGE][PASSED] - Text 'morritest@@gmail.com' is set on object 'Object Repository/Dangky/Page_ng k ti khon/input_a ch Email_Email'

05-05-2024T10:47:29 - [TEST_STEP][PASSED] - setText(findTestObject("Dangky/Page_ng k ti khon/input_S in thoi_Phone"), "0935626852"): Text '0935626852' is set on object 'Object Repository/Dangky/Page_ng k ti khon/input_S in thoi_Phone'

05-05-2024T10:47:29 - [MESSAGE][PASSED] - Text '0935626852' is set on object 'Object Repository/Dangky/Page_ng k ti khon/input_S in thoi_Phone'

05-05-2024T10:47:29 - [TEST_STEP][PASSED] - setText(findTestObject("Dangky/Page_ng k ti khon/input_Mt khu_Password"), "123456"): Text '123456' is set on object 'Object Repository/Dangky/Page_ng k ti khon/input_Mt khu_Password'

05-05-2024T10:47:29 - [MESSAGE][PASSED] - Text '123456' is set on object 'Object Repository/Dangky/Page_ng k ti khon/input_Mt khu_Password'

05-05-2024T10:47:29 - [TEST_STEP][PASSED] - setText(findTestObject("Dangky/Page_ng k ti khon/input_Nhp li mt khu_ConfirmPassword"), "123456"): Text '123456' is set on object 'Object Repository/Dangky/Page_ng k ti khon/input_Nhp li mt khu_ConfirmPassword'

05-05-2024T10:47:29 - [MESSAGE][PASSED] - Text '123456' is set on object 'Object Repository/Dangky/Page_ng k ti khon/input_Nhp li mt khu_ConfirmPassword'

05-05-2024T10:47:29 - [TEST_STEP][PASSED] - scrollToPosition(0, 750): Browser is scrolled to position x = 0, y = 750

05-05-2024T10:47:29 - [MESSAGE][PASSED] - Browser is scrolled to position x = 0, y = 750

05-05-2024T10:47:29 - [TEST_STEP][PASSED] - click(findTestObject("Dangky/Page_ng k ti khon/button_ng k")): Object: 'Object Repository/Dangky/Page_ng k ti khon/button_ng k' is clicked on

05-05-2024T10:47:29 - [MESSAGE][PASSED] - Object: 'Object Repository/Dangky/Page_ng k ti khon/button_ng k' is clicked on

05-05-2024T10:47:29 - [TEST_STEP][FAILED] - verifyElementText(findTestObject("Dangky/Page_Dashboard/a_Thng tin ti khon"), "THÔNG TIN TÀI KHOẢN"): Verify element text of test object 'Object Repository/Dangky/Page_Dashboard/a_Thng tin ti khon' FAILED. (Root cause: com.kms.katalon.core.exception.StepFailedException: Verify element text of test object 'Object Repository/Dangky/Page_Dashboard/a_Thng tin ti khon' FAILED.
	at com.kms.katalon.core.webui.keyword.internal.WebUIKeywordMain.stepFailed(WebUIKeywordMain.groovy:64)
	at com.kms.katalon.core.webui.keyword.internal.WebUIKeywordMain.runKeyword(WebUIKeywordMain.groovy:26)
	at com.kms.katalon.core.webui.keyword.builtin.VerifyElementTextKeyword.verifyElementText(VerifyElementTextKeyword.groovy:72)
	at com.kms.katalon.core.webui.keyword.builtin.VerifyElementTextKeyword.execute(VerifyElementTextKeyword.groovy:40)
	at com.kms.katalon.core.keyword.internal.KeywordExecutor.executeKeywordForPlatform(KeywordExecutor.groovy:74)
	at com.kms.katalon.core.webui.keyword.WebUiBuiltInKeywords.verifyElementText(WebUiBuiltInKeywords.groovy:4835)
	at Dang Ky_TC12.run(Dang Ky_TC12:40)
	at com.kms.katalon.core.main.ScriptEngine.run(ScriptEngine.java:194)
	at com.kms.katalon.core.main.ScriptEngine.runScriptAsRawText(ScriptEngine.java:119)
	at com.kms.katalon.core.main.TestCaseExecutor.runScript(TestCaseExecutor.java:448)
	at com.kms.katalon.core.main.TestCaseExecutor.doExecute(TestCaseExecutor.java:439)
	at com.kms.katalon.core.main.TestCaseExecutor.processExecutionPhase(TestCaseExecutor.java:418)
	at com.kms.katalon.core.main.TestCaseExecutor.accessMainPhase(TestCaseExecutor.java:410)
	at com.kms.katalon.core.main.TestCaseExecutor.execute(TestCaseExecutor.java:285)
	at com.kms.katalon.core.common.CommonExecutor.accessTestCaseMainPhase(CommonExecutor.java:65)
	at com.kms.katalon.core.main.TestSuiteExecutor.accessTestSuiteMainPhase(TestSuiteExecutor.java:148)
	at com.kms.katalon.core.main.TestSuiteExecutor.execute(TestSuiteExecutor.java:106)
	at com.kms.katalon.core.main.TestCaseMain.startTestSuite(TestCaseMain.java:180)
	at TempTestSuite1714880705198.run(TempTestSuite1714880705198.groovy:35)
	at java.base/jdk.internal.reflect.NativeMethodAccessorImpl.invoke0(Native Method)
	at java.base/jdk.internal.reflect.NativeMethodAccessorImpl.invoke(NativeMethodAccessorImpl.java:77)
	at java.base/jdk.internal.reflect.DelegatingMethodAccessorImpl.invoke(DelegatingMethodAccessorImpl.java:43)
Caused by: com.kms.katalon.core.exception.StepFailedException: com.kms.katalon.core.webui.exception.WebElementNotFoundException: Web element with id: 'Object Repository/Dangky/Page_Dashboard/a_Thng tin ti khon' located by '//a[@id='account-dashboard-tab']' not found
	at com.kms.katalon.core.webui.keyword.internal.WebUIKeywordMain.stepFailed(WebUIKeywordMain.groovy:64)
	at com.kms.katalon.core.webui.keyword.builtin.VerifyElementTextKeyword$_verifyElementText_closure1.doCall(VerifyElementTextKeyword.groovy:64)
	at com.kms.katalon.core.webui.keyword.builtin.VerifyElementTextKeyword$_verifyElementText_closure1.call(VerifyElementTextKeyword.groovy)
	at com.kms.katalon.core.webui.keyword.internal.WebUIKeywordMain.runKeyword(WebUIKeywordMain.groovy:20)
	... 20 more
)

05-05-2024T10:48:00 - [MESSAGE][INFO] - Unable to find the element located by 'By.xpath: //a[@id='account-dashboard-tab']'. Please recheck the objects properties to make sure the desired element is located. 

05-05-2024T10:48:01 - [MESSAGE][FAILED] - com.kms.katalon.core.webui.exception.WebElementNotFoundException: Web element with id: 'Object Repository/Dangky/Page_Dashboard/a_Thng tin ti khon' located by '//a[@id='account-dashboard-tab']' not found (Root cause: com.kms.katalon.core.exception.StepFailedException: com.kms.katalon.core.webui.exception.WebElementNotFoundException: Web element with id: 'Object Repository/Dangky/Page_Dashboard/a_Thng tin ti khon' located by '//a[@id='account-dashboard-tab']' not found
	at com.kms.katalon.core.webui.keyword.internal.WebUIKeywordMain.stepFailed(WebUIKeywordMain.groovy:64)
	at com.kms.katalon.core.webui.keyword.builtin.VerifyElementTextKeyword$_verifyElementText_closure1.doCall(VerifyElementTextKeyword.groovy:64)
	at com.kms.katalon.core.webui.keyword.builtin.VerifyElementTextKeyword$_verifyElementText_closure1.call(VerifyElementTextKeyword.groovy)
	at com.kms.katalon.core.webui.keyword.internal.WebUIKeywordMain.runKeyword(WebUIKeywordMain.groovy:20)
	at com.kms.katalon.core.webui.keyword.builtin.VerifyElementTextKeyword.verifyElementText(VerifyElementTextKeyword.groovy:72)
	at com.kms.katalon.core.webui.keyword.builtin.VerifyElementTextKeyword.execute(VerifyElementTextKeyword.groovy:40)
	at com.kms.katalon.core.keyword.internal.KeywordExecutor.executeKeywordForPlatform(KeywordExecutor.groovy:74)
	at com.kms.katalon.core.webui.keyword.WebUiBuiltInKeywords.verifyElementText(WebUiBuiltInKeywords.groovy:4835)
	at Dang Ky_TC12.run(Dang Ky_TC12:40)
	at com.kms.katalon.core.main.ScriptEngine.run(ScriptEngine.java:194)
	at com.kms.katalon.core.main.ScriptEngine.runScriptAsRawText(ScriptEngine.java:119)
	at com.kms.katalon.core.main.TestCaseExecutor.runScript(TestCaseExecutor.java:448)
	at com.kms.katalon.core.main.TestCaseExecutor.doExecute(TestCaseExecutor.java:439)
	at com.kms.katalon.core.main.TestCaseExecutor.processExecutionPhase(TestCaseExecutor.java:418)
	at com.kms.katalon.core.main.TestCaseExecutor.accessMainPhase(TestCaseExecutor.java:410)
	at com.kms.katalon.core.main.TestCaseExecutor.execute(TestCaseExecutor.java:285)
	at com.kms.katalon.core.common.CommonExecutor.accessTestCaseMainPhase(CommonExecutor.java:65)
	at com.kms.katalon.core.main.TestSuiteExecutor.accessTestSuiteMainPhase(TestSuiteExecutor.java:148)
	at com.kms.katalon.core.main.TestSuiteExecutor.execute(TestSuiteExecutor.java:106)
	at com.kms.katalon.core.main.TestCaseMain.startTestSuite(TestCaseMain.java:180)
	at TempTestSuite1714880705198.run(TempTestSuite1714880705198.groovy:35)
	at java.base/jdk.internal.reflect.NativeMethodAccessorImpl.invoke0(Native Method)
	at java.base/jdk.internal.reflect.NativeMethodAccessorImpl.invoke(NativeMethodAccessorImpl.java:77)
	at java.base/jdk.internal.reflect.DelegatingMethodAccessorImpl.invoke(DelegatingMethodAccessorImpl.java:43)
)
[[ATTACHMENT|C:\\Users\\84336\\git\\Final_TestMorriWeb\\Reports\\20240505_104505\\Dangky\\20240505_104505\\1714880880949.png]]

05-05-2024T10:48:01 - [MESSAGE][FAILED] - Verify element text of test object 'Object Repository/Dangky/Page_Dashboard/a_Thng tin ti khon' FAILED. (Root cause: com.kms.katalon.core.exception.StepFailedException: Verify element text of test object 'Object Repository/Dangky/Page_Dashboard/a_Thng tin ti khon' FAILED.
	at com.kms.katalon.core.webui.keyword.internal.WebUIKeywordMain.stepFailed(WebUIKeywordMain.groovy:64)
	at com.kms.katalon.core.webui.keyword.internal.WebUIKeywordMain.runKeyword(WebUIKeywordMain.groovy:26)
	at com.kms.katalon.core.webui.keyword.builtin.VerifyElementTextKeyword.verifyElementText(VerifyElementTextKeyword.groovy:72)
	at com.kms.katalon.core.webui.keyword.builtin.VerifyElementTextKeyword.execute(VerifyElementTextKeyword.groovy:40)
	at com.kms.katalon.core.keyword.internal.KeywordExecutor.executeKeywordForPlatform(KeywordExecutor.groovy:74)
	at com.kms.katalon.core.webui.keyword.WebUiBuiltInKeywords.verifyElementText(WebUiBuiltInKeywords.groovy:4835)
	at Dang Ky_TC12.run(Dang Ky_TC12:40)
	at com.kms.katalon.core.main.ScriptEngine.run(ScriptEngine.java:194)
	at com.kms.katalon.core.main.ScriptEngine.runScriptAsRawText(ScriptEngine.java:119)
	at com.kms.katalon.core.main.TestCaseExecutor.runScript(TestCaseExecutor.java:448)
	at com.kms.katalon.core.main.TestCaseExecutor.doExecute(TestCaseExecutor.java:439)
	at com.kms.katalon.core.main.TestCaseExecutor.processExecutionPhase(TestCaseExecutor.java:418)
	at com.kms.katalon.core.main.TestCaseExecutor.accessMainPhase(TestCaseExecutor.java:410)
	at com.kms.katalon.core.main.TestCaseExecutor.execute(TestCaseExecutor.java:285)
	at com.kms.katalon.core.common.CommonExecutor.accessTestCaseMainPhase(CommonExecutor.java:65)
	at com.kms.katalon.core.main.TestSuiteExecutor.accessTestSuiteMainPhase(TestSuiteExecutor.java:148)
	at com.kms.katalon.core.main.TestSuiteExecutor.execute(TestSuiteExecutor.java:106)
	at com.kms.katalon.core.main.TestCaseMain.startTestSuite(TestCaseMain.java:180)
	at TempTestSuite1714880705198.run(TempTestSuite1714880705198.groovy:35)
	at java.base/jdk.internal.reflect.NativeMethodAccessorImpl.invoke0(Native Method)
	at java.base/jdk.internal.reflect.NativeMethodAccessorImpl.invoke(NativeMethodAccessorImpl.java:77)
	at java.base/jdk.internal.reflect.DelegatingMethodAccessorImpl.invoke(DelegatingMethodAccessorImpl.java:43)
Caused by: com.kms.katalon.core.exception.StepFailedException: com.kms.katalon.core.webui.exception.WebElementNotFoundException: Web element with id: 'Object Repository/Dangky/Page_Dashboard/a_Thng tin ti khon' located by '//a[@id='account-dashboard-tab']' not found
	at com.kms.katalon.core.webui.keyword.internal.WebUIKeywordMain.stepFailed(WebUIKeywordMain.groovy:64)
	at com.kms.katalon.core.webui.keyword.builtin.VerifyElementTextKeyword$_verifyElementText_closure1.doCall(VerifyElementTextKeyword.groovy:64)
	at com.kms.katalon.core.webui.keyword.builtin.VerifyElementTextKeyword$_verifyElementText_closure1.call(VerifyElementTextKeyword.groovy)
	at com.kms.katalon.core.webui.keyword.internal.WebUIKeywordMain.runKeyword(WebUIKeywordMain.groovy:20)
	... 20 more
)
[[ATTACHMENT|C:\\Users\\84336\\git\\Final_TestMorriWeb\\Reports\\20240505_104505\\Dangky\\20240505_104505\\1714880881136.png]]]]></system-out>
         <system-err><![CDATA[05-05-2024T10:47:19 - [TEST_CASE][FAILED] - Test Cases/Dangky/Dang Ky_TC12: Test Cases/Dangky/Dang Ky_TC12 FAILED.
Reason:
com.kms.katalon.core.exception.StepFailedException: Verify element text of test object 'Object Repository/Dangky/Page_Dashboard/a_Thng tin ti khon' FAILED.
	at com.kms.katalon.core.webui.keyword.internal.WebUIKeywordMain.stepFailed(WebUIKeywordMain.groovy:64)
	at com.kms.katalon.core.webui.keyword.internal.WebUIKeywordMain.runKeyword(WebUIKeywordMain.groovy:26)
	at com.kms.katalon.core.webui.keyword.builtin.VerifyElementTextKeyword.verifyElementText(VerifyElementTextKeyword.groovy:72)
	at com.kms.katalon.core.webui.keyword.builtin.VerifyElementTextKeyword.execute(VerifyElementTextKeyword.groovy:40)
	at com.kms.katalon.core.keyword.internal.KeywordExecutor.executeKeywordForPlatform(KeywordExecutor.groovy:74)
	at com.kms.katalon.core.webui.keyword.WebUiBuiltInKeywords.verifyElementText(WebUiBuiltInKeywords.groovy:4835)
	at Dang Ky_TC12.run(Dang Ky_TC12:40)
	at com.kms.katalon.core.main.ScriptEngine.run(ScriptEngine.java:194)
	at com.kms.katalon.core.main.ScriptEngine.runScriptAsRawText(ScriptEngine.java:119)
	at com.kms.katalon.core.main.TestCaseExecutor.runScript(TestCaseExecutor.java:448)
	at com.kms.katalon.core.main.TestCaseExecutor.doExecute(TestCaseExecutor.java:439)
	at com.kms.katalon.core.main.TestCaseExecutor.processExecutionPhase(TestCaseExecutor.java:418)
	at com.kms.katalon.core.main.TestCaseExecutor.accessMainPhase(TestCaseExecutor.java:410)
	at com.kms.katalon.core.main.TestCaseExecutor.execute(TestCaseExecutor.java:285)
	at com.kms.katalon.core.common.CommonExecutor.accessTestCaseMainPhase(CommonExecutor.java:65)
	at com.kms.katalon.core.main.TestSuiteExecutor.accessTestSuiteMainPhase(TestSuiteExecutor.java:148)
	at com.kms.katalon.core.main.TestSuiteExecutor.execute(TestSuiteExecutor.java:106)
	at com.kms.katalon.core.main.TestCaseMain.startTestSuite(TestCaseMain.java:180)
	at TempTestSuite1714880705198.run(TempTestSuite1714880705198.groovy:35)
	at java.base/jdk.internal.reflect.NativeMethodAccessorImpl.invoke0(Native Method)
	at java.base/jdk.internal.reflect.NativeMethodAccessorImpl.invoke(NativeMethodAccessorImpl.java:77)
	at java.base/jdk.internal.reflect.DelegatingMethodAccessorImpl.invoke(DelegatingMethodAccessorImpl.java:43)
Caused by: com.kms.katalon.core.exception.StepFailedException: com.kms.katalon.core.webui.exception.WebElementNotFoundException: Web element with id: 'Object Repository/Dangky/Page_Dashboard/a_Thng tin ti khon' located by '//a[@id='account-dashboard-tab']' not found
	at com.kms.katalon.core.webui.keyword.internal.WebUIKeywordMain.stepFailed(WebUIKeywordMain.groovy:64)
	at com.kms.katalon.core.webui.keyword.builtin.VerifyElementTextKeyword$_verifyElementText_closure1.doCall(VerifyElementTextKeyword.groovy:64)
	at com.kms.katalon.core.webui.keyword.builtin.VerifyElementTextKeyword$_verifyElementText_closure1.call(VerifyElementTextKeyword.groovy)
	at com.kms.katalon.core.webui.keyword.internal.WebUIKeywordMain.runKeyword(WebUIKeywordMain.groovy:20)
	... 20 more]]></system-err>
      </testcase>
      <testcase name="Test Cases/Dangky/Dang Ky_TC13" time="14.152" classname="Test Cases/Dangky/Dang Ky_TC13" status="PASSED">
         <system-out><![CDATA[05-05-2024T10:48:01 - [TEST_CASE][PASSED] - Test Cases/Dangky/Dang Ky_TC13: Test Cases/Dangky/Dang Ky_TC13

05-05-2024T10:48:01 - [TEST_STEP][PASSED] - openBrowser("http://www.morricosmetics.somee.com/"): Browser is opened with url: 'http://www.morricosmetics.somee.com/'

05-05-2024T10:48:01 - [MESSAGE][WARNING] - A browser is already opened. Closing browser and opening a new one

05-05-2024T10:48:02 - [MESSAGE][INFO] - Starting 'Edge Chromium' driver

05-05-2024T10:48:03 - [MESSAGE][INFO] - Action delay is set to 0 milliseconds

05-05-2024T10:48:12 - [MESSAGE][PASSED] - Browser is opened with url: 'http://www.morricosmetics.somee.com/'

05-05-2024T10:48:12 - [TEST_STEP][PASSED] - maximizeWindow(): Current window maximized

05-05-2024T10:48:12 - [MESSAGE][PASSED] - Current window maximized

05-05-2024T10:48:12 - [TEST_STEP][PASSED] - click(findTestObject("Dangky/Page_Trang ch/i_Lin h nhanh_pe-7s-users")): Object: 'Object Repository/Dangky/Page_Trang ch/i_Lin h nhanh_pe-7s-users' is clicked on

05-05-2024T10:48:12 - [MESSAGE][PASSED] - Object: 'Object Repository/Dangky/Page_Trang ch/i_Lin h nhanh_pe-7s-users' is clicked on

05-05-2024T10:48:12 - [TEST_STEP][PASSED] - clickOffset(findTestObject("Dangky/Page_Trang ch/a_ng k ti khon"), 0, 0): Object: 'Object Repository/Dangky/Page_Trang ch/a_ng k ti khon' is clicked on using offset x=0 and y=0

05-05-2024T10:48:13 - [MESSAGE][PASSED] - Object: 'Object Repository/Dangky/Page_Trang ch/a_ng k ti khon' is clicked on using offset x=0 and y=0

05-05-2024T10:48:13 - [TEST_STEP][PASSED] - setText(findTestObject("Dangky/Page_ng k ti khon/input_H v Tn_FullName"), "Morri"): Text 'Morri' is set on object 'Object Repository/Dangky/Page_ng k ti khon/input_H v Tn_FullName'

05-05-2024T10:48:13 - [MESSAGE][PASSED] - Text 'Morri' is set on object 'Object Repository/Dangky/Page_ng k ti khon/input_H v Tn_FullName'

05-05-2024T10:48:13 - [TEST_STEP][PASSED] - setText(findTestObject("Dangky/Page_ng k ti khon/input_a ch Email_Email"), "morritest@gmail.com"): Text 'morritest@gmail.com' is set on object 'Object Repository/Dangky/Page_ng k ti khon/input_a ch Email_Email'

05-05-2024T10:48:13 - [MESSAGE][PASSED] - Text 'morritest@gmail.com' is set on object 'Object Repository/Dangky/Page_ng k ti khon/input_a ch Email_Email'

05-05-2024T10:48:13 - [TEST_STEP][PASSED] - setText(findTestObject("Dangky/Page_ng k ti khon/input_S in thoi_Phone"), "0935626852"): Text '0935626852' is set on object 'Object Repository/Dangky/Page_ng k ti khon/input_S in thoi_Phone'

05-05-2024T10:48:13 - [MESSAGE][PASSED] - Text '0935626852' is set on object 'Object Repository/Dangky/Page_ng k ti khon/input_S in thoi_Phone'

05-05-2024T10:48:13 - [TEST_STEP][PASSED] - setText(findTestObject("Dangky/Page_ng k ti khon/input_Mt khu_Password"), "123456"): Text '123456' is set on object 'Object Repository/Dangky/Page_ng k ti khon/input_Mt khu_Password'

05-05-2024T10:48:13 - [MESSAGE][PASSED] - Text '123456' is set on object 'Object Repository/Dangky/Page_ng k ti khon/input_Mt khu_Password'

05-05-2024T10:48:13 - [TEST_STEP][PASSED] - setText(findTestObject("Dangky/Page_ng k ti khon/input_Nhp li mt khu_ConfirmPassword"), "123456"): Text '123456' is set on object 'Object Repository/Dangky/Page_ng k ti khon/input_Nhp li mt khu_ConfirmPassword'

05-05-2024T10:48:13 - [MESSAGE][PASSED] - Text '123456' is set on object 'Object Repository/Dangky/Page_ng k ti khon/input_Nhp li mt khu_ConfirmPassword'

05-05-2024T10:48:13 - [TEST_STEP][PASSED] - scrollToPosition(0, 750): Browser is scrolled to position x = 0, y = 750

05-05-2024T10:48:13 - [MESSAGE][PASSED] - Browser is scrolled to position x = 0, y = 750

05-05-2024T10:48:13 - [TEST_STEP][PASSED] - click(findTestObject("Dangky/Page_Trang ch/Page_ng k ti khon/button_ng k"), STOP_ON_FAILURE): Object: 'Object Repository/Dangky/Page_Trang ch/Page_ng k ti khon/button_ng k' is clicked on

05-05-2024T10:48:15 - [MESSAGE][PASSED] - Object: 'Object Repository/Dangky/Page_Trang ch/Page_ng k ti khon/button_ng k' is clicked on

05-05-2024T10:48:15 - [TEST_STEP][PASSED] - verifyElementText(findTestObject("Dangky/Page_Dashboard/a_Thng tin ti khon"), "THÔNG TIN TÀI KHOẢN"): Actual text and expected text of test object 'Object Repository/Dangky/Page_Dashboard/a_Thng tin ti khon' are matched.

05-05-2024T10:48:15 - [MESSAGE][PASSED] - Actual text and expected text of test object 'Object Repository/Dangky/Page_Dashboard/a_Thng tin ti khon' are matched.

05-05-2024T10:48:15 - [TEST_STEP][PASSED] - closeBrowser(): Browser is closed

05-05-2024T10:48:15 - [MESSAGE][PASSED] - Browser is closed]]></system-out>
         <system-err><![CDATA[]]></system-err>
      </testcase>
      <testcase name="Test Cases/Dangky/Dang Ky_TC14" time="11.402" classname="Test Cases/Dangky/Dang Ky_TC14" status="PASSED">
         <system-out><![CDATA[05-05-2024T10:48:15 - [TEST_CASE][PASSED] - Test Cases/Dangky/Dang Ky_TC14: Test Cases/Dangky/Dang Ky_TC14

05-05-2024T10:48:15 - [TEST_STEP][PASSED] - openBrowser("http://www.morricosmetics.somee.com/"): Browser is opened with url: 'http://www.morricosmetics.somee.com/'

05-05-2024T10:48:15 - [MESSAGE][INFO] - Starting 'Edge Chromium' driver

05-05-2024T10:48:17 - [MESSAGE][INFO] - Action delay is set to 0 milliseconds

05-05-2024T10:48:23 - [MESSAGE][PASSED] - Browser is opened with url: 'http://www.morricosmetics.somee.com/'

05-05-2024T10:48:23 - [TEST_STEP][PASSED] - maximizeWindow(): Current window maximized

05-05-2024T10:48:23 - [MESSAGE][PASSED] - Current window maximized

05-05-2024T10:48:23 - [TEST_STEP][PASSED] - click(findTestObject("Dangky/Page_Trang ch/i_Lin h nhanh_pe-7s-users")): Object: 'Object Repository/Dangky/Page_Trang ch/i_Lin h nhanh_pe-7s-users' is clicked on

05-05-2024T10:48:23 - [MESSAGE][PASSED] - Object: 'Object Repository/Dangky/Page_Trang ch/i_Lin h nhanh_pe-7s-users' is clicked on

05-05-2024T10:48:23 - [TEST_STEP][PASSED] - clickOffset(findTestObject("Dangky/Page_Trang ch/a_ng k ti khon"), 0, 0): Object: 'Object Repository/Dangky/Page_Trang ch/a_ng k ti khon' is clicked on using offset x=0 and y=0

05-05-2024T10:48:24 - [MESSAGE][PASSED] - Object: 'Object Repository/Dangky/Page_Trang ch/a_ng k ti khon' is clicked on using offset x=0 and y=0

05-05-2024T10:48:24 - [TEST_STEP][PASSED] - setText(findTestObject("Dangky/Page_ng k ti khon/input_H v Tn_FullName"), "Morri"): Text 'Morri' is set on object 'Object Repository/Dangky/Page_ng k ti khon/input_H v Tn_FullName'

05-05-2024T10:48:24 - [MESSAGE][PASSED] - Text 'Morri' is set on object 'Object Repository/Dangky/Page_ng k ti khon/input_H v Tn_FullName'

05-05-2024T10:48:24 - [TEST_STEP][PASSED] - setText(findTestObject("Dangky/Page_ng k ti khon/input_a ch Email_Email"), "morritest&%*#@gmail.com"): Text 'morritest&%*#@gmail.com' is set on object 'Object Repository/Dangky/Page_ng k ti khon/input_a ch Email_Email'

05-05-2024T10:48:25 - [MESSAGE][PASSED] - Text 'morritest&%*#@gmail.com' is set on object 'Object Repository/Dangky/Page_ng k ti khon/input_a ch Email_Email'

05-05-2024T10:48:25 - [TEST_STEP][PASSED] - setText(findTestObject("Dangky/Page_ng k ti khon/input_S in thoi_Phone"), "0935626852"): Text '0935626852' is set on object 'Object Repository/Dangky/Page_ng k ti khon/input_S in thoi_Phone'

05-05-2024T10:48:25 - [MESSAGE][PASSED] - Text '0935626852' is set on object 'Object Repository/Dangky/Page_ng k ti khon/input_S in thoi_Phone'

05-05-2024T10:48:25 - [TEST_STEP][PASSED] - setText(findTestObject("Dangky/Page_ng k ti khon/input_Mt khu_Password"), "123456"): Text '123456' is set on object 'Object Repository/Dangky/Page_ng k ti khon/input_Mt khu_Password'

05-05-2024T10:48:25 - [MESSAGE][PASSED] - Text '123456' is set on object 'Object Repository/Dangky/Page_ng k ti khon/input_Mt khu_Password'

05-05-2024T10:48:25 - [TEST_STEP][PASSED] - setText(findTestObject("Dangky/Page_ng k ti khon/input_Nhp li mt khu_ConfirmPassword"), "123456"): Text '123456' is set on object 'Object Repository/Dangky/Page_ng k ti khon/input_Nhp li mt khu_ConfirmPassword'

05-05-2024T10:48:25 - [MESSAGE][PASSED] - Text '123456' is set on object 'Object Repository/Dangky/Page_ng k ti khon/input_Nhp li mt khu_ConfirmPassword'

05-05-2024T10:48:25 - [TEST_STEP][PASSED] - scrollToPosition(0, 750): Browser is scrolled to position x = 0, y = 750

05-05-2024T10:48:25 - [MESSAGE][PASSED] - Browser is scrolled to position x = 0, y = 750

05-05-2024T10:48:25 - [TEST_STEP][PASSED] - click(findTestObject("Dangky/Page_Trang ch/Page_ng k ti khon/button_ng k")): Object: 'Object Repository/Dangky/Page_Trang ch/Page_ng k ti khon/button_ng k' is clicked on

05-05-2024T10:48:26 - [MESSAGE][PASSED] - Object: 'Object Repository/Dangky/Page_Trang ch/Page_ng k ti khon/button_ng k' is clicked on

05-05-2024T10:48:26 - [TEST_STEP][PASSED] - verifyElementText(findTestObject("Dangky/Page_Dashboard/a_Thng tin ti khon"), "THÔNG TIN TÀI KHOẢN"): Actual text and expected text of test object 'Object Repository/Dangky/Page_Dashboard/a_Thng tin ti khon' are matched.

05-05-2024T10:48:26 - [MESSAGE][PASSED] - Actual text and expected text of test object 'Object Repository/Dangky/Page_Dashboard/a_Thng tin ti khon' are matched.

05-05-2024T10:48:26 - [TEST_STEP][PASSED] - closeBrowser(): Browser is closed

05-05-2024T10:48:26 - [MESSAGE][PASSED] - Browser is closed]]></system-out>
         <system-err><![CDATA[]]></system-err>
      </testcase>
      <testcase name="Test Cases/Dangky/Dang Ky_TC2" time="43.322" classname="Test Cases/Dangky/Dang Ky_TC2" status="FAILED">
         <failure type="FAILED" message="Test Cases/Dangky/Dang Ky_TC2 FAILED.&#xa;Reason:&#xa;com.kms.katalon.core.exception.StepFailedException: Verify element text of test object 'Object Repository/Dangky/Page_Dashboard/a_Thng tin ti khon' FAILED.&#xa;	at com.kms.katalon.core.webui.keyword.internal.WebUIKeywordMain.stepFailed(WebUIKeywordMain.groovy:64)&#xa;	at com.kms.katalon.core.webui.keyword.internal.WebUIKeywordMain.runKeyword(WebUIKeywordMain.groovy:26)&#xa;	at com.kms.katalon.core.webui.keyword.builtin.VerifyElementTextKeyword.verifyElementText(VerifyElementTextKeyword.groovy:72)&#xa;	at com.kms.katalon.core.webui.keyword.builtin.VerifyElementTextKeyword.execute(VerifyElementTextKeyword.groovy:40)&#xa;	at com.kms.katalon.core.keyword.internal.KeywordExecutor.executeKeywordForPlatform(KeywordExecutor.groovy:74)&#xa;	at com.kms.katalon.core.webui.keyword.WebUiBuiltInKeywords.verifyElementText(WebUiBuiltInKeywords.groovy:4835)&#xa;	at Dang Ky_TC2.run(Dang Ky_TC2:40)&#xa;	at com.kms.katalon.core.main.ScriptEngine.run(ScriptEngine.java:194)&#xa;	at com.kms.katalon.core.main.ScriptEngine.runScriptAsRawText(ScriptEngine.java:119)&#xa;	at com.kms.katalon.core.main.TestCaseExecutor.runScript(TestCaseExecutor.java:448)&#xa;	at com.kms.katalon.core.main.TestCaseExecutor.doExecute(TestCaseExecutor.java:439)&#xa;	at com.kms.katalon.core.main.TestCaseExecutor.processExecutionPhase(TestCaseExecutor.java:418)&#xa;	at com.kms.katalon.core.main.TestCaseExecutor.accessMainPhase(TestCaseExecutor.java:410)&#xa;	at com.kms.katalon.core.main.TestCaseExecutor.execute(TestCaseExecutor.java:285)&#xa;	at com.kms.katalon.core.common.CommonExecutor.accessTestCaseMainPhase(CommonExecutor.java:65)&#xa;	at com.kms.katalon.core.main.TestSuiteExecutor.accessTestSuiteMainPhase(TestSuiteExecutor.java:148)&#xa;	at com.kms.katalon.core.main.TestSuiteExecutor.execute(TestSuiteExecutor.java:106)&#xa;	at com.kms.katalon.core.main.TestCaseMain.startTestSuite(TestCaseMain.java:180)&#xa;	at TempTestSuite1714880705198.run(TempTestSuite1714880705198.groovy:35)&#xa;	at java.base/jdk.internal.reflect.NativeMethodAccessorImpl.invoke0(Native Method)&#xa;	at java.base/jdk.internal.reflect.NativeMethodAccessorImpl.invoke(NativeMethodAccessorImpl.java:77)&#xa;	at java.base/jdk.internal.reflect.DelegatingMethodAccessorImpl.invoke(DelegatingMethodAccessorImpl.java:43)&#xa;Caused by: com.kms.katalon.core.exception.StepFailedException: com.kms.katalon.core.webui.exception.WebElementNotFoundException: Web element with id: 'Object Repository/Dangky/Page_Dashboard/a_Thng tin ti khon' located by '//a[@id='account-dashboard-tab']' not found&#xa;	at com.kms.katalon.core.webui.keyword.internal.WebUIKeywordMain.stepFailed(WebUIKeywordMain.groovy:64)&#xa;	at com.kms.katalon.core.webui.keyword.builtin.VerifyElementTextKeyword$_verifyElementText_closure1.doCall(VerifyElementTextKeyword.groovy:64)&#xa;	at com.kms.katalon.core.webui.keyword.builtin.VerifyElementTextKeyword$_verifyElementText_closure1.call(VerifyElementTextKeyword.groovy)&#xa;	at com.kms.katalon.core.webui.keyword.internal.WebUIKeywordMain.runKeyword(WebUIKeywordMain.groovy:20)&#xa;	... 20 more&#xa;"/>
         <system-out><![CDATA[05-05-2024T10:48:26 - [TEST_CASE][FAILED] - Test Cases/Dangky/Dang Ky_TC2: Test Cases/Dangky/Dang Ky_TC2 FAILED.
Reason:
com.kms.katalon.core.exception.StepFailedException: Verify element text of test object 'Object Repository/Dangky/Page_Dashboard/a_Thng tin ti khon' FAILED.
	at com.kms.katalon.core.webui.keyword.internal.WebUIKeywordMain.stepFailed(WebUIKeywordMain.groovy:64)
	at com.kms.katalon.core.webui.keyword.internal.WebUIKeywordMain.runKeyword(WebUIKeywordMain.groovy:26)
	at com.kms.katalon.core.webui.keyword.builtin.VerifyElementTextKeyword.verifyElementText(VerifyElementTextKeyword.groovy:72)
	at com.kms.katalon.core.webui.keyword.builtin.VerifyElementTextKeyword.execute(VerifyElementTextKeyword.groovy:40)
	at com.kms.katalon.core.keyword.internal.KeywordExecutor.executeKeywordForPlatform(KeywordExecutor.groovy:74)
	at com.kms.katalon.core.webui.keyword.WebUiBuiltInKeywords.verifyElementText(WebUiBuiltInKeywords.groovy:4835)
	at Dang Ky_TC2.run(Dang Ky_TC2:40)
	at com.kms.katalon.core.main.ScriptEngine.run(ScriptEngine.java:194)
	at com.kms.katalon.core.main.ScriptEngine.runScriptAsRawText(ScriptEngine.java:119)
	at com.kms.katalon.core.main.TestCaseExecutor.runScript(TestCaseExecutor.java:448)
	at com.kms.katalon.core.main.TestCaseExecutor.doExecute(TestCaseExecutor.java:439)
	at com.kms.katalon.core.main.TestCaseExecutor.processExecutionPhase(TestCaseExecutor.java:418)
	at com.kms.katalon.core.main.TestCaseExecutor.accessMainPhase(TestCaseExecutor.java:410)
	at com.kms.katalon.core.main.TestCaseExecutor.execute(TestCaseExecutor.java:285)
	at com.kms.katalon.core.common.CommonExecutor.accessTestCaseMainPhase(CommonExecutor.java:65)
	at com.kms.katalon.core.main.TestSuiteExecutor.accessTestSuiteMainPhase(TestSuiteExecutor.java:148)
	at com.kms.katalon.core.main.TestSuiteExecutor.execute(TestSuiteExecutor.java:106)
	at com.kms.katalon.core.main.TestCaseMain.startTestSuite(TestCaseMain.java:180)
	at TempTestSuite1714880705198.run(TempTestSuite1714880705198.groovy:35)
	at java.base/jdk.internal.reflect.NativeMethodAccessorImpl.invoke0(Native Method)
	at java.base/jdk.internal.reflect.NativeMethodAccessorImpl.invoke(NativeMethodAccessorImpl.java:77)
	at java.base/jdk.internal.reflect.DelegatingMethodAccessorImpl.invoke(DelegatingMethodAccessorImpl.java:43)
Caused by: com.kms.katalon.core.exception.StepFailedException: com.kms.katalon.core.webui.exception.WebElementNotFoundException: Web element with id: 'Object Repository/Dangky/Page_Dashboard/a_Thng tin ti khon' located by '//a[@id='account-dashboard-tab']' not found
	at com.kms.katalon.core.webui.keyword.internal.WebUIKeywordMain.stepFailed(WebUIKeywordMain.groovy:64)
	at com.kms.katalon.core.webui.keyword.builtin.VerifyElementTextKeyword$_verifyElementText_closure1.doCall(VerifyElementTextKeyword.groovy:64)
	at com.kms.katalon.core.webui.keyword.builtin.VerifyElementTextKeyword$_verifyElementText_closure1.call(VerifyElementTextKeyword.groovy)
	at com.kms.katalon.core.webui.keyword.internal.WebUIKeywordMain.runKeyword(WebUIKeywordMain.groovy:20)
	... 20 more


05-05-2024T10:48:26 - [TEST_STEP][PASSED] - openBrowser("http://www.morricosmetics.somee.com/"): Browser is opened with url: 'http://www.morricosmetics.somee.com/'

05-05-2024T10:48:26 - [MESSAGE][INFO] - Starting 'Edge Chromium' driver

05-05-2024T10:48:28 - [MESSAGE][INFO] - Action delay is set to 0 milliseconds

05-05-2024T10:48:36 - [MESSAGE][PASSED] - Browser is opened with url: 'http://www.morricosmetics.somee.com/'

05-05-2024T10:48:36 - [TEST_STEP][PASSED] - click(findTestObject("Dangky/Page_Trang ch/i_Lin h nhanh_pe-7s-users")): Object: 'Object Repository/Dangky/Page_Trang ch/i_Lin h nhanh_pe-7s-users' is clicked on

05-05-2024T10:48:36 - [MESSAGE][PASSED] - Object: 'Object Repository/Dangky/Page_Trang ch/i_Lin h nhanh_pe-7s-users' is clicked on

05-05-2024T10:48:36 - [TEST_STEP][PASSED] - clickOffset(findTestObject("Dangky/Page_Trang ch/a_ng k ti khon"), 0, 0): Object: 'Object Repository/Dangky/Page_Trang ch/a_ng k ti khon' is clicked on using offset x=0 and y=0

05-05-2024T10:48:37 - [MESSAGE][PASSED] - Object: 'Object Repository/Dangky/Page_Trang ch/a_ng k ti khon' is clicked on using offset x=0 and y=0

05-05-2024T10:48:37 - [TEST_STEP][PASSED] - setText(findTestObject("Dangky/Page_ng k ti khon/input_H v Tn_FullName"), ""): Text '' is set on object 'Object Repository/Dangky/Page_ng k ti khon/input_H v Tn_FullName'

05-05-2024T10:48:37 - [MESSAGE][PASSED] - Text '' is set on object 'Object Repository/Dangky/Page_ng k ti khon/input_H v Tn_FullName'

05-05-2024T10:48:37 - [TEST_STEP][PASSED] - setText(findTestObject("Dangky/Page_ng k ti khon/input_a ch Email_Email"), "morritest@gmail.com"): Text 'morritest@gmail.com' is set on object 'Object Repository/Dangky/Page_ng k ti khon/input_a ch Email_Email'

05-05-2024T10:48:37 - [MESSAGE][PASSED] - Text 'morritest@gmail.com' is set on object 'Object Repository/Dangky/Page_ng k ti khon/input_a ch Email_Email'

05-05-2024T10:48:37 - [TEST_STEP][PASSED] - setText(findTestObject("Dangky/Page_ng k ti khon/input_S in thoi_Phone"), "0935626852"): Text '0935626852' is set on object 'Object Repository/Dangky/Page_ng k ti khon/input_S in thoi_Phone'

05-05-2024T10:48:37 - [MESSAGE][PASSED] - Text '0935626852' is set on object 'Object Repository/Dangky/Page_ng k ti khon/input_S in thoi_Phone'

05-05-2024T10:48:37 - [TEST_STEP][PASSED] - setText(findTestObject("Dangky/Page_ng k ti khon/input_Mt khu_Password"), "123456"): Text '123456' is set on object 'Object Repository/Dangky/Page_ng k ti khon/input_Mt khu_Password'

05-05-2024T10:48:38 - [MESSAGE][PASSED] - Text '123456' is set on object 'Object Repository/Dangky/Page_ng k ti khon/input_Mt khu_Password'

05-05-2024T10:48:38 - [TEST_STEP][PASSED] - setText(findTestObject("Dangky/Page_ng k ti khon/input_Nhp li mt khu_ConfirmPassword"), "123456"): Text '123456' is set on object 'Object Repository/Dangky/Page_ng k ti khon/input_Nhp li mt khu_ConfirmPassword'

05-05-2024T10:48:38 - [MESSAGE][PASSED] - Text '123456' is set on object 'Object Repository/Dangky/Page_ng k ti khon/input_Nhp li mt khu_ConfirmPassword'

05-05-2024T10:48:38 - [TEST_STEP][PASSED] - scrollToPosition(0, 750): Browser is scrolled to position x = 0, y = 750

05-05-2024T10:48:38 - [MESSAGE][PASSED] - Browser is scrolled to position x = 0, y = 750

05-05-2024T10:48:38 - [TEST_STEP][PASSED] - click(findTestObject("Dangky/Page_Trang ch/Page_ng k ti khon/button_ng k")): Object: 'Object Repository/Dangky/Page_Trang ch/Page_ng k ti khon/button_ng k' is clicked on

05-05-2024T10:48:38 - [MESSAGE][PASSED] - Object: 'Object Repository/Dangky/Page_Trang ch/Page_ng k ti khon/button_ng k' is clicked on

05-05-2024T10:48:38 - [TEST_STEP][FAILED] - verifyElementText(findTestObject("Dangky/Page_Dashboard/a_Thng tin ti khon"), "THÔNG TIN TÀI KHOẢN"): Verify element text of test object 'Object Repository/Dangky/Page_Dashboard/a_Thng tin ti khon' FAILED. (Root cause: com.kms.katalon.core.exception.StepFailedException: Verify element text of test object 'Object Repository/Dangky/Page_Dashboard/a_Thng tin ti khon' FAILED.
	at com.kms.katalon.core.webui.keyword.internal.WebUIKeywordMain.stepFailed(WebUIKeywordMain.groovy:64)
	at com.kms.katalon.core.webui.keyword.internal.WebUIKeywordMain.runKeyword(WebUIKeywordMain.groovy:26)
	at com.kms.katalon.core.webui.keyword.builtin.VerifyElementTextKeyword.verifyElementText(VerifyElementTextKeyword.groovy:72)
	at com.kms.katalon.core.webui.keyword.builtin.VerifyElementTextKeyword.execute(VerifyElementTextKeyword.groovy:40)
	at com.kms.katalon.core.keyword.internal.KeywordExecutor.executeKeywordForPlatform(KeywordExecutor.groovy:74)
	at com.kms.katalon.core.webui.keyword.WebUiBuiltInKeywords.verifyElementText(WebUiBuiltInKeywords.groovy:4835)
	at Dang Ky_TC2.run(Dang Ky_TC2:40)
	at com.kms.katalon.core.main.ScriptEngine.run(ScriptEngine.java:194)
	at com.kms.katalon.core.main.ScriptEngine.runScriptAsRawText(ScriptEngine.java:119)
	at com.kms.katalon.core.main.TestCaseExecutor.runScript(TestCaseExecutor.java:448)
	at com.kms.katalon.core.main.TestCaseExecutor.doExecute(TestCaseExecutor.java:439)
	at com.kms.katalon.core.main.TestCaseExecutor.processExecutionPhase(TestCaseExecutor.java:418)
	at com.kms.katalon.core.main.TestCaseExecutor.accessMainPhase(TestCaseExecutor.java:410)
	at com.kms.katalon.core.main.TestCaseExecutor.execute(TestCaseExecutor.java:285)
	at com.kms.katalon.core.common.CommonExecutor.accessTestCaseMainPhase(CommonExecutor.java:65)
	at com.kms.katalon.core.main.TestSuiteExecutor.accessTestSuiteMainPhase(TestSuiteExecutor.java:148)
	at com.kms.katalon.core.main.TestSuiteExecutor.execute(TestSuiteExecutor.java:106)
	at com.kms.katalon.core.main.TestCaseMain.startTestSuite(TestCaseMain.java:180)
	at TempTestSuite1714880705198.run(TempTestSuite1714880705198.groovy:35)
	at java.base/jdk.internal.reflect.NativeMethodAccessorImpl.invoke0(Native Method)
	at java.base/jdk.internal.reflect.NativeMethodAccessorImpl.invoke(NativeMethodAccessorImpl.java:77)
	at java.base/jdk.internal.reflect.DelegatingMethodAccessorImpl.invoke(DelegatingMethodAccessorImpl.java:43)
Caused by: com.kms.katalon.core.exception.StepFailedException: com.kms.katalon.core.webui.exception.WebElementNotFoundException: Web element with id: 'Object Repository/Dangky/Page_Dashboard/a_Thng tin ti khon' located by '//a[@id='account-dashboard-tab']' not found
	at com.kms.katalon.core.webui.keyword.internal.WebUIKeywordMain.stepFailed(WebUIKeywordMain.groovy:64)
	at com.kms.katalon.core.webui.keyword.builtin.VerifyElementTextKeyword$_verifyElementText_closure1.doCall(VerifyElementTextKeyword.groovy:64)
	at com.kms.katalon.core.webui.keyword.builtin.VerifyElementTextKeyword$_verifyElementText_closure1.call(VerifyElementTextKeyword.groovy)
	at com.kms.katalon.core.webui.keyword.internal.WebUIKeywordMain.runKeyword(WebUIKeywordMain.groovy:20)
	... 20 more
)

05-05-2024T10:49:09 - [MESSAGE][INFO] - Unable to find the element located by 'By.xpath: //a[@id='account-dashboard-tab']'. Please recheck the objects properties to make sure the desired element is located. 

05-05-2024T10:49:10 - [MESSAGE][FAILED] - com.kms.katalon.core.webui.exception.WebElementNotFoundException: Web element with id: 'Object Repository/Dangky/Page_Dashboard/a_Thng tin ti khon' located by '//a[@id='account-dashboard-tab']' not found (Root cause: com.kms.katalon.core.exception.StepFailedException: com.kms.katalon.core.webui.exception.WebElementNotFoundException: Web element with id: 'Object Repository/Dangky/Page_Dashboard/a_Thng tin ti khon' located by '//a[@id='account-dashboard-tab']' not found
	at com.kms.katalon.core.webui.keyword.internal.WebUIKeywordMain.stepFailed(WebUIKeywordMain.groovy:64)
	at com.kms.katalon.core.webui.keyword.builtin.VerifyElementTextKeyword$_verifyElementText_closure1.doCall(VerifyElementTextKeyword.groovy:64)
	at com.kms.katalon.core.webui.keyword.builtin.VerifyElementTextKeyword$_verifyElementText_closure1.call(VerifyElementTextKeyword.groovy)
	at com.kms.katalon.core.webui.keyword.internal.WebUIKeywordMain.runKeyword(WebUIKeywordMain.groovy:20)
	at com.kms.katalon.core.webui.keyword.builtin.VerifyElementTextKeyword.verifyElementText(VerifyElementTextKeyword.groovy:72)
	at com.kms.katalon.core.webui.keyword.builtin.VerifyElementTextKeyword.execute(VerifyElementTextKeyword.groovy:40)
	at com.kms.katalon.core.keyword.internal.KeywordExecutor.executeKeywordForPlatform(KeywordExecutor.groovy:74)
	at com.kms.katalon.core.webui.keyword.WebUiBuiltInKeywords.verifyElementText(WebUiBuiltInKeywords.groovy:4835)
	at Dang Ky_TC2.run(Dang Ky_TC2:40)
	at com.kms.katalon.core.main.ScriptEngine.run(ScriptEngine.java:194)
	at com.kms.katalon.core.main.ScriptEngine.runScriptAsRawText(ScriptEngine.java:119)
	at com.kms.katalon.core.main.TestCaseExecutor.runScript(TestCaseExecutor.java:448)
	at com.kms.katalon.core.main.TestCaseExecutor.doExecute(TestCaseExecutor.java:439)
	at com.kms.katalon.core.main.TestCaseExecutor.processExecutionPhase(TestCaseExecutor.java:418)
	at com.kms.katalon.core.main.TestCaseExecutor.accessMainPhase(TestCaseExecutor.java:410)
	at com.kms.katalon.core.main.TestCaseExecutor.execute(TestCaseExecutor.java:285)
	at com.kms.katalon.core.common.CommonExecutor.accessTestCaseMainPhase(CommonExecutor.java:65)
	at com.kms.katalon.core.main.TestSuiteExecutor.accessTestSuiteMainPhase(TestSuiteExecutor.java:148)
	at com.kms.katalon.core.main.TestSuiteExecutor.execute(TestSuiteExecutor.java:106)
	at com.kms.katalon.core.main.TestCaseMain.startTestSuite(TestCaseMain.java:180)
	at TempTestSuite1714880705198.run(TempTestSuite1714880705198.groovy:35)
	at java.base/jdk.internal.reflect.NativeMethodAccessorImpl.invoke0(Native Method)
	at java.base/jdk.internal.reflect.NativeMethodAccessorImpl.invoke(NativeMethodAccessorImpl.java:77)
	at java.base/jdk.internal.reflect.DelegatingMethodAccessorImpl.invoke(DelegatingMethodAccessorImpl.java:43)
)
[[ATTACHMENT|C:\\Users\\84336\\git\\Final_TestMorriWeb\\Reports\\20240505_104505\\Dangky\\20240505_104505\\1714880949950.png]]

05-05-2024T10:49:10 - [MESSAGE][FAILED] - Verify element text of test object 'Object Repository/Dangky/Page_Dashboard/a_Thng tin ti khon' FAILED. (Root cause: com.kms.katalon.core.exception.StepFailedException: Verify element text of test object 'Object Repository/Dangky/Page_Dashboard/a_Thng tin ti khon' FAILED.
	at com.kms.katalon.core.webui.keyword.internal.WebUIKeywordMain.stepFailed(WebUIKeywordMain.groovy:64)
	at com.kms.katalon.core.webui.keyword.internal.WebUIKeywordMain.runKeyword(WebUIKeywordMain.groovy:26)
	at com.kms.katalon.core.webui.keyword.builtin.VerifyElementTextKeyword.verifyElementText(VerifyElementTextKeyword.groovy:72)
	at com.kms.katalon.core.webui.keyword.builtin.VerifyElementTextKeyword.execute(VerifyElementTextKeyword.groovy:40)
	at com.kms.katalon.core.keyword.internal.KeywordExecutor.executeKeywordForPlatform(KeywordExecutor.groovy:74)
	at com.kms.katalon.core.webui.keyword.WebUiBuiltInKeywords.verifyElementText(WebUiBuiltInKeywords.groovy:4835)
	at Dang Ky_TC2.run(Dang Ky_TC2:40)
	at com.kms.katalon.core.main.ScriptEngine.run(ScriptEngine.java:194)
	at com.kms.katalon.core.main.ScriptEngine.runScriptAsRawText(ScriptEngine.java:119)
	at com.kms.katalon.core.main.TestCaseExecutor.runScript(TestCaseExecutor.java:448)
	at com.kms.katalon.core.main.TestCaseExecutor.doExecute(TestCaseExecutor.java:439)
	at com.kms.katalon.core.main.TestCaseExecutor.processExecutionPhase(TestCaseExecutor.java:418)
	at com.kms.katalon.core.main.TestCaseExecutor.accessMainPhase(TestCaseExecutor.java:410)
	at com.kms.katalon.core.main.TestCaseExecutor.execute(TestCaseExecutor.java:285)
	at com.kms.katalon.core.common.CommonExecutor.accessTestCaseMainPhase(CommonExecutor.java:65)
	at com.kms.katalon.core.main.TestSuiteExecutor.accessTestSuiteMainPhase(TestSuiteExecutor.java:148)
	at com.kms.katalon.core.main.TestSuiteExecutor.execute(TestSuiteExecutor.java:106)
	at com.kms.katalon.core.main.TestCaseMain.startTestSuite(TestCaseMain.java:180)
	at TempTestSuite1714880705198.run(TempTestSuite1714880705198.groovy:35)
	at java.base/jdk.internal.reflect.NativeMethodAccessorImpl.invoke0(Native Method)
	at java.base/jdk.internal.reflect.NativeMethodAccessorImpl.invoke(NativeMethodAccessorImpl.java:77)
	at java.base/jdk.internal.reflect.DelegatingMethodAccessorImpl.invoke(DelegatingMethodAccessorImpl.java:43)
Caused by: com.kms.katalon.core.exception.StepFailedException: com.kms.katalon.core.webui.exception.WebElementNotFoundException: Web element with id: 'Object Repository/Dangky/Page_Dashboard/a_Thng tin ti khon' located by '//a[@id='account-dashboard-tab']' not found
	at com.kms.katalon.core.webui.keyword.internal.WebUIKeywordMain.stepFailed(WebUIKeywordMain.groovy:64)
	at com.kms.katalon.core.webui.keyword.builtin.VerifyElementTextKeyword$_verifyElementText_closure1.doCall(VerifyElementTextKeyword.groovy:64)
	at com.kms.katalon.core.webui.keyword.builtin.VerifyElementTextKeyword$_verifyElementText_closure1.call(VerifyElementTextKeyword.groovy)
	at com.kms.katalon.core.webui.keyword.internal.WebUIKeywordMain.runKeyword(WebUIKeywordMain.groovy:20)
	... 20 more
)
[[ATTACHMENT|C:\\Users\\84336\\git\\Final_TestMorriWeb\\Reports\\20240505_104505\\Dangky\\20240505_104505\\1714880950085.png]]]]></system-out>
         <system-err><![CDATA[05-05-2024T10:48:26 - [TEST_CASE][FAILED] - Test Cases/Dangky/Dang Ky_TC2: Test Cases/Dangky/Dang Ky_TC2 FAILED.
Reason:
com.kms.katalon.core.exception.StepFailedException: Verify element text of test object 'Object Repository/Dangky/Page_Dashboard/a_Thng tin ti khon' FAILED.
	at com.kms.katalon.core.webui.keyword.internal.WebUIKeywordMain.stepFailed(WebUIKeywordMain.groovy:64)
	at com.kms.katalon.core.webui.keyword.internal.WebUIKeywordMain.runKeyword(WebUIKeywordMain.groovy:26)
	at com.kms.katalon.core.webui.keyword.builtin.VerifyElementTextKeyword.verifyElementText(VerifyElementTextKeyword.groovy:72)
	at com.kms.katalon.core.webui.keyword.builtin.VerifyElementTextKeyword.execute(VerifyElementTextKeyword.groovy:40)
	at com.kms.katalon.core.keyword.internal.KeywordExecutor.executeKeywordForPlatform(KeywordExecutor.groovy:74)
	at com.kms.katalon.core.webui.keyword.WebUiBuiltInKeywords.verifyElementText(WebUiBuiltInKeywords.groovy:4835)
	at Dang Ky_TC2.run(Dang Ky_TC2:40)
	at com.kms.katalon.core.main.ScriptEngine.run(ScriptEngine.java:194)
	at com.kms.katalon.core.main.ScriptEngine.runScriptAsRawText(ScriptEngine.java:119)
	at com.kms.katalon.core.main.TestCaseExecutor.runScript(TestCaseExecutor.java:448)
	at com.kms.katalon.core.main.TestCaseExecutor.doExecute(TestCaseExecutor.java:439)
	at com.kms.katalon.core.main.TestCaseExecutor.processExecutionPhase(TestCaseExecutor.java:418)
	at com.kms.katalon.core.main.TestCaseExecutor.accessMainPhase(TestCaseExecutor.java:410)
	at com.kms.katalon.core.main.TestCaseExecutor.execute(TestCaseExecutor.java:285)
	at com.kms.katalon.core.common.CommonExecutor.accessTestCaseMainPhase(CommonExecutor.java:65)
	at com.kms.katalon.core.main.TestSuiteExecutor.accessTestSuiteMainPhase(TestSuiteExecutor.java:148)
	at com.kms.katalon.core.main.TestSuiteExecutor.execute(TestSuiteExecutor.java:106)
	at com.kms.katalon.core.main.TestCaseMain.startTestSuite(TestCaseMain.java:180)
	at TempTestSuite1714880705198.run(TempTestSuite1714880705198.groovy:35)
	at java.base/jdk.internal.reflect.NativeMethodAccessorImpl.invoke0(Native Method)
	at java.base/jdk.internal.reflect.NativeMethodAccessorImpl.invoke(NativeMethodAccessorImpl.java:77)
	at java.base/jdk.internal.reflect.DelegatingMethodAccessorImpl.invoke(DelegatingMethodAccessorImpl.java:43)
Caused by: com.kms.katalon.core.exception.StepFailedException: com.kms.katalon.core.webui.exception.WebElementNotFoundException: Web element with id: 'Object Repository/Dangky/Page_Dashboard/a_Thng tin ti khon' located by '//a[@id='account-dashboard-tab']' not found
	at com.kms.katalon.core.webui.keyword.internal.WebUIKeywordMain.stepFailed(WebUIKeywordMain.groovy:64)
	at com.kms.katalon.core.webui.keyword.builtin.VerifyElementTextKeyword$_verifyElementText_closure1.doCall(VerifyElementTextKeyword.groovy:64)
	at com.kms.katalon.core.webui.keyword.builtin.VerifyElementTextKeyword$_verifyElementText_closure1.call(VerifyElementTextKeyword.groovy)
	at com.kms.katalon.core.webui.keyword.internal.WebUIKeywordMain.runKeyword(WebUIKeywordMain.groovy:20)
	... 20 more]]></system-err>
      </testcase>
      <testcase name="Test Cases/Dangky/Dang Ky_TC3" time="43.311" classname="Test Cases/Dangky/Dang Ky_TC3" status="FAILED">
         <failure type="FAILED" message="Test Cases/Dangky/Dang Ky_TC3 FAILED.&#xa;Reason:&#xa;com.kms.katalon.core.exception.StepFailedException: Verify element text of test object 'Object Repository/Dangky/Page_Dashboard/a_Thng tin ti khon' FAILED.&#xa;	at com.kms.katalon.core.webui.keyword.internal.WebUIKeywordMain.stepFailed(WebUIKeywordMain.groovy:64)&#xa;	at com.kms.katalon.core.webui.keyword.internal.WebUIKeywordMain.runKeyword(WebUIKeywordMain.groovy:26)&#xa;	at com.kms.katalon.core.webui.keyword.builtin.VerifyElementTextKeyword.verifyElementText(VerifyElementTextKeyword.groovy:72)&#xa;	at com.kms.katalon.core.webui.keyword.builtin.VerifyElementTextKeyword.execute(VerifyElementTextKeyword.groovy:40)&#xa;	at com.kms.katalon.core.keyword.internal.KeywordExecutor.executeKeywordForPlatform(KeywordExecutor.groovy:74)&#xa;	at com.kms.katalon.core.webui.keyword.WebUiBuiltInKeywords.verifyElementText(WebUiBuiltInKeywords.groovy:4835)&#xa;	at Dang Ky_TC3.run(Dang Ky_TC3:40)&#xa;	at com.kms.katalon.core.main.ScriptEngine.run(ScriptEngine.java:194)&#xa;	at com.kms.katalon.core.main.ScriptEngine.runScriptAsRawText(ScriptEngine.java:119)&#xa;	at com.kms.katalon.core.main.TestCaseExecutor.runScript(TestCaseExecutor.java:448)&#xa;	at com.kms.katalon.core.main.TestCaseExecutor.doExecute(TestCaseExecutor.java:439)&#xa;	at com.kms.katalon.core.main.TestCaseExecutor.processExecutionPhase(TestCaseExecutor.java:418)&#xa;	at com.kms.katalon.core.main.TestCaseExecutor.accessMainPhase(TestCaseExecutor.java:410)&#xa;	at com.kms.katalon.core.main.TestCaseExecutor.execute(TestCaseExecutor.java:285)&#xa;	at com.kms.katalon.core.common.CommonExecutor.accessTestCaseMainPhase(CommonExecutor.java:65)&#xa;	at com.kms.katalon.core.main.TestSuiteExecutor.accessTestSuiteMainPhase(TestSuiteExecutor.java:148)&#xa;	at com.kms.katalon.core.main.TestSuiteExecutor.execute(TestSuiteExecutor.java:106)&#xa;	at com.kms.katalon.core.main.TestCaseMain.startTestSuite(TestCaseMain.java:180)&#xa;	at TempTestSuite1714880705198.run(TempTestSuite1714880705198.groovy:35)&#xa;	at java.base/jdk.internal.reflect.NativeMethodAccessorImpl.invoke0(Native Method)&#xa;	at java.base/jdk.internal.reflect.NativeMethodAccessorImpl.invoke(NativeMethodAccessorImpl.java:77)&#xa;	at java.base/jdk.internal.reflect.DelegatingMethodAccessorImpl.invoke(DelegatingMethodAccessorImpl.java:43)&#xa;Caused by: com.kms.katalon.core.exception.StepFailedException: com.kms.katalon.core.webui.exception.WebElementNotFoundException: Web element with id: 'Object Repository/Dangky/Page_Dashboard/a_Thng tin ti khon' located by '//a[@id='account-dashboard-tab']' not found&#xa;	at com.kms.katalon.core.webui.keyword.internal.WebUIKeywordMain.stepFailed(WebUIKeywordMain.groovy:64)&#xa;	at com.kms.katalon.core.webui.keyword.builtin.VerifyElementTextKeyword$_verifyElementText_closure1.doCall(VerifyElementTextKeyword.groovy:64)&#xa;	at com.kms.katalon.core.webui.keyword.builtin.VerifyElementTextKeyword$_verifyElementText_closure1.call(VerifyElementTextKeyword.groovy)&#xa;	at com.kms.katalon.core.webui.keyword.internal.WebUIKeywordMain.runKeyword(WebUIKeywordMain.groovy:20)&#xa;	... 20 more&#xa;"/>
         <system-out><![CDATA[05-05-2024T10:49:10 - [TEST_CASE][FAILED] - Test Cases/Dangky/Dang Ky_TC3: Test Cases/Dangky/Dang Ky_TC3 FAILED.
Reason:
com.kms.katalon.core.exception.StepFailedException: Verify element text of test object 'Object Repository/Dangky/Page_Dashboard/a_Thng tin ti khon' FAILED.
	at com.kms.katalon.core.webui.keyword.internal.WebUIKeywordMain.stepFailed(WebUIKeywordMain.groovy:64)
	at com.kms.katalon.core.webui.keyword.internal.WebUIKeywordMain.runKeyword(WebUIKeywordMain.groovy:26)
	at com.kms.katalon.core.webui.keyword.builtin.VerifyElementTextKeyword.verifyElementText(VerifyElementTextKeyword.groovy:72)
	at com.kms.katalon.core.webui.keyword.builtin.VerifyElementTextKeyword.execute(VerifyElementTextKeyword.groovy:40)
	at com.kms.katalon.core.keyword.internal.KeywordExecutor.executeKeywordForPlatform(KeywordExecutor.groovy:74)
	at com.kms.katalon.core.webui.keyword.WebUiBuiltInKeywords.verifyElementText(WebUiBuiltInKeywords.groovy:4835)
	at Dang Ky_TC3.run(Dang Ky_TC3:40)
	at com.kms.katalon.core.main.ScriptEngine.run(ScriptEngine.java:194)
	at com.kms.katalon.core.main.ScriptEngine.runScriptAsRawText(ScriptEngine.java:119)
	at com.kms.katalon.core.main.TestCaseExecutor.runScript(TestCaseExecutor.java:448)
	at com.kms.katalon.core.main.TestCaseExecutor.doExecute(TestCaseExecutor.java:439)
	at com.kms.katalon.core.main.TestCaseExecutor.processExecutionPhase(TestCaseExecutor.java:418)
	at com.kms.katalon.core.main.TestCaseExecutor.accessMainPhase(TestCaseExecutor.java:410)
	at com.kms.katalon.core.main.TestCaseExecutor.execute(TestCaseExecutor.java:285)
	at com.kms.katalon.core.common.CommonExecutor.accessTestCaseMainPhase(CommonExecutor.java:65)
	at com.kms.katalon.core.main.TestSuiteExecutor.accessTestSuiteMainPhase(TestSuiteExecutor.java:148)
	at com.kms.katalon.core.main.TestSuiteExecutor.execute(TestSuiteExecutor.java:106)
	at com.kms.katalon.core.main.TestCaseMain.startTestSuite(TestCaseMain.java:180)
	at TempTestSuite1714880705198.run(TempTestSuite1714880705198.groovy:35)
	at java.base/jdk.internal.reflect.NativeMethodAccessorImpl.invoke0(Native Method)
	at java.base/jdk.internal.reflect.NativeMethodAccessorImpl.invoke(NativeMethodAccessorImpl.java:77)
	at java.base/jdk.internal.reflect.DelegatingMethodAccessorImpl.invoke(DelegatingMethodAccessorImpl.java:43)
Caused by: com.kms.katalon.core.exception.StepFailedException: com.kms.katalon.core.webui.exception.WebElementNotFoundException: Web element with id: 'Object Repository/Dangky/Page_Dashboard/a_Thng tin ti khon' located by '//a[@id='account-dashboard-tab']' not found
	at com.kms.katalon.core.webui.keyword.internal.WebUIKeywordMain.stepFailed(WebUIKeywordMain.groovy:64)
	at com.kms.katalon.core.webui.keyword.builtin.VerifyElementTextKeyword$_verifyElementText_closure1.doCall(VerifyElementTextKeyword.groovy:64)
	at com.kms.katalon.core.webui.keyword.builtin.VerifyElementTextKeyword$_verifyElementText_closure1.call(VerifyElementTextKeyword.groovy)
	at com.kms.katalon.core.webui.keyword.internal.WebUIKeywordMain.runKeyword(WebUIKeywordMain.groovy:20)
	... 20 more


05-05-2024T10:49:10 - [TEST_STEP][PASSED] - openBrowser("http://www.morricosmetics.somee.com/"): Browser is opened with url: 'http://www.morricosmetics.somee.com/'

05-05-2024T10:49:10 - [MESSAGE][WARNING] - A browser is already opened. Closing browser and opening a new one

05-05-2024T10:49:10 - [MESSAGE][INFO] - Starting 'Edge Chromium' driver

05-05-2024T10:49:12 - [MESSAGE][INFO] - Action delay is set to 0 milliseconds

05-05-2024T10:49:19 - [MESSAGE][PASSED] - Browser is opened with url: 'http://www.morricosmetics.somee.com/'

05-05-2024T10:49:19 - [TEST_STEP][PASSED] - click(findTestObject("Dangky/Page_Trang ch/i_Lin h nhanh_pe-7s-users")): Object: 'Object Repository/Dangky/Page_Trang ch/i_Lin h nhanh_pe-7s-users' is clicked on

05-05-2024T10:49:19 - [MESSAGE][PASSED] - Object: 'Object Repository/Dangky/Page_Trang ch/i_Lin h nhanh_pe-7s-users' is clicked on

05-05-2024T10:49:19 - [TEST_STEP][PASSED] - clickOffset(findTestObject("Dangky/Page_Trang ch/a_ng k ti khon"), 0, 0): Object: 'Object Repository/Dangky/Page_Trang ch/a_ng k ti khon' is clicked on using offset x=0 and y=0

05-05-2024T10:49:20 - [MESSAGE][PASSED] - Object: 'Object Repository/Dangky/Page_Trang ch/a_ng k ti khon' is clicked on using offset x=0 and y=0

05-05-2024T10:49:20 - [TEST_STEP][PASSED] - setText(findTestObject("Dangky/Page_ng k ti khon/input_H v Tn_FullName"), "Morri"): Text 'Morri' is set on object 'Object Repository/Dangky/Page_ng k ti khon/input_H v Tn_FullName'

05-05-2024T10:49:20 - [MESSAGE][PASSED] - Text 'Morri' is set on object 'Object Repository/Dangky/Page_ng k ti khon/input_H v Tn_FullName'

05-05-2024T10:49:20 - [TEST_STEP][PASSED] - setText(findTestObject("Dangky/Page_ng k ti khon/input_a ch Email_Email"), "morritest@gmail.com"): Text 'morritest@gmail.com' is set on object 'Object Repository/Dangky/Page_ng k ti khon/input_a ch Email_Email'

05-05-2024T10:49:20 - [MESSAGE][PASSED] - Text 'morritest@gmail.com' is set on object 'Object Repository/Dangky/Page_ng k ti khon/input_a ch Email_Email'

05-05-2024T10:49:20 - [TEST_STEP][PASSED] - setText(findTestObject("Dangky/Page_ng k ti khon/input_S in thoi_Phone"), ""): Text '' is set on object 'Object Repository/Dangky/Page_ng k ti khon/input_S in thoi_Phone'

05-05-2024T10:49:20 - [MESSAGE][PASSED] - Text '' is set on object 'Object Repository/Dangky/Page_ng k ti khon/input_S in thoi_Phone'

05-05-2024T10:49:20 - [TEST_STEP][PASSED] - setText(findTestObject("Dangky/Page_ng k ti khon/input_Mt khu_Password"), "123456"): Text '123456' is set on object 'Object Repository/Dangky/Page_ng k ti khon/input_Mt khu_Password'

05-05-2024T10:49:20 - [MESSAGE][PASSED] - Text '123456' is set on object 'Object Repository/Dangky/Page_ng k ti khon/input_Mt khu_Password'

05-05-2024T10:49:20 - [TEST_STEP][PASSED] - setText(findTestObject("Dangky/Page_ng k ti khon/input_Nhp li mt khu_ConfirmPassword"), "123456"): Text '123456' is set on object 'Object Repository/Dangky/Page_ng k ti khon/input_Nhp li mt khu_ConfirmPassword'

05-05-2024T10:49:21 - [MESSAGE][PASSED] - Text '123456' is set on object 'Object Repository/Dangky/Page_ng k ti khon/input_Nhp li mt khu_ConfirmPassword'

05-05-2024T10:49:21 - [TEST_STEP][PASSED] - scrollToPosition(0, 750): Browser is scrolled to position x = 0, y = 750

05-05-2024T10:49:21 - [MESSAGE][PASSED] - Browser is scrolled to position x = 0, y = 750

05-05-2024T10:49:21 - [TEST_STEP][PASSED] - click(findTestObject("Dangky/Page_Trang ch/Page_ng k ti khon/button_ng k")): Object: 'Object Repository/Dangky/Page_Trang ch/Page_ng k ti khon/button_ng k' is clicked on

05-05-2024T10:49:22 - [MESSAGE][PASSED] - Object: 'Object Repository/Dangky/Page_Trang ch/Page_ng k ti khon/button_ng k' is clicked on

05-05-2024T10:49:22 - [TEST_STEP][FAILED] - verifyElementText(findTestObject("Dangky/Page_Dashboard/a_Thng tin ti khon"), "THÔNG TIN TÀI KHOẢN"): Verify element text of test object 'Object Repository/Dangky/Page_Dashboard/a_Thng tin ti khon' FAILED. (Root cause: com.kms.katalon.core.exception.StepFailedException: Verify element text of test object 'Object Repository/Dangky/Page_Dashboard/a_Thng tin ti khon' FAILED.
	at com.kms.katalon.core.webui.keyword.internal.WebUIKeywordMain.stepFailed(WebUIKeywordMain.groovy:64)
	at com.kms.katalon.core.webui.keyword.internal.WebUIKeywordMain.runKeyword(WebUIKeywordMain.groovy:26)
	at com.kms.katalon.core.webui.keyword.builtin.VerifyElementTextKeyword.verifyElementText(VerifyElementTextKeyword.groovy:72)
	at com.kms.katalon.core.webui.keyword.builtin.VerifyElementTextKeyword.execute(VerifyElementTextKeyword.groovy:40)
	at com.kms.katalon.core.keyword.internal.KeywordExecutor.executeKeywordForPlatform(KeywordExecutor.groovy:74)
	at com.kms.katalon.core.webui.keyword.WebUiBuiltInKeywords.verifyElementText(WebUiBuiltInKeywords.groovy:4835)
	at Dang Ky_TC3.run(Dang Ky_TC3:40)
	at com.kms.katalon.core.main.ScriptEngine.run(ScriptEngine.java:194)
	at com.kms.katalon.core.main.ScriptEngine.runScriptAsRawText(ScriptEngine.java:119)
	at com.kms.katalon.core.main.TestCaseExecutor.runScript(TestCaseExecutor.java:448)
	at com.kms.katalon.core.main.TestCaseExecutor.doExecute(TestCaseExecutor.java:439)
	at com.kms.katalon.core.main.TestCaseExecutor.processExecutionPhase(TestCaseExecutor.java:418)
	at com.kms.katalon.core.main.TestCaseExecutor.accessMainPhase(TestCaseExecutor.java:410)
	at com.kms.katalon.core.main.TestCaseExecutor.execute(TestCaseExecutor.java:285)
	at com.kms.katalon.core.common.CommonExecutor.accessTestCaseMainPhase(CommonExecutor.java:65)
	at com.kms.katalon.core.main.TestSuiteExecutor.accessTestSuiteMainPhase(TestSuiteExecutor.java:148)
	at com.kms.katalon.core.main.TestSuiteExecutor.execute(TestSuiteExecutor.java:106)
	at com.kms.katalon.core.main.TestCaseMain.startTestSuite(TestCaseMain.java:180)
	at TempTestSuite1714880705198.run(TempTestSuite1714880705198.groovy:35)
	at java.base/jdk.internal.reflect.NativeMethodAccessorImpl.invoke0(Native Method)
	at java.base/jdk.internal.reflect.NativeMethodAccessorImpl.invoke(NativeMethodAccessorImpl.java:77)
	at java.base/jdk.internal.reflect.DelegatingMethodAccessorImpl.invoke(DelegatingMethodAccessorImpl.java:43)
Caused by: com.kms.katalon.core.exception.StepFailedException: com.kms.katalon.core.webui.exception.WebElementNotFoundException: Web element with id: 'Object Repository/Dangky/Page_Dashboard/a_Thng tin ti khon' located by '//a[@id='account-dashboard-tab']' not found
	at com.kms.katalon.core.webui.keyword.internal.WebUIKeywordMain.stepFailed(WebUIKeywordMain.groovy:64)
	at com.kms.katalon.core.webui.keyword.builtin.VerifyElementTextKeyword$_verifyElementText_closure1.doCall(VerifyElementTextKeyword.groovy:64)
	at com.kms.katalon.core.webui.keyword.builtin.VerifyElementTextKeyword$_verifyElementText_closure1.call(VerifyElementTextKeyword.groovy)
	at com.kms.katalon.core.webui.keyword.internal.WebUIKeywordMain.runKeyword(WebUIKeywordMain.groovy:20)
	... 20 more
)

05-05-2024T10:49:53 - [MESSAGE][INFO] - Unable to find the element located by 'By.xpath: //a[@id='account-dashboard-tab']'. Please recheck the objects properties to make sure the desired element is located. 

05-05-2024T10:49:53 - [MESSAGE][FAILED] - com.kms.katalon.core.webui.exception.WebElementNotFoundException: Web element with id: 'Object Repository/Dangky/Page_Dashboard/a_Thng tin ti khon' located by '//a[@id='account-dashboard-tab']' not found (Root cause: com.kms.katalon.core.exception.StepFailedException: com.kms.katalon.core.webui.exception.WebElementNotFoundException: Web element with id: 'Object Repository/Dangky/Page_Dashboard/a_Thng tin ti khon' located by '//a[@id='account-dashboard-tab']' not found
	at com.kms.katalon.core.webui.keyword.internal.WebUIKeywordMain.stepFailed(WebUIKeywordMain.groovy:64)
	at com.kms.katalon.core.webui.keyword.builtin.VerifyElementTextKeyword$_verifyElementText_closure1.doCall(VerifyElementTextKeyword.groovy:64)
	at com.kms.katalon.core.webui.keyword.builtin.VerifyElementTextKeyword$_verifyElementText_closure1.call(VerifyElementTextKeyword.groovy)
	at com.kms.katalon.core.webui.keyword.internal.WebUIKeywordMain.runKeyword(WebUIKeywordMain.groovy:20)
	at com.kms.katalon.core.webui.keyword.builtin.VerifyElementTextKeyword.verifyElementText(VerifyElementTextKeyword.groovy:72)
	at com.kms.katalon.core.webui.keyword.builtin.VerifyElementTextKeyword.execute(VerifyElementTextKeyword.groovy:40)
	at com.kms.katalon.core.keyword.internal.KeywordExecutor.executeKeywordForPlatform(KeywordExecutor.groovy:74)
	at com.kms.katalon.core.webui.keyword.WebUiBuiltInKeywords.verifyElementText(WebUiBuiltInKeywords.groovy:4835)
	at Dang Ky_TC3.run(Dang Ky_TC3:40)
	at com.kms.katalon.core.main.ScriptEngine.run(ScriptEngine.java:194)
	at com.kms.katalon.core.main.ScriptEngine.runScriptAsRawText(ScriptEngine.java:119)
	at com.kms.katalon.core.main.TestCaseExecutor.runScript(TestCaseExecutor.java:448)
	at com.kms.katalon.core.main.TestCaseExecutor.doExecute(TestCaseExecutor.java:439)
	at com.kms.katalon.core.main.TestCaseExecutor.processExecutionPhase(TestCaseExecutor.java:418)
	at com.kms.katalon.core.main.TestCaseExecutor.accessMainPhase(TestCaseExecutor.java:410)
	at com.kms.katalon.core.main.TestCaseExecutor.execute(TestCaseExecutor.java:285)
	at com.kms.katalon.core.common.CommonExecutor.accessTestCaseMainPhase(CommonExecutor.java:65)
	at com.kms.katalon.core.main.TestSuiteExecutor.accessTestSuiteMainPhase(TestSuiteExecutor.java:148)
	at com.kms.katalon.core.main.TestSuiteExecutor.execute(TestSuiteExecutor.java:106)
	at com.kms.katalon.core.main.TestCaseMain.startTestSuite(TestCaseMain.java:180)
	at TempTestSuite1714880705198.run(TempTestSuite1714880705198.groovy:35)
	at java.base/jdk.internal.reflect.NativeMethodAccessorImpl.invoke0(Native Method)
	at java.base/jdk.internal.reflect.NativeMethodAccessorImpl.invoke(NativeMethodAccessorImpl.java:77)
	at java.base/jdk.internal.reflect.DelegatingMethodAccessorImpl.invoke(DelegatingMethodAccessorImpl.java:43)
)
[[ATTACHMENT|C:\\Users\\84336\\git\\Final_TestMorriWeb\\Reports\\20240505_104505\\Dangky\\20240505_104505\\1714880993182.png]]

05-05-2024T10:49:53 - [MESSAGE][FAILED] - Verify element text of test object 'Object Repository/Dangky/Page_Dashboard/a_Thng tin ti khon' FAILED. (Root cause: com.kms.katalon.core.exception.StepFailedException: Verify element text of test object 'Object Repository/Dangky/Page_Dashboard/a_Thng tin ti khon' FAILED.
	at com.kms.katalon.core.webui.keyword.internal.WebUIKeywordMain.stepFailed(WebUIKeywordMain.groovy:64)
	at com.kms.katalon.core.webui.keyword.internal.WebUIKeywordMain.runKeyword(WebUIKeywordMain.groovy:26)
	at com.kms.katalon.core.webui.keyword.builtin.VerifyElementTextKeyword.verifyElementText(VerifyElementTextKeyword.groovy:72)
	at com.kms.katalon.core.webui.keyword.builtin.VerifyElementTextKeyword.execute(VerifyElementTextKeyword.groovy:40)
	at com.kms.katalon.core.keyword.internal.KeywordExecutor.executeKeywordForPlatform(KeywordExecutor.groovy:74)
	at com.kms.katalon.core.webui.keyword.WebUiBuiltInKeywords.verifyElementText(WebUiBuiltInKeywords.groovy:4835)
	at Dang Ky_TC3.run(Dang Ky_TC3:40)
	at com.kms.katalon.core.main.ScriptEngine.run(ScriptEngine.java:194)
	at com.kms.katalon.core.main.ScriptEngine.runScriptAsRawText(ScriptEngine.java:119)
	at com.kms.katalon.core.main.TestCaseExecutor.runScript(TestCaseExecutor.java:448)
	at com.kms.katalon.core.main.TestCaseExecutor.doExecute(TestCaseExecutor.java:439)
	at com.kms.katalon.core.main.TestCaseExecutor.processExecutionPhase(TestCaseExecutor.java:418)
	at com.kms.katalon.core.main.TestCaseExecutor.accessMainPhase(TestCaseExecutor.java:410)
	at com.kms.katalon.core.main.TestCaseExecutor.execute(TestCaseExecutor.java:285)
	at com.kms.katalon.core.common.CommonExecutor.accessTestCaseMainPhase(CommonExecutor.java:65)
	at com.kms.katalon.core.main.TestSuiteExecutor.accessTestSuiteMainPhase(TestSuiteExecutor.java:148)
	at com.kms.katalon.core.main.TestSuiteExecutor.execute(TestSuiteExecutor.java:106)
	at com.kms.katalon.core.main.TestCaseMain.startTestSuite(TestCaseMain.java:180)
	at TempTestSuite1714880705198.run(TempTestSuite1714880705198.groovy:35)
	at java.base/jdk.internal.reflect.NativeMethodAccessorImpl.invoke0(Native Method)
	at java.base/jdk.internal.reflect.NativeMethodAccessorImpl.invoke(NativeMethodAccessorImpl.java:77)
	at java.base/jdk.internal.reflect.DelegatingMethodAccessorImpl.invoke(DelegatingMethodAccessorImpl.java:43)
Caused by: com.kms.katalon.core.exception.StepFailedException: com.kms.katalon.core.webui.exception.WebElementNotFoundException: Web element with id: 'Object Repository/Dangky/Page_Dashboard/a_Thng tin ti khon' located by '//a[@id='account-dashboard-tab']' not found
	at com.kms.katalon.core.webui.keyword.internal.WebUIKeywordMain.stepFailed(WebUIKeywordMain.groovy:64)
	at com.kms.katalon.core.webui.keyword.builtin.VerifyElementTextKeyword$_verifyElementText_closure1.doCall(VerifyElementTextKeyword.groovy:64)
	at com.kms.katalon.core.webui.keyword.builtin.VerifyElementTextKeyword$_verifyElementText_closure1.call(VerifyElementTextKeyword.groovy)
	at com.kms.katalon.core.webui.keyword.internal.WebUIKeywordMain.runKeyword(WebUIKeywordMain.groovy:20)
	... 20 more
)
[[ATTACHMENT|C:\\Users\\84336\\git\\Final_TestMorriWeb\\Reports\\20240505_104505\\Dangky\\20240505_104505\\1714880993376.png]]]]></system-out>
         <system-err><![CDATA[05-05-2024T10:49:10 - [TEST_CASE][FAILED] - Test Cases/Dangky/Dang Ky_TC3: Test Cases/Dangky/Dang Ky_TC3 FAILED.
Reason:
com.kms.katalon.core.exception.StepFailedException: Verify element text of test object 'Object Repository/Dangky/Page_Dashboard/a_Thng tin ti khon' FAILED.
	at com.kms.katalon.core.webui.keyword.internal.WebUIKeywordMain.stepFailed(WebUIKeywordMain.groovy:64)
	at com.kms.katalon.core.webui.keyword.internal.WebUIKeywordMain.runKeyword(WebUIKeywordMain.groovy:26)
	at com.kms.katalon.core.webui.keyword.builtin.VerifyElementTextKeyword.verifyElementText(VerifyElementTextKeyword.groovy:72)
	at com.kms.katalon.core.webui.keyword.builtin.VerifyElementTextKeyword.execute(VerifyElementTextKeyword.groovy:40)
	at com.kms.katalon.core.keyword.internal.KeywordExecutor.executeKeywordForPlatform(KeywordExecutor.groovy:74)
	at com.kms.katalon.core.webui.keyword.WebUiBuiltInKeywords.verifyElementText(WebUiBuiltInKeywords.groovy:4835)
	at Dang Ky_TC3.run(Dang Ky_TC3:40)
	at com.kms.katalon.core.main.ScriptEngine.run(ScriptEngine.java:194)
	at com.kms.katalon.core.main.ScriptEngine.runScriptAsRawText(ScriptEngine.java:119)
	at com.kms.katalon.core.main.TestCaseExecutor.runScript(TestCaseExecutor.java:448)
	at com.kms.katalon.core.main.TestCaseExecutor.doExecute(TestCaseExecutor.java:439)
	at com.kms.katalon.core.main.TestCaseExecutor.processExecutionPhase(TestCaseExecutor.java:418)
	at com.kms.katalon.core.main.TestCaseExecutor.accessMainPhase(TestCaseExecutor.java:410)
	at com.kms.katalon.core.main.TestCaseExecutor.execute(TestCaseExecutor.java:285)
	at com.kms.katalon.core.common.CommonExecutor.accessTestCaseMainPhase(CommonExecutor.java:65)
	at com.kms.katalon.core.main.TestSuiteExecutor.accessTestSuiteMainPhase(TestSuiteExecutor.java:148)
	at com.kms.katalon.core.main.TestSuiteExecutor.execute(TestSuiteExecutor.java:106)
	at com.kms.katalon.core.main.TestCaseMain.startTestSuite(TestCaseMain.java:180)
	at TempTestSuite1714880705198.run(TempTestSuite1714880705198.groovy:35)
	at java.base/jdk.internal.reflect.NativeMethodAccessorImpl.invoke0(Native Method)
	at java.base/jdk.internal.reflect.NativeMethodAccessorImpl.invoke(NativeMethodAccessorImpl.java:77)
	at java.base/jdk.internal.reflect.DelegatingMethodAccessorImpl.invoke(DelegatingMethodAccessorImpl.java:43)
Caused by: com.kms.katalon.core.exception.StepFailedException: com.kms.katalon.core.webui.exception.WebElementNotFoundException: Web element with id: 'Object Repository/Dangky/Page_Dashboard/a_Thng tin ti khon' located by '//a[@id='account-dashboard-tab']' not found
	at com.kms.katalon.core.webui.keyword.internal.WebUIKeywordMain.stepFailed(WebUIKeywordMain.groovy:64)
	at com.kms.katalon.core.webui.keyword.builtin.VerifyElementTextKeyword$_verifyElementText_closure1.doCall(VerifyElementTextKeyword.groovy:64)
	at com.kms.katalon.core.webui.keyword.builtin.VerifyElementTextKeyword$_verifyElementText_closure1.call(VerifyElementTextKeyword.groovy)
	at com.kms.katalon.core.webui.keyword.internal.WebUIKeywordMain.runKeyword(WebUIKeywordMain.groovy:20)
	... 20 more]]></system-err>
      </testcase>
      <testcase name="Test Cases/Dangky/Dang Ky_TC4" time="13.127" classname="Test Cases/Dangky/Dang Ky_TC4" status="PASSED">
         <system-out><![CDATA[05-05-2024T10:49:53 - [TEST_CASE][PASSED] - Test Cases/Dangky/Dang Ky_TC4: Test Cases/Dangky/Dang Ky_TC4

05-05-2024T10:49:53 - [TEST_STEP][PASSED] - openBrowser("http://www.morricosmetics.somee.com/"): Browser is opened with url: 'http://www.morricosmetics.somee.com/'

05-05-2024T10:49:53 - [MESSAGE][WARNING] - A browser is already opened. Closing browser and opening a new one

05-05-2024T10:49:54 - [MESSAGE][INFO] - Starting 'Edge Chromium' driver

05-05-2024T10:49:56 - [MESSAGE][INFO] - Action delay is set to 0 milliseconds

05-05-2024T10:49:58 - [MESSAGE][PASSED] - Browser is opened with url: 'http://www.morricosmetics.somee.com/'

05-05-2024T10:49:58 - [TEST_STEP][PASSED] - click(findTestObject("Dangky/Page_Trang ch/i_Lin h nhanh_pe-7s-users")): Object: 'Object Repository/Dangky/Page_Trang ch/i_Lin h nhanh_pe-7s-users' is clicked on

05-05-2024T10:50:03 - [MESSAGE][PASSED] - Object: 'Object Repository/Dangky/Page_Trang ch/i_Lin h nhanh_pe-7s-users' is clicked on

05-05-2024T10:50:03 - [TEST_STEP][PASSED] - clickOffset(findTestObject("Dangky/Page_Trang ch/a_ng k ti khon"), 0, 0): Object: 'Object Repository/Dangky/Page_Trang ch/a_ng k ti khon' is clicked on using offset x=0 and y=0

05-05-2024T10:50:04 - [MESSAGE][PASSED] - Object: 'Object Repository/Dangky/Page_Trang ch/a_ng k ti khon' is clicked on using offset x=0 and y=0

05-05-2024T10:50:04 - [TEST_STEP][PASSED] - setText(findTestObject("Dangky/Page_ng k ti khon/input_H v Tn_FullName"), "Morri"): Text 'Morri' is set on object 'Object Repository/Dangky/Page_ng k ti khon/input_H v Tn_FullName'

05-05-2024T10:50:04 - [MESSAGE][PASSED] - Text 'Morri' is set on object 'Object Repository/Dangky/Page_ng k ti khon/input_H v Tn_FullName'

05-05-2024T10:50:04 - [TEST_STEP][PASSED] - setText(findTestObject("Dangky/Page_ng k ti khon/input_a ch Email_Email"), "morritest@gmail.com"): Text 'morritest@gmail.com' is set on object 'Object Repository/Dangky/Page_ng k ti khon/input_a ch Email_Email'

05-05-2024T10:50:04 - [MESSAGE][PASSED] - Text 'morritest@gmail.com' is set on object 'Object Repository/Dangky/Page_ng k ti khon/input_a ch Email_Email'

05-05-2024T10:50:04 - [TEST_STEP][PASSED] - setText(findTestObject("Dangky/Page_ng k ti khon/input_S in thoi_Phone"), "09356"): Text '09356' is set on object 'Object Repository/Dangky/Page_ng k ti khon/input_S in thoi_Phone'

05-05-2024T10:50:04 - [MESSAGE][PASSED] - Text '09356' is set on object 'Object Repository/Dangky/Page_ng k ti khon/input_S in thoi_Phone'

05-05-2024T10:50:04 - [TEST_STEP][PASSED] - setText(findTestObject("Dangky/Page_ng k ti khon/input_Mt khu_Password"), "123456"): Text '123456' is set on object 'Object Repository/Dangky/Page_ng k ti khon/input_Mt khu_Password'

05-05-2024T10:50:04 - [MESSAGE][PASSED] - Text '123456' is set on object 'Object Repository/Dangky/Page_ng k ti khon/input_Mt khu_Password'

05-05-2024T10:50:04 - [TEST_STEP][PASSED] - setText(findTestObject("Dangky/Page_ng k ti khon/input_Nhp li mt khu_ConfirmPassword"), "123456"): Text '123456' is set on object 'Object Repository/Dangky/Page_ng k ti khon/input_Nhp li mt khu_ConfirmPassword'

05-05-2024T10:50:05 - [MESSAGE][PASSED] - Text '123456' is set on object 'Object Repository/Dangky/Page_ng k ti khon/input_Nhp li mt khu_ConfirmPassword'

05-05-2024T10:50:05 - [TEST_STEP][PASSED] - scrollToPosition(0, 750): Browser is scrolled to position x = 0, y = 750

05-05-2024T10:50:05 - [MESSAGE][PASSED] - Browser is scrolled to position x = 0, y = 750

05-05-2024T10:50:05 - [TEST_STEP][PASSED] - click(findTestObject("Dangky/Page_Trang ch/Page_ng k ti khon/button_ng k")): Object: 'Object Repository/Dangky/Page_Trang ch/Page_ng k ti khon/button_ng k' is clicked on

05-05-2024T10:50:06 - [MESSAGE][PASSED] - Object: 'Object Repository/Dangky/Page_Trang ch/Page_ng k ti khon/button_ng k' is clicked on

05-05-2024T10:50:06 - [TEST_STEP][PASSED] - verifyElementText(findTestObject("Dangky/Page_Dashboard/a_Thng tin ti khon"), "THÔNG TIN TÀI KHOẢN"): Actual text and expected text of test object 'Object Repository/Dangky/Page_Dashboard/a_Thng tin ti khon' are matched.

05-05-2024T10:50:06 - [MESSAGE][PASSED] - Actual text and expected text of test object 'Object Repository/Dangky/Page_Dashboard/a_Thng tin ti khon' are matched.

05-05-2024T10:50:06 - [TEST_STEP][PASSED] - closeBrowser(): Browser is closed

05-05-2024T10:50:06 - [MESSAGE][PASSED] - Browser is closed]]></system-out>
         <system-err><![CDATA[]]></system-err>
      </testcase>
      <testcase name="Test Cases/Dangky/Dang Ky_TC5" time="42.9" classname="Test Cases/Dangky/Dang Ky_TC5" status="FAILED">
         <failure type="FAILED" message="Test Cases/Dangky/Dang Ky_TC5 FAILED.&#xa;Reason:&#xa;com.kms.katalon.core.exception.StepFailedException: Verify element text of test object 'Object Repository/Dangky/Page_Dashboard/a_Thng tin ti khon' FAILED.&#xa;	at com.kms.katalon.core.webui.keyword.internal.WebUIKeywordMain.stepFailed(WebUIKeywordMain.groovy:64)&#xa;	at com.kms.katalon.core.webui.keyword.internal.WebUIKeywordMain.runKeyword(WebUIKeywordMain.groovy:26)&#xa;	at com.kms.katalon.core.webui.keyword.builtin.VerifyElementTextKeyword.verifyElementText(VerifyElementTextKeyword.groovy:72)&#xa;	at com.kms.katalon.core.webui.keyword.builtin.VerifyElementTextKeyword.execute(VerifyElementTextKeyword.groovy:40)&#xa;	at com.kms.katalon.core.keyword.internal.KeywordExecutor.executeKeywordForPlatform(KeywordExecutor.groovy:74)&#xa;	at com.kms.katalon.core.webui.keyword.WebUiBuiltInKeywords.verifyElementText(WebUiBuiltInKeywords.groovy:4835)&#xa;	at Dang Ky_TC5.run(Dang Ky_TC5:40)&#xa;	at com.kms.katalon.core.main.ScriptEngine.run(ScriptEngine.java:194)&#xa;	at com.kms.katalon.core.main.ScriptEngine.runScriptAsRawText(ScriptEngine.java:119)&#xa;	at com.kms.katalon.core.main.TestCaseExecutor.runScript(TestCaseExecutor.java:448)&#xa;	at com.kms.katalon.core.main.TestCaseExecutor.doExecute(TestCaseExecutor.java:439)&#xa;	at com.kms.katalon.core.main.TestCaseExecutor.processExecutionPhase(TestCaseExecutor.java:418)&#xa;	at com.kms.katalon.core.main.TestCaseExecutor.accessMainPhase(TestCaseExecutor.java:410)&#xa;	at com.kms.katalon.core.main.TestCaseExecutor.execute(TestCaseExecutor.java:285)&#xa;	at com.kms.katalon.core.common.CommonExecutor.accessTestCaseMainPhase(CommonExecutor.java:65)&#xa;	at com.kms.katalon.core.main.TestSuiteExecutor.accessTestSuiteMainPhase(TestSuiteExecutor.java:148)&#xa;	at com.kms.katalon.core.main.TestSuiteExecutor.execute(TestSuiteExecutor.java:106)&#xa;	at com.kms.katalon.core.main.TestCaseMain.startTestSuite(TestCaseMain.java:180)&#xa;	at TempTestSuite1714880705198.run(TempTestSuite1714880705198.groovy:35)&#xa;	at java.base/jdk.internal.reflect.NativeMethodAccessorImpl.invoke0(Native Method)&#xa;	at java.base/jdk.internal.reflect.NativeMethodAccessorImpl.invoke(NativeMethodAccessorImpl.java:77)&#xa;	at java.base/jdk.internal.reflect.DelegatingMethodAccessorImpl.invoke(DelegatingMethodAccessorImpl.java:43)&#xa;Caused by: com.kms.katalon.core.exception.StepFailedException: com.kms.katalon.core.webui.exception.WebElementNotFoundException: Web element with id: 'Object Repository/Dangky/Page_Dashboard/a_Thng tin ti khon' located by '//a[@id='account-dashboard-tab']' not found&#xa;	at com.kms.katalon.core.webui.keyword.internal.WebUIKeywordMain.stepFailed(WebUIKeywordMain.groovy:64)&#xa;	at com.kms.katalon.core.webui.keyword.builtin.VerifyElementTextKeyword$_verifyElementText_closure1.doCall(VerifyElementTextKeyword.groovy:64)&#xa;	at com.kms.katalon.core.webui.keyword.builtin.VerifyElementTextKeyword$_verifyElementText_closure1.call(VerifyElementTextKeyword.groovy)&#xa;	at com.kms.katalon.core.webui.keyword.internal.WebUIKeywordMain.runKeyword(WebUIKeywordMain.groovy:20)&#xa;	... 20 more&#xa;"/>
         <system-out><![CDATA[05-05-2024T10:50:06 - [TEST_CASE][FAILED] - Test Cases/Dangky/Dang Ky_TC5: Test Cases/Dangky/Dang Ky_TC5 FAILED.
Reason:
com.kms.katalon.core.exception.StepFailedException: Verify element text of test object 'Object Repository/Dangky/Page_Dashboard/a_Thng tin ti khon' FAILED.
	at com.kms.katalon.core.webui.keyword.internal.WebUIKeywordMain.stepFailed(WebUIKeywordMain.groovy:64)
	at com.kms.katalon.core.webui.keyword.internal.WebUIKeywordMain.runKeyword(WebUIKeywordMain.groovy:26)
	at com.kms.katalon.core.webui.keyword.builtin.VerifyElementTextKeyword.verifyElementText(VerifyElementTextKeyword.groovy:72)
	at com.kms.katalon.core.webui.keyword.builtin.VerifyElementTextKeyword.execute(VerifyElementTextKeyword.groovy:40)
	at com.kms.katalon.core.keyword.internal.KeywordExecutor.executeKeywordForPlatform(KeywordExecutor.groovy:74)
	at com.kms.katalon.core.webui.keyword.WebUiBuiltInKeywords.verifyElementText(WebUiBuiltInKeywords.groovy:4835)
	at Dang Ky_TC5.run(Dang Ky_TC5:40)
	at com.kms.katalon.core.main.ScriptEngine.run(ScriptEngine.java:194)
	at com.kms.katalon.core.main.ScriptEngine.runScriptAsRawText(ScriptEngine.java:119)
	at com.kms.katalon.core.main.TestCaseExecutor.runScript(TestCaseExecutor.java:448)
	at com.kms.katalon.core.main.TestCaseExecutor.doExecute(TestCaseExecutor.java:439)
	at com.kms.katalon.core.main.TestCaseExecutor.processExecutionPhase(TestCaseExecutor.java:418)
	at com.kms.katalon.core.main.TestCaseExecutor.accessMainPhase(TestCaseExecutor.java:410)
	at com.kms.katalon.core.main.TestCaseExecutor.execute(TestCaseExecutor.java:285)
	at com.kms.katalon.core.common.CommonExecutor.accessTestCaseMainPhase(CommonExecutor.java:65)
	at com.kms.katalon.core.main.TestSuiteExecutor.accessTestSuiteMainPhase(TestSuiteExecutor.java:148)
	at com.kms.katalon.core.main.TestSuiteExecutor.execute(TestSuiteExecutor.java:106)
	at com.kms.katalon.core.main.TestCaseMain.startTestSuite(TestCaseMain.java:180)
	at TempTestSuite1714880705198.run(TempTestSuite1714880705198.groovy:35)
	at java.base/jdk.internal.reflect.NativeMethodAccessorImpl.invoke0(Native Method)
	at java.base/jdk.internal.reflect.NativeMethodAccessorImpl.invoke(NativeMethodAccessorImpl.java:77)
	at java.base/jdk.internal.reflect.DelegatingMethodAccessorImpl.invoke(DelegatingMethodAccessorImpl.java:43)
Caused by: com.kms.katalon.core.exception.StepFailedException: com.kms.katalon.core.webui.exception.WebElementNotFoundException: Web element with id: 'Object Repository/Dangky/Page_Dashboard/a_Thng tin ti khon' located by '//a[@id='account-dashboard-tab']' not found
	at com.kms.katalon.core.webui.keyword.internal.WebUIKeywordMain.stepFailed(WebUIKeywordMain.groovy:64)
	at com.kms.katalon.core.webui.keyword.builtin.VerifyElementTextKeyword$_verifyElementText_closure1.doCall(VerifyElementTextKeyword.groovy:64)
	at com.kms.katalon.core.webui.keyword.builtin.VerifyElementTextKeyword$_verifyElementText_closure1.call(VerifyElementTextKeyword.groovy)
	at com.kms.katalon.core.webui.keyword.internal.WebUIKeywordMain.runKeyword(WebUIKeywordMain.groovy:20)
	... 20 more


05-05-2024T10:50:06 - [TEST_STEP][PASSED] - openBrowser("http://www.morricosmetics.somee.com/"): Browser is opened with url: 'http://www.morricosmetics.somee.com/'

05-05-2024T10:50:06 - [MESSAGE][INFO] - Starting 'Edge Chromium' driver

05-05-2024T10:50:08 - [MESSAGE][INFO] - Action delay is set to 0 milliseconds

05-05-2024T10:50:15 - [MESSAGE][PASSED] - Browser is opened with url: 'http://www.morricosmetics.somee.com/'

05-05-2024T10:50:15 - [TEST_STEP][PASSED] - click(findTestObject("Dangky/Page_Trang ch/i_Lin h nhanh_pe-7s-users")): Object: 'Object Repository/Dangky/Page_Trang ch/i_Lin h nhanh_pe-7s-users' is clicked on

05-05-2024T10:50:15 - [MESSAGE][PASSED] - Object: 'Object Repository/Dangky/Page_Trang ch/i_Lin h nhanh_pe-7s-users' is clicked on

05-05-2024T10:50:15 - [TEST_STEP][PASSED] - clickOffset(findTestObject("Dangky/Page_Trang ch/a_ng k ti khon"), 0, 0): Object: 'Object Repository/Dangky/Page_Trang ch/a_ng k ti khon' is clicked on using offset x=0 and y=0

05-05-2024T10:50:16 - [MESSAGE][PASSED] - Object: 'Object Repository/Dangky/Page_Trang ch/a_ng k ti khon' is clicked on using offset x=0 and y=0

05-05-2024T10:50:16 - [TEST_STEP][PASSED] - setText(findTestObject("Dangky/Page_ng k ti khon/input_H v Tn_FullName"), "Morri"): Text 'Morri' is set on object 'Object Repository/Dangky/Page_ng k ti khon/input_H v Tn_FullName'

05-05-2024T10:50:17 - [MESSAGE][PASSED] - Text 'Morri' is set on object 'Object Repository/Dangky/Page_ng k ti khon/input_H v Tn_FullName'

05-05-2024T10:50:17 - [TEST_STEP][PASSED] - setText(findTestObject("Dangky/Page_ng k ti khon/input_a ch Email_Email"), "morritest@gmail.com"): Text 'morritest@gmail.com' is set on object 'Object Repository/Dangky/Page_ng k ti khon/input_a ch Email_Email'

05-05-2024T10:50:17 - [MESSAGE][PASSED] - Text 'morritest@gmail.com' is set on object 'Object Repository/Dangky/Page_ng k ti khon/input_a ch Email_Email'

05-05-2024T10:50:17 - [TEST_STEP][PASSED] - setText(findTestObject("Dangky/Page_ng k ti khon/input_S in thoi_Phone"), "0935626852"): Text '0935626852' is set on object 'Object Repository/Dangky/Page_ng k ti khon/input_S in thoi_Phone'

05-05-2024T10:50:17 - [MESSAGE][PASSED] - Text '0935626852' is set on object 'Object Repository/Dangky/Page_ng k ti khon/input_S in thoi_Phone'

05-05-2024T10:50:17 - [TEST_STEP][PASSED] - setText(findTestObject("Dangky/Page_ng k ti khon/input_Mt khu_Password"), ""): Text '' is set on object 'Object Repository/Dangky/Page_ng k ti khon/input_Mt khu_Password'

05-05-2024T10:50:17 - [MESSAGE][PASSED] - Text '' is set on object 'Object Repository/Dangky/Page_ng k ti khon/input_Mt khu_Password'

05-05-2024T10:50:17 - [TEST_STEP][PASSED] - setText(findTestObject("Dangky/Page_ng k ti khon/input_Nhp li mt khu_ConfirmPassword"), "123456"): Text '123456' is set on object 'Object Repository/Dangky/Page_ng k ti khon/input_Nhp li mt khu_ConfirmPassword'

05-05-2024T10:50:17 - [MESSAGE][PASSED] - Text '123456' is set on object 'Object Repository/Dangky/Page_ng k ti khon/input_Nhp li mt khu_ConfirmPassword'

05-05-2024T10:50:17 - [TEST_STEP][PASSED] - scrollToPosition(0, 750): Browser is scrolled to position x = 0, y = 750

05-05-2024T10:50:17 - [MESSAGE][PASSED] - Browser is scrolled to position x = 0, y = 750

05-05-2024T10:50:17 - [TEST_STEP][PASSED] - click(findTestObject("Dangky/Page_Trang ch/Page_ng k ti khon/button_ng k")): Object: 'Object Repository/Dangky/Page_Trang ch/Page_ng k ti khon/button_ng k' is clicked on

05-05-2024T10:50:17 - [MESSAGE][PASSED] - Object: 'Object Repository/Dangky/Page_Trang ch/Page_ng k ti khon/button_ng k' is clicked on

05-05-2024T10:50:17 - [TEST_STEP][FAILED] - verifyElementText(findTestObject("Dangky/Page_Dashboard/a_Thng tin ti khon"), "THÔNG TIN TÀI KHOẢN"): Verify element text of test object 'Object Repository/Dangky/Page_Dashboard/a_Thng tin ti khon' FAILED. (Root cause: com.kms.katalon.core.exception.StepFailedException: Verify element text of test object 'Object Repository/Dangky/Page_Dashboard/a_Thng tin ti khon' FAILED.
	at com.kms.katalon.core.webui.keyword.internal.WebUIKeywordMain.stepFailed(WebUIKeywordMain.groovy:64)
	at com.kms.katalon.core.webui.keyword.internal.WebUIKeywordMain.runKeyword(WebUIKeywordMain.groovy:26)
	at com.kms.katalon.core.webui.keyword.builtin.VerifyElementTextKeyword.verifyElementText(VerifyElementTextKeyword.groovy:72)
	at com.kms.katalon.core.webui.keyword.builtin.VerifyElementTextKeyword.execute(VerifyElementTextKeyword.groovy:40)
	at com.kms.katalon.core.keyword.internal.KeywordExecutor.executeKeywordForPlatform(KeywordExecutor.groovy:74)
	at com.kms.katalon.core.webui.keyword.WebUiBuiltInKeywords.verifyElementText(WebUiBuiltInKeywords.groovy:4835)
	at Dang Ky_TC5.run(Dang Ky_TC5:40)
	at com.kms.katalon.core.main.ScriptEngine.run(ScriptEngine.java:194)
	at com.kms.katalon.core.main.ScriptEngine.runScriptAsRawText(ScriptEngine.java:119)
	at com.kms.katalon.core.main.TestCaseExecutor.runScript(TestCaseExecutor.java:448)
	at com.kms.katalon.core.main.TestCaseExecutor.doExecute(TestCaseExecutor.java:439)
	at com.kms.katalon.core.main.TestCaseExecutor.processExecutionPhase(TestCaseExecutor.java:418)
	at com.kms.katalon.core.main.TestCaseExecutor.accessMainPhase(TestCaseExecutor.java:410)
	at com.kms.katalon.core.main.TestCaseExecutor.execute(TestCaseExecutor.java:285)
	at com.kms.katalon.core.common.CommonExecutor.accessTestCaseMainPhase(CommonExecutor.java:65)
	at com.kms.katalon.core.main.TestSuiteExecutor.accessTestSuiteMainPhase(TestSuiteExecutor.java:148)
	at com.kms.katalon.core.main.TestSuiteExecutor.execute(TestSuiteExecutor.java:106)
	at com.kms.katalon.core.main.TestCaseMain.startTestSuite(TestCaseMain.java:180)
	at TempTestSuite1714880705198.run(TempTestSuite1714880705198.groovy:35)
	at java.base/jdk.internal.reflect.NativeMethodAccessorImpl.invoke0(Native Method)
	at java.base/jdk.internal.reflect.NativeMethodAccessorImpl.invoke(NativeMethodAccessorImpl.java:77)
	at java.base/jdk.internal.reflect.DelegatingMethodAccessorImpl.invoke(DelegatingMethodAccessorImpl.java:43)
Caused by: com.kms.katalon.core.exception.StepFailedException: com.kms.katalon.core.webui.exception.WebElementNotFoundException: Web element with id: 'Object Repository/Dangky/Page_Dashboard/a_Thng tin ti khon' located by '//a[@id='account-dashboard-tab']' not found
	at com.kms.katalon.core.webui.keyword.internal.WebUIKeywordMain.stepFailed(WebUIKeywordMain.groovy:64)
	at com.kms.katalon.core.webui.keyword.builtin.VerifyElementTextKeyword$_verifyElementText_closure1.doCall(VerifyElementTextKeyword.groovy:64)
	at com.kms.katalon.core.webui.keyword.builtin.VerifyElementTextKeyword$_verifyElementText_closure1.call(VerifyElementTextKeyword.groovy)
	at com.kms.katalon.core.webui.keyword.internal.WebUIKeywordMain.runKeyword(WebUIKeywordMain.groovy:20)
	... 20 more
)

05-05-2024T10:50:49 - [MESSAGE][INFO] - Unable to find the element located by 'By.xpath: //a[@id='account-dashboard-tab']'. Please recheck the objects properties to make sure the desired element is located. 

05-05-2024T10:50:49 - [MESSAGE][FAILED] - com.kms.katalon.core.webui.exception.WebElementNotFoundException: Web element with id: 'Object Repository/Dangky/Page_Dashboard/a_Thng tin ti khon' located by '//a[@id='account-dashboard-tab']' not found (Root cause: com.kms.katalon.core.exception.StepFailedException: com.kms.katalon.core.webui.exception.WebElementNotFoundException: Web element with id: 'Object Repository/Dangky/Page_Dashboard/a_Thng tin ti khon' located by '//a[@id='account-dashboard-tab']' not found
	at com.kms.katalon.core.webui.keyword.internal.WebUIKeywordMain.stepFailed(WebUIKeywordMain.groovy:64)
	at com.kms.katalon.core.webui.keyword.builtin.VerifyElementTextKeyword$_verifyElementText_closure1.doCall(VerifyElementTextKeyword.groovy:64)
	at com.kms.katalon.core.webui.keyword.builtin.VerifyElementTextKeyword$_verifyElementText_closure1.call(VerifyElementTextKeyword.groovy)
	at com.kms.katalon.core.webui.keyword.internal.WebUIKeywordMain.runKeyword(WebUIKeywordMain.groovy:20)
	at com.kms.katalon.core.webui.keyword.builtin.VerifyElementTextKeyword.verifyElementText(VerifyElementTextKeyword.groovy:72)
	at com.kms.katalon.core.webui.keyword.builtin.VerifyElementTextKeyword.execute(VerifyElementTextKeyword.groovy:40)
	at com.kms.katalon.core.keyword.internal.KeywordExecutor.executeKeywordForPlatform(KeywordExecutor.groovy:74)
	at com.kms.katalon.core.webui.keyword.WebUiBuiltInKeywords.verifyElementText(WebUiBuiltInKeywords.groovy:4835)
	at Dang Ky_TC5.run(Dang Ky_TC5:40)
	at com.kms.katalon.core.main.ScriptEngine.run(ScriptEngine.java:194)
	at com.kms.katalon.core.main.ScriptEngine.runScriptAsRawText(ScriptEngine.java:119)
	at com.kms.katalon.core.main.TestCaseExecutor.runScript(TestCaseExecutor.java:448)
	at com.kms.katalon.core.main.TestCaseExecutor.doExecute(TestCaseExecutor.java:439)
	at com.kms.katalon.core.main.TestCaseExecutor.processExecutionPhase(TestCaseExecutor.java:418)
	at com.kms.katalon.core.main.TestCaseExecutor.accessMainPhase(TestCaseExecutor.java:410)
	at com.kms.katalon.core.main.TestCaseExecutor.execute(TestCaseExecutor.java:285)
	at com.kms.katalon.core.common.CommonExecutor.accessTestCaseMainPhase(CommonExecutor.java:65)
	at com.kms.katalon.core.main.TestSuiteExecutor.accessTestSuiteMainPhase(TestSuiteExecutor.java:148)
	at com.kms.katalon.core.main.TestSuiteExecutor.execute(TestSuiteExecutor.java:106)
	at com.kms.katalon.core.main.TestCaseMain.startTestSuite(TestCaseMain.java:180)
	at TempTestSuite1714880705198.run(TempTestSuite1714880705198.groovy:35)
	at java.base/jdk.internal.reflect.NativeMethodAccessorImpl.invoke0(Native Method)
	at java.base/jdk.internal.reflect.NativeMethodAccessorImpl.invoke(NativeMethodAccessorImpl.java:77)
	at java.base/jdk.internal.reflect.DelegatingMethodAccessorImpl.invoke(DelegatingMethodAccessorImpl.java:43)
)
[[ATTACHMENT|C:\\Users\\84336\\git\\Final_TestMorriWeb\\Reports\\20240505_104505\\Dangky\\20240505_104505\\1714881049015.png]]

05-05-2024T10:50:49 - [MESSAGE][FAILED] - Verify element text of test object 'Object Repository/Dangky/Page_Dashboard/a_Thng tin ti khon' FAILED. (Root cause: com.kms.katalon.core.exception.StepFailedException: Verify element text of test object 'Object Repository/Dangky/Page_Dashboard/a_Thng tin ti khon' FAILED.
	at com.kms.katalon.core.webui.keyword.internal.WebUIKeywordMain.stepFailed(WebUIKeywordMain.groovy:64)
	at com.kms.katalon.core.webui.keyword.internal.WebUIKeywordMain.runKeyword(WebUIKeywordMain.groovy:26)
	at com.kms.katalon.core.webui.keyword.builtin.VerifyElementTextKeyword.verifyElementText(VerifyElementTextKeyword.groovy:72)
	at com.kms.katalon.core.webui.keyword.builtin.VerifyElementTextKeyword.execute(VerifyElementTextKeyword.groovy:40)
	at com.kms.katalon.core.keyword.internal.KeywordExecutor.executeKeywordForPlatform(KeywordExecutor.groovy:74)
	at com.kms.katalon.core.webui.keyword.WebUiBuiltInKeywords.verifyElementText(WebUiBuiltInKeywords.groovy:4835)
	at Dang Ky_TC5.run(Dang Ky_TC5:40)
	at com.kms.katalon.core.main.ScriptEngine.run(ScriptEngine.java:194)
	at com.kms.katalon.core.main.ScriptEngine.runScriptAsRawText(ScriptEngine.java:119)
	at com.kms.katalon.core.main.TestCaseExecutor.runScript(TestCaseExecutor.java:448)
	at com.kms.katalon.core.main.TestCaseExecutor.doExecute(TestCaseExecutor.java:439)
	at com.kms.katalon.core.main.TestCaseExecutor.processExecutionPhase(TestCaseExecutor.java:418)
	at com.kms.katalon.core.main.TestCaseExecutor.accessMainPhase(TestCaseExecutor.java:410)
	at com.kms.katalon.core.main.TestCaseExecutor.execute(TestCaseExecutor.java:285)
	at com.kms.katalon.core.common.CommonExecutor.accessTestCaseMainPhase(CommonExecutor.java:65)
	at com.kms.katalon.core.main.TestSuiteExecutor.accessTestSuiteMainPhase(TestSuiteExecutor.java:148)
	at com.kms.katalon.core.main.TestSuiteExecutor.execute(TestSuiteExecutor.java:106)
	at com.kms.katalon.core.main.TestCaseMain.startTestSuite(TestCaseMain.java:180)
	at TempTestSuite1714880705198.run(TempTestSuite1714880705198.groovy:35)
	at java.base/jdk.internal.reflect.NativeMethodAccessorImpl.invoke0(Native Method)
	at java.base/jdk.internal.reflect.NativeMethodAccessorImpl.invoke(NativeMethodAccessorImpl.java:77)
	at java.base/jdk.internal.reflect.DelegatingMethodAccessorImpl.invoke(DelegatingMethodAccessorImpl.java:43)
Caused by: com.kms.katalon.core.exception.StepFailedException: com.kms.katalon.core.webui.exception.WebElementNotFoundException: Web element with id: 'Object Repository/Dangky/Page_Dashboard/a_Thng tin ti khon' located by '//a[@id='account-dashboard-tab']' not found
	at com.kms.katalon.core.webui.keyword.internal.WebUIKeywordMain.stepFailed(WebUIKeywordMain.groovy:64)
	at com.kms.katalon.core.webui.keyword.builtin.VerifyElementTextKeyword$_verifyElementText_closure1.doCall(VerifyElementTextKeyword.groovy:64)
	at com.kms.katalon.core.webui.keyword.builtin.VerifyElementTextKeyword$_verifyElementText_closure1.call(VerifyElementTextKeyword.groovy)
	at com.kms.katalon.core.webui.keyword.internal.WebUIKeywordMain.runKeyword(WebUIKeywordMain.groovy:20)
	... 20 more
)
[[ATTACHMENT|C:\\Users\\84336\\git\\Final_TestMorriWeb\\Reports\\20240505_104505\\Dangky\\20240505_104505\\1714881049352.png]]]]></system-out>
         <system-err><![CDATA[05-05-2024T10:50:06 - [TEST_CASE][FAILED] - Test Cases/Dangky/Dang Ky_TC5: Test Cases/Dangky/Dang Ky_TC5 FAILED.
Reason:
com.kms.katalon.core.exception.StepFailedException: Verify element text of test object 'Object Repository/Dangky/Page_Dashboard/a_Thng tin ti khon' FAILED.
	at com.kms.katalon.core.webui.keyword.internal.WebUIKeywordMain.stepFailed(WebUIKeywordMain.groovy:64)
	at com.kms.katalon.core.webui.keyword.internal.WebUIKeywordMain.runKeyword(WebUIKeywordMain.groovy:26)
	at com.kms.katalon.core.webui.keyword.builtin.VerifyElementTextKeyword.verifyElementText(VerifyElementTextKeyword.groovy:72)
	at com.kms.katalon.core.webui.keyword.builtin.VerifyElementTextKeyword.execute(VerifyElementTextKeyword.groovy:40)
	at com.kms.katalon.core.keyword.internal.KeywordExecutor.executeKeywordForPlatform(KeywordExecutor.groovy:74)
	at com.kms.katalon.core.webui.keyword.WebUiBuiltInKeywords.verifyElementText(WebUiBuiltInKeywords.groovy:4835)
	at Dang Ky_TC5.run(Dang Ky_TC5:40)
	at com.kms.katalon.core.main.ScriptEngine.run(ScriptEngine.java:194)
	at com.kms.katalon.core.main.ScriptEngine.runScriptAsRawText(ScriptEngine.java:119)
	at com.kms.katalon.core.main.TestCaseExecutor.runScript(TestCaseExecutor.java:448)
	at com.kms.katalon.core.main.TestCaseExecutor.doExecute(TestCaseExecutor.java:439)
	at com.kms.katalon.core.main.TestCaseExecutor.processExecutionPhase(TestCaseExecutor.java:418)
	at com.kms.katalon.core.main.TestCaseExecutor.accessMainPhase(TestCaseExecutor.java:410)
	at com.kms.katalon.core.main.TestCaseExecutor.execute(TestCaseExecutor.java:285)
	at com.kms.katalon.core.common.CommonExecutor.accessTestCaseMainPhase(CommonExecutor.java:65)
	at com.kms.katalon.core.main.TestSuiteExecutor.accessTestSuiteMainPhase(TestSuiteExecutor.java:148)
	at com.kms.katalon.core.main.TestSuiteExecutor.execute(TestSuiteExecutor.java:106)
	at com.kms.katalon.core.main.TestCaseMain.startTestSuite(TestCaseMain.java:180)
	at TempTestSuite1714880705198.run(TempTestSuite1714880705198.groovy:35)
	at java.base/jdk.internal.reflect.NativeMethodAccessorImpl.invoke0(Native Method)
	at java.base/jdk.internal.reflect.NativeMethodAccessorImpl.invoke(NativeMethodAccessorImpl.java:77)
	at java.base/jdk.internal.reflect.DelegatingMethodAccessorImpl.invoke(DelegatingMethodAccessorImpl.java:43)
Caused by: com.kms.katalon.core.exception.StepFailedException: com.kms.katalon.core.webui.exception.WebElementNotFoundException: Web element with id: 'Object Repository/Dangky/Page_Dashboard/a_Thng tin ti khon' located by '//a[@id='account-dashboard-tab']' not found
	at com.kms.katalon.core.webui.keyword.internal.WebUIKeywordMain.stepFailed(WebUIKeywordMain.groovy:64)
	at com.kms.katalon.core.webui.keyword.builtin.VerifyElementTextKeyword$_verifyElementText_closure1.doCall(VerifyElementTextKeyword.groovy:64)
	at com.kms.katalon.core.webui.keyword.builtin.VerifyElementTextKeyword$_verifyElementText_closure1.call(VerifyElementTextKeyword.groovy)
	at com.kms.katalon.core.webui.keyword.internal.WebUIKeywordMain.runKeyword(WebUIKeywordMain.groovy:20)
	... 20 more]]></system-err>
      </testcase>
      <testcase name="Test Cases/Dangky/Dang Ky_TC6" time="43.45" classname="Test Cases/Dangky/Dang Ky_TC6" status="FAILED">
         <failure type="FAILED" message="Test Cases/Dangky/Dang Ky_TC6 FAILED.&#xa;Reason:&#xa;com.kms.katalon.core.exception.StepFailedException: Verify element text of test object 'Object Repository/Dangky/Page_Dashboard/a_Thng tin ti khon' FAILED.&#xa;	at com.kms.katalon.core.webui.keyword.internal.WebUIKeywordMain.stepFailed(WebUIKeywordMain.groovy:64)&#xa;	at com.kms.katalon.core.webui.keyword.internal.WebUIKeywordMain.runKeyword(WebUIKeywordMain.groovy:26)&#xa;	at com.kms.katalon.core.webui.keyword.builtin.VerifyElementTextKeyword.verifyElementText(VerifyElementTextKeyword.groovy:72)&#xa;	at com.kms.katalon.core.webui.keyword.builtin.VerifyElementTextKeyword.execute(VerifyElementTextKeyword.groovy:40)&#xa;	at com.kms.katalon.core.keyword.internal.KeywordExecutor.executeKeywordForPlatform(KeywordExecutor.groovy:74)&#xa;	at com.kms.katalon.core.webui.keyword.WebUiBuiltInKeywords.verifyElementText(WebUiBuiltInKeywords.groovy:4835)&#xa;	at Dang Ky_TC6.run(Dang Ky_TC6:40)&#xa;	at com.kms.katalon.core.main.ScriptEngine.run(ScriptEngine.java:194)&#xa;	at com.kms.katalon.core.main.ScriptEngine.runScriptAsRawText(ScriptEngine.java:119)&#xa;	at com.kms.katalon.core.main.TestCaseExecutor.runScript(TestCaseExecutor.java:448)&#xa;	at com.kms.katalon.core.main.TestCaseExecutor.doExecute(TestCaseExecutor.java:439)&#xa;	at com.kms.katalon.core.main.TestCaseExecutor.processExecutionPhase(TestCaseExecutor.java:418)&#xa;	at com.kms.katalon.core.main.TestCaseExecutor.accessMainPhase(TestCaseExecutor.java:410)&#xa;	at com.kms.katalon.core.main.TestCaseExecutor.execute(TestCaseExecutor.java:285)&#xa;	at com.kms.katalon.core.common.CommonExecutor.accessTestCaseMainPhase(CommonExecutor.java:65)&#xa;	at com.kms.katalon.core.main.TestSuiteExecutor.accessTestSuiteMainPhase(TestSuiteExecutor.java:148)&#xa;	at com.kms.katalon.core.main.TestSuiteExecutor.execute(TestSuiteExecutor.java:106)&#xa;	at com.kms.katalon.core.main.TestCaseMain.startTestSuite(TestCaseMain.java:180)&#xa;	at TempTestSuite1714880705198.run(TempTestSuite1714880705198.groovy:35)&#xa;	at java.base/jdk.internal.reflect.NativeMethodAccessorImpl.invoke0(Native Method)&#xa;	at java.base/jdk.internal.reflect.NativeMethodAccessorImpl.invoke(NativeMethodAccessorImpl.java:77)&#xa;	at java.base/jdk.internal.reflect.DelegatingMethodAccessorImpl.invoke(DelegatingMethodAccessorImpl.java:43)&#xa;Caused by: com.kms.katalon.core.exception.StepFailedException: com.kms.katalon.core.webui.exception.WebElementNotFoundException: Web element with id: 'Object Repository/Dangky/Page_Dashboard/a_Thng tin ti khon' located by '//a[@id='account-dashboard-tab']' not found&#xa;	at com.kms.katalon.core.webui.keyword.internal.WebUIKeywordMain.stepFailed(WebUIKeywordMain.groovy:64)&#xa;	at com.kms.katalon.core.webui.keyword.builtin.VerifyElementTextKeyword$_verifyElementText_closure1.doCall(VerifyElementTextKeyword.groovy:64)&#xa;	at com.kms.katalon.core.webui.keyword.builtin.VerifyElementTextKeyword$_verifyElementText_closure1.call(VerifyElementTextKeyword.groovy)&#xa;	at com.kms.katalon.core.webui.keyword.internal.WebUIKeywordMain.runKeyword(WebUIKeywordMain.groovy:20)&#xa;	... 20 more&#xa;"/>
         <system-out><![CDATA[05-05-2024T10:50:49 - [TEST_CASE][FAILED] - Test Cases/Dangky/Dang Ky_TC6: Test Cases/Dangky/Dang Ky_TC6 FAILED.
Reason:
com.kms.katalon.core.exception.StepFailedException: Verify element text of test object 'Object Repository/Dangky/Page_Dashboard/a_Thng tin ti khon' FAILED.
	at com.kms.katalon.core.webui.keyword.internal.WebUIKeywordMain.stepFailed(WebUIKeywordMain.groovy:64)
	at com.kms.katalon.core.webui.keyword.internal.WebUIKeywordMain.runKeyword(WebUIKeywordMain.groovy:26)
	at com.kms.katalon.core.webui.keyword.builtin.VerifyElementTextKeyword.verifyElementText(VerifyElementTextKeyword.groovy:72)
	at com.kms.katalon.core.webui.keyword.builtin.VerifyElementTextKeyword.execute(VerifyElementTextKeyword.groovy:40)
	at com.kms.katalon.core.keyword.internal.KeywordExecutor.executeKeywordForPlatform(KeywordExecutor.groovy:74)
	at com.kms.katalon.core.webui.keyword.WebUiBuiltInKeywords.verifyElementText(WebUiBuiltInKeywords.groovy:4835)
	at Dang Ky_TC6.run(Dang Ky_TC6:40)
	at com.kms.katalon.core.main.ScriptEngine.run(ScriptEngine.java:194)
	at com.kms.katalon.core.main.ScriptEngine.runScriptAsRawText(ScriptEngine.java:119)
	at com.kms.katalon.core.main.TestCaseExecutor.runScript(TestCaseExecutor.java:448)
	at com.kms.katalon.core.main.TestCaseExecutor.doExecute(TestCaseExecutor.java:439)
	at com.kms.katalon.core.main.TestCaseExecutor.processExecutionPhase(TestCaseExecutor.java:418)
	at com.kms.katalon.core.main.TestCaseExecutor.accessMainPhase(TestCaseExecutor.java:410)
	at com.kms.katalon.core.main.TestCaseExecutor.execute(TestCaseExecutor.java:285)
	at com.kms.katalon.core.common.CommonExecutor.accessTestCaseMainPhase(CommonExecutor.java:65)
	at com.kms.katalon.core.main.TestSuiteExecutor.accessTestSuiteMainPhase(TestSuiteExecutor.java:148)
	at com.kms.katalon.core.main.TestSuiteExecutor.execute(TestSuiteExecutor.java:106)
	at com.kms.katalon.core.main.TestCaseMain.startTestSuite(TestCaseMain.java:180)
	at TempTestSuite1714880705198.run(TempTestSuite1714880705198.groovy:35)
	at java.base/jdk.internal.reflect.NativeMethodAccessorImpl.invoke0(Native Method)
	at java.base/jdk.internal.reflect.NativeMethodAccessorImpl.invoke(NativeMethodAccessorImpl.java:77)
	at java.base/jdk.internal.reflect.DelegatingMethodAccessorImpl.invoke(DelegatingMethodAccessorImpl.java:43)
Caused by: com.kms.katalon.core.exception.StepFailedException: com.kms.katalon.core.webui.exception.WebElementNotFoundException: Web element with id: 'Object Repository/Dangky/Page_Dashboard/a_Thng tin ti khon' located by '//a[@id='account-dashboard-tab']' not found
	at com.kms.katalon.core.webui.keyword.internal.WebUIKeywordMain.stepFailed(WebUIKeywordMain.groovy:64)
	at com.kms.katalon.core.webui.keyword.builtin.VerifyElementTextKeyword$_verifyElementText_closure1.doCall(VerifyElementTextKeyword.groovy:64)
	at com.kms.katalon.core.webui.keyword.builtin.VerifyElementTextKeyword$_verifyElementText_closure1.call(VerifyElementTextKeyword.groovy)
	at com.kms.katalon.core.webui.keyword.internal.WebUIKeywordMain.runKeyword(WebUIKeywordMain.groovy:20)
	... 20 more


05-05-2024T10:50:49 - [TEST_STEP][PASSED] - openBrowser("http://www.morricosmetics.somee.com/"): Browser is opened with url: 'http://www.morricosmetics.somee.com/'

05-05-2024T10:50:49 - [MESSAGE][WARNING] - A browser is already opened. Closing browser and opening a new one

05-05-2024T10:50:50 - [MESSAGE][INFO] - Starting 'Edge Chromium' driver

05-05-2024T10:50:52 - [MESSAGE][INFO] - Action delay is set to 0 milliseconds

05-05-2024T10:50:59 - [MESSAGE][PASSED] - Browser is opened with url: 'http://www.morricosmetics.somee.com/'

05-05-2024T10:50:59 - [TEST_STEP][PASSED] - click(findTestObject("Dangky/Page_Trang ch/i_Lin h nhanh_pe-7s-users")): Object: 'Object Repository/Dangky/Page_Trang ch/i_Lin h nhanh_pe-7s-users' is clicked on

05-05-2024T10:50:59 - [MESSAGE][PASSED] - Object: 'Object Repository/Dangky/Page_Trang ch/i_Lin h nhanh_pe-7s-users' is clicked on

05-05-2024T10:50:59 - [TEST_STEP][PASSED] - clickOffset(findTestObject("Dangky/Page_Trang ch/a_ng k ti khon"), 0, 0): Object: 'Object Repository/Dangky/Page_Trang ch/a_ng k ti khon' is clicked on using offset x=0 and y=0

05-05-2024T10:51:00 - [MESSAGE][PASSED] - Object: 'Object Repository/Dangky/Page_Trang ch/a_ng k ti khon' is clicked on using offset x=0 and y=0

05-05-2024T10:51:00 - [TEST_STEP][PASSED] - setText(findTestObject("Dangky/Page_ng k ti khon/input_H v Tn_FullName"), "Morri"): Text 'Morri' is set on object 'Object Repository/Dangky/Page_ng k ti khon/input_H v Tn_FullName'

05-05-2024T10:51:00 - [MESSAGE][PASSED] - Text 'Morri' is set on object 'Object Repository/Dangky/Page_ng k ti khon/input_H v Tn_FullName'

05-05-2024T10:51:00 - [TEST_STEP][PASSED] - setText(findTestObject("Dangky/Page_ng k ti khon/input_a ch Email_Email"), "morritest@gmail.com"): Text 'morritest@gmail.com' is set on object 'Object Repository/Dangky/Page_ng k ti khon/input_a ch Email_Email'

05-05-2024T10:51:00 - [MESSAGE][PASSED] - Text 'morritest@gmail.com' is set on object 'Object Repository/Dangky/Page_ng k ti khon/input_a ch Email_Email'

05-05-2024T10:51:00 - [TEST_STEP][PASSED] - setText(findTestObject("Dangky/Page_ng k ti khon/input_S in thoi_Phone"), "0935626852"): Text '0935626852' is set on object 'Object Repository/Dangky/Page_ng k ti khon/input_S in thoi_Phone'

05-05-2024T10:51:00 - [MESSAGE][PASSED] - Text '0935626852' is set on object 'Object Repository/Dangky/Page_ng k ti khon/input_S in thoi_Phone'

05-05-2024T10:51:00 - [TEST_STEP][PASSED] - setText(findTestObject("Dangky/Page_ng k ti khon/input_Mt khu_Password"), "123456"): Text '123456' is set on object 'Object Repository/Dangky/Page_ng k ti khon/input_Mt khu_Password'

05-05-2024T10:51:00 - [MESSAGE][PASSED] - Text '123456' is set on object 'Object Repository/Dangky/Page_ng k ti khon/input_Mt khu_Password'

05-05-2024T10:51:00 - [TEST_STEP][PASSED] - setText(findTestObject("Dangky/Page_ng k ti khon/input_Nhp li mt khu_ConfirmPassword"), ""): Text '' is set on object 'Object Repository/Dangky/Page_ng k ti khon/input_Nhp li mt khu_ConfirmPassword'

05-05-2024T10:51:00 - [MESSAGE][PASSED] - Text '' is set on object 'Object Repository/Dangky/Page_ng k ti khon/input_Nhp li mt khu_ConfirmPassword'

05-05-2024T10:51:00 - [TEST_STEP][PASSED] - scrollToPosition(0, 750): Browser is scrolled to position x = 0, y = 750

05-05-2024T10:51:00 - [MESSAGE][PASSED] - Browser is scrolled to position x = 0, y = 750

05-05-2024T10:51:00 - [TEST_STEP][PASSED] - click(findTestObject("Dangky/Page_Trang ch/Page_ng k ti khon/button_ng k")): Object: 'Object Repository/Dangky/Page_Trang ch/Page_ng k ti khon/button_ng k' is clicked on

05-05-2024T10:51:01 - [MESSAGE][PASSED] - Object: 'Object Repository/Dangky/Page_Trang ch/Page_ng k ti khon/button_ng k' is clicked on

05-05-2024T10:51:01 - [TEST_STEP][FAILED] - verifyElementText(findTestObject("Dangky/Page_Dashboard/a_Thng tin ti khon"), "THÔNG TIN TÀI KHOẢN"): Verify element text of test object 'Object Repository/Dangky/Page_Dashboard/a_Thng tin ti khon' FAILED. (Root cause: com.kms.katalon.core.exception.StepFailedException: Verify element text of test object 'Object Repository/Dangky/Page_Dashboard/a_Thng tin ti khon' FAILED.
	at com.kms.katalon.core.webui.keyword.internal.WebUIKeywordMain.stepFailed(WebUIKeywordMain.groovy:64)
	at com.kms.katalon.core.webui.keyword.internal.WebUIKeywordMain.runKeyword(WebUIKeywordMain.groovy:26)
	at com.kms.katalon.core.webui.keyword.builtin.VerifyElementTextKeyword.verifyElementText(VerifyElementTextKeyword.groovy:72)
	at com.kms.katalon.core.webui.keyword.builtin.VerifyElementTextKeyword.execute(VerifyElementTextKeyword.groovy:40)
	at com.kms.katalon.core.keyword.internal.KeywordExecutor.executeKeywordForPlatform(KeywordExecutor.groovy:74)
	at com.kms.katalon.core.webui.keyword.WebUiBuiltInKeywords.verifyElementText(WebUiBuiltInKeywords.groovy:4835)
	at Dang Ky_TC6.run(Dang Ky_TC6:40)
	at com.kms.katalon.core.main.ScriptEngine.run(ScriptEngine.java:194)
	at com.kms.katalon.core.main.ScriptEngine.runScriptAsRawText(ScriptEngine.java:119)
	at com.kms.katalon.core.main.TestCaseExecutor.runScript(TestCaseExecutor.java:448)
	at com.kms.katalon.core.main.TestCaseExecutor.doExecute(TestCaseExecutor.java:439)
	at com.kms.katalon.core.main.TestCaseExecutor.processExecutionPhase(TestCaseExecutor.java:418)
	at com.kms.katalon.core.main.TestCaseExecutor.accessMainPhase(TestCaseExecutor.java:410)
	at com.kms.katalon.core.main.TestCaseExecutor.execute(TestCaseExecutor.java:285)
	at com.kms.katalon.core.common.CommonExecutor.accessTestCaseMainPhase(CommonExecutor.java:65)
	at com.kms.katalon.core.main.TestSuiteExecutor.accessTestSuiteMainPhase(TestSuiteExecutor.java:148)
	at com.kms.katalon.core.main.TestSuiteExecutor.execute(TestSuiteExecutor.java:106)
	at com.kms.katalon.core.main.TestCaseMain.startTestSuite(TestCaseMain.java:180)
	at TempTestSuite1714880705198.run(TempTestSuite1714880705198.groovy:35)
	at java.base/jdk.internal.reflect.NativeMethodAccessorImpl.invoke0(Native Method)
	at java.base/jdk.internal.reflect.NativeMethodAccessorImpl.invoke(NativeMethodAccessorImpl.java:77)
	at java.base/jdk.internal.reflect.DelegatingMethodAccessorImpl.invoke(DelegatingMethodAccessorImpl.java:43)
Caused by: com.kms.katalon.core.exception.StepFailedException: com.kms.katalon.core.webui.exception.WebElementNotFoundException: Web element with id: 'Object Repository/Dangky/Page_Dashboard/a_Thng tin ti khon' located by '//a[@id='account-dashboard-tab']' not found
	at com.kms.katalon.core.webui.keyword.internal.WebUIKeywordMain.stepFailed(WebUIKeywordMain.groovy:64)
	at com.kms.katalon.core.webui.keyword.builtin.VerifyElementTextKeyword$_verifyElementText_closure1.doCall(VerifyElementTextKeyword.groovy:64)
	at com.kms.katalon.core.webui.keyword.builtin.VerifyElementTextKeyword$_verifyElementText_closure1.call(VerifyElementTextKeyword.groovy)
	at com.kms.katalon.core.webui.keyword.internal.WebUIKeywordMain.runKeyword(WebUIKeywordMain.groovy:20)
	... 20 more
)

05-05-2024T10:51:32 - [MESSAGE][INFO] - Unable to find the element located by 'By.xpath: //a[@id='account-dashboard-tab']'. Please recheck the objects properties to make sure the desired element is located. 

05-05-2024T10:51:32 - [MESSAGE][FAILED] - com.kms.katalon.core.webui.exception.WebElementNotFoundException: Web element with id: 'Object Repository/Dangky/Page_Dashboard/a_Thng tin ti khon' located by '//a[@id='account-dashboard-tab']' not found (Root cause: com.kms.katalon.core.exception.StepFailedException: com.kms.katalon.core.webui.exception.WebElementNotFoundException: Web element with id: 'Object Repository/Dangky/Page_Dashboard/a_Thng tin ti khon' located by '//a[@id='account-dashboard-tab']' not found
	at com.kms.katalon.core.webui.keyword.internal.WebUIKeywordMain.stepFailed(WebUIKeywordMain.groovy:64)
	at com.kms.katalon.core.webui.keyword.builtin.VerifyElementTextKeyword$_verifyElementText_closure1.doCall(VerifyElementTextKeyword.groovy:64)
	at com.kms.katalon.core.webui.keyword.builtin.VerifyElementTextKeyword$_verifyElementText_closure1.call(VerifyElementTextKeyword.groovy)
	at com.kms.katalon.core.webui.keyword.internal.WebUIKeywordMain.runKeyword(WebUIKeywordMain.groovy:20)
	at com.kms.katalon.core.webui.keyword.builtin.VerifyElementTextKeyword.verifyElementText(VerifyElementTextKeyword.groovy:72)
	at com.kms.katalon.core.webui.keyword.builtin.VerifyElementTextKeyword.execute(VerifyElementTextKeyword.groovy:40)
	at com.kms.katalon.core.keyword.internal.KeywordExecutor.executeKeywordForPlatform(KeywordExecutor.groovy:74)
	at com.kms.katalon.core.webui.keyword.WebUiBuiltInKeywords.verifyElementText(WebUiBuiltInKeywords.groovy:4835)
	at Dang Ky_TC6.run(Dang Ky_TC6:40)
	at com.kms.katalon.core.main.ScriptEngine.run(ScriptEngine.java:194)
	at com.kms.katalon.core.main.ScriptEngine.runScriptAsRawText(ScriptEngine.java:119)
	at com.kms.katalon.core.main.TestCaseExecutor.runScript(TestCaseExecutor.java:448)
	at com.kms.katalon.core.main.TestCaseExecutor.doExecute(TestCaseExecutor.java:439)
	at com.kms.katalon.core.main.TestCaseExecutor.processExecutionPhase(TestCaseExecutor.java:418)
	at com.kms.katalon.core.main.TestCaseExecutor.accessMainPhase(TestCaseExecutor.java:410)
	at com.kms.katalon.core.main.TestCaseExecutor.execute(TestCaseExecutor.java:285)
	at com.kms.katalon.core.common.CommonExecutor.accessTestCaseMainPhase(CommonExecutor.java:65)
	at com.kms.katalon.core.main.TestSuiteExecutor.accessTestSuiteMainPhase(TestSuiteExecutor.java:148)
	at com.kms.katalon.core.main.TestSuiteExecutor.execute(TestSuiteExecutor.java:106)
	at com.kms.katalon.core.main.TestCaseMain.startTestSuite(TestCaseMain.java:180)
	at TempTestSuite1714880705198.run(TempTestSuite1714880705198.groovy:35)
	at java.base/jdk.internal.reflect.NativeMethodAccessorImpl.invoke0(Native Method)
	at java.base/jdk.internal.reflect.NativeMethodAccessorImpl.invoke(NativeMethodAccessorImpl.java:77)
	at java.base/jdk.internal.reflect.DelegatingMethodAccessorImpl.invoke(DelegatingMethodAccessorImpl.java:43)
)
[[ATTACHMENT|C:\\Users\\84336\\git\\Final_TestMorriWeb\\Reports\\20240505_104505\\Dangky\\20240505_104505\\1714881092692.png]]

05-05-2024T10:51:33 - [MESSAGE][FAILED] - Verify element text of test object 'Object Repository/Dangky/Page_Dashboard/a_Thng tin ti khon' FAILED. (Root cause: com.kms.katalon.core.exception.StepFailedException: Verify element text of test object 'Object Repository/Dangky/Page_Dashboard/a_Thng tin ti khon' FAILED.
	at com.kms.katalon.core.webui.keyword.internal.WebUIKeywordMain.stepFailed(WebUIKeywordMain.groovy:64)
	at com.kms.katalon.core.webui.keyword.internal.WebUIKeywordMain.runKeyword(WebUIKeywordMain.groovy:26)
	at com.kms.katalon.core.webui.keyword.builtin.VerifyElementTextKeyword.verifyElementText(VerifyElementTextKeyword.groovy:72)
	at com.kms.katalon.core.webui.keyword.builtin.VerifyElementTextKeyword.execute(VerifyElementTextKeyword.groovy:40)
	at com.kms.katalon.core.keyword.internal.KeywordExecutor.executeKeywordForPlatform(KeywordExecutor.groovy:74)
	at com.kms.katalon.core.webui.keyword.WebUiBuiltInKeywords.verifyElementText(WebUiBuiltInKeywords.groovy:4835)
	at Dang Ky_TC6.run(Dang Ky_TC6:40)
	at com.kms.katalon.core.main.ScriptEngine.run(ScriptEngine.java:194)
	at com.kms.katalon.core.main.ScriptEngine.runScriptAsRawText(ScriptEngine.java:119)
	at com.kms.katalon.core.main.TestCaseExecutor.runScript(TestCaseExecutor.java:448)
	at com.kms.katalon.core.main.TestCaseExecutor.doExecute(TestCaseExecutor.java:439)
	at com.kms.katalon.core.main.TestCaseExecutor.processExecutionPhase(TestCaseExecutor.java:418)
	at com.kms.katalon.core.main.TestCaseExecutor.accessMainPhase(TestCaseExecutor.java:410)
	at com.kms.katalon.core.main.TestCaseExecutor.execute(TestCaseExecutor.java:285)
	at com.kms.katalon.core.common.CommonExecutor.accessTestCaseMainPhase(CommonExecutor.java:65)
	at com.kms.katalon.core.main.TestSuiteExecutor.accessTestSuiteMainPhase(TestSuiteExecutor.java:148)
	at com.kms.katalon.core.main.TestSuiteExecutor.execute(TestSuiteExecutor.java:106)
	at com.kms.katalon.core.main.TestCaseMain.startTestSuite(TestCaseMain.java:180)
	at TempTestSuite1714880705198.run(TempTestSuite1714880705198.groovy:35)
	at java.base/jdk.internal.reflect.NativeMethodAccessorImpl.invoke0(Native Method)
	at java.base/jdk.internal.reflect.NativeMethodAccessorImpl.invoke(NativeMethodAccessorImpl.java:77)
	at java.base/jdk.internal.reflect.DelegatingMethodAccessorImpl.invoke(DelegatingMethodAccessorImpl.java:43)
Caused by: com.kms.katalon.core.exception.StepFailedException: com.kms.katalon.core.webui.exception.WebElementNotFoundException: Web element with id: 'Object Repository/Dangky/Page_Dashboard/a_Thng tin ti khon' located by '//a[@id='account-dashboard-tab']' not found
	at com.kms.katalon.core.webui.keyword.internal.WebUIKeywordMain.stepFailed(WebUIKeywordMain.groovy:64)
	at com.kms.katalon.core.webui.keyword.builtin.VerifyElementTextKeyword$_verifyElementText_closure1.doCall(VerifyElementTextKeyword.groovy:64)
	at com.kms.katalon.core.webui.keyword.builtin.VerifyElementTextKeyword$_verifyElementText_closure1.call(VerifyElementTextKeyword.groovy)
	at com.kms.katalon.core.webui.keyword.internal.WebUIKeywordMain.runKeyword(WebUIKeywordMain.groovy:20)
	... 20 more
)
[[ATTACHMENT|C:\\Users\\84336\\git\\Final_TestMorriWeb\\Reports\\20240505_104505\\Dangky\\20240505_104505\\1714881092858.png]]]]></system-out>
         <system-err><![CDATA[05-05-2024T10:50:49 - [TEST_CASE][FAILED] - Test Cases/Dangky/Dang Ky_TC6: Test Cases/Dangky/Dang Ky_TC6 FAILED.
Reason:
com.kms.katalon.core.exception.StepFailedException: Verify element text of test object 'Object Repository/Dangky/Page_Dashboard/a_Thng tin ti khon' FAILED.
	at com.kms.katalon.core.webui.keyword.internal.WebUIKeywordMain.stepFailed(WebUIKeywordMain.groovy:64)
	at com.kms.katalon.core.webui.keyword.internal.WebUIKeywordMain.runKeyword(WebUIKeywordMain.groovy:26)
	at com.kms.katalon.core.webui.keyword.builtin.VerifyElementTextKeyword.verifyElementText(VerifyElementTextKeyword.groovy:72)
	at com.kms.katalon.core.webui.keyword.builtin.VerifyElementTextKeyword.execute(VerifyElementTextKeyword.groovy:40)
	at com.kms.katalon.core.keyword.internal.KeywordExecutor.executeKeywordForPlatform(KeywordExecutor.groovy:74)
	at com.kms.katalon.core.webui.keyword.WebUiBuiltInKeywords.verifyElementText(WebUiBuiltInKeywords.groovy:4835)
	at Dang Ky_TC6.run(Dang Ky_TC6:40)
	at com.kms.katalon.core.main.ScriptEngine.run(ScriptEngine.java:194)
	at com.kms.katalon.core.main.ScriptEngine.runScriptAsRawText(ScriptEngine.java:119)
	at com.kms.katalon.core.main.TestCaseExecutor.runScript(TestCaseExecutor.java:448)
	at com.kms.katalon.core.main.TestCaseExecutor.doExecute(TestCaseExecutor.java:439)
	at com.kms.katalon.core.main.TestCaseExecutor.processExecutionPhase(TestCaseExecutor.java:418)
	at com.kms.katalon.core.main.TestCaseExecutor.accessMainPhase(TestCaseExecutor.java:410)
	at com.kms.katalon.core.main.TestCaseExecutor.execute(TestCaseExecutor.java:285)
	at com.kms.katalon.core.common.CommonExecutor.accessTestCaseMainPhase(CommonExecutor.java:65)
	at com.kms.katalon.core.main.TestSuiteExecutor.accessTestSuiteMainPhase(TestSuiteExecutor.java:148)
	at com.kms.katalon.core.main.TestSuiteExecutor.execute(TestSuiteExecutor.java:106)
	at com.kms.katalon.core.main.TestCaseMain.startTestSuite(TestCaseMain.java:180)
	at TempTestSuite1714880705198.run(TempTestSuite1714880705198.groovy:35)
	at java.base/jdk.internal.reflect.NativeMethodAccessorImpl.invoke0(Native Method)
	at java.base/jdk.internal.reflect.NativeMethodAccessorImpl.invoke(NativeMethodAccessorImpl.java:77)
	at java.base/jdk.internal.reflect.DelegatingMethodAccessorImpl.invoke(DelegatingMethodAccessorImpl.java:43)
Caused by: com.kms.katalon.core.exception.StepFailedException: com.kms.katalon.core.webui.exception.WebElementNotFoundException: Web element with id: 'Object Repository/Dangky/Page_Dashboard/a_Thng tin ti khon' located by '//a[@id='account-dashboard-tab']' not found
	at com.kms.katalon.core.webui.keyword.internal.WebUIKeywordMain.stepFailed(WebUIKeywordMain.groovy:64)
	at com.kms.katalon.core.webui.keyword.builtin.VerifyElementTextKeyword$_verifyElementText_closure1.doCall(VerifyElementTextKeyword.groovy:64)
	at com.kms.katalon.core.webui.keyword.builtin.VerifyElementTextKeyword$_verifyElementText_closure1.call(VerifyElementTextKeyword.groovy)
	at com.kms.katalon.core.webui.keyword.internal.WebUIKeywordMain.runKeyword(WebUIKeywordMain.groovy:20)
	... 20 more]]></system-err>
      </testcase>
      <testcase name="Test Cases/Dangky/Dang Ky_TC7" time="43.596" classname="Test Cases/Dangky/Dang Ky_TC7" status="FAILED">
         <failure type="FAILED" message="Test Cases/Dangky/Dang Ky_TC7 FAILED.&#xa;Reason:&#xa;com.kms.katalon.core.exception.StepFailedException: Verify element text of test object 'Object Repository/Dangky/Page_Dashboard/a_Thng tin ti khon' FAILED.&#xa;	at com.kms.katalon.core.webui.keyword.internal.WebUIKeywordMain.stepFailed(WebUIKeywordMain.groovy:64)&#xa;	at com.kms.katalon.core.webui.keyword.internal.WebUIKeywordMain.runKeyword(WebUIKeywordMain.groovy:26)&#xa;	at com.kms.katalon.core.webui.keyword.builtin.VerifyElementTextKeyword.verifyElementText(VerifyElementTextKeyword.groovy:72)&#xa;	at com.kms.katalon.core.webui.keyword.builtin.VerifyElementTextKeyword.execute(VerifyElementTextKeyword.groovy:40)&#xa;	at com.kms.katalon.core.keyword.internal.KeywordExecutor.executeKeywordForPlatform(KeywordExecutor.groovy:74)&#xa;	at com.kms.katalon.core.webui.keyword.WebUiBuiltInKeywords.verifyElementText(WebUiBuiltInKeywords.groovy:4835)&#xa;	at Dang Ky_TC7.run(Dang Ky_TC7:40)&#xa;	at com.kms.katalon.core.main.ScriptEngine.run(ScriptEngine.java:194)&#xa;	at com.kms.katalon.core.main.ScriptEngine.runScriptAsRawText(ScriptEngine.java:119)&#xa;	at com.kms.katalon.core.main.TestCaseExecutor.runScript(TestCaseExecutor.java:448)&#xa;	at com.kms.katalon.core.main.TestCaseExecutor.doExecute(TestCaseExecutor.java:439)&#xa;	at com.kms.katalon.core.main.TestCaseExecutor.processExecutionPhase(TestCaseExecutor.java:418)&#xa;	at com.kms.katalon.core.main.TestCaseExecutor.accessMainPhase(TestCaseExecutor.java:410)&#xa;	at com.kms.katalon.core.main.TestCaseExecutor.execute(TestCaseExecutor.java:285)&#xa;	at com.kms.katalon.core.common.CommonExecutor.accessTestCaseMainPhase(CommonExecutor.java:65)&#xa;	at com.kms.katalon.core.main.TestSuiteExecutor.accessTestSuiteMainPhase(TestSuiteExecutor.java:148)&#xa;	at com.kms.katalon.core.main.TestSuiteExecutor.execute(TestSuiteExecutor.java:106)&#xa;	at com.kms.katalon.core.main.TestCaseMain.startTestSuite(TestCaseMain.java:180)&#xa;	at TempTestSuite1714880705198.run(TempTestSuite1714880705198.groovy:35)&#xa;	at java.base/jdk.internal.reflect.NativeMethodAccessorImpl.invoke0(Native Method)&#xa;	at java.base/jdk.internal.reflect.NativeMethodAccessorImpl.invoke(NativeMethodAccessorImpl.java:77)&#xa;	at java.base/jdk.internal.reflect.DelegatingMethodAccessorImpl.invoke(DelegatingMethodAccessorImpl.java:43)&#xa;Caused by: com.kms.katalon.core.exception.StepFailedException: com.kms.katalon.core.webui.exception.WebElementNotFoundException: Web element with id: 'Object Repository/Dangky/Page_Dashboard/a_Thng tin ti khon' located by '//a[@id='account-dashboard-tab']' not found&#xa;	at com.kms.katalon.core.webui.keyword.internal.WebUIKeywordMain.stepFailed(WebUIKeywordMain.groovy:64)&#xa;	at com.kms.katalon.core.webui.keyword.builtin.VerifyElementTextKeyword$_verifyElementText_closure1.doCall(VerifyElementTextKeyword.groovy:64)&#xa;	at com.kms.katalon.core.webui.keyword.builtin.VerifyElementTextKeyword$_verifyElementText_closure1.call(VerifyElementTextKeyword.groovy)&#xa;	at com.kms.katalon.core.webui.keyword.internal.WebUIKeywordMain.runKeyword(WebUIKeywordMain.groovy:20)&#xa;	... 20 more&#xa;"/>
         <system-out><![CDATA[05-05-2024T10:51:33 - [TEST_CASE][FAILED] - Test Cases/Dangky/Dang Ky_TC7: Test Cases/Dangky/Dang Ky_TC7 FAILED.
Reason:
com.kms.katalon.core.exception.StepFailedException: Verify element text of test object 'Object Repository/Dangky/Page_Dashboard/a_Thng tin ti khon' FAILED.
	at com.kms.katalon.core.webui.keyword.internal.WebUIKeywordMain.stepFailed(WebUIKeywordMain.groovy:64)
	at com.kms.katalon.core.webui.keyword.internal.WebUIKeywordMain.runKeyword(WebUIKeywordMain.groovy:26)
	at com.kms.katalon.core.webui.keyword.builtin.VerifyElementTextKeyword.verifyElementText(VerifyElementTextKeyword.groovy:72)
	at com.kms.katalon.core.webui.keyword.builtin.VerifyElementTextKeyword.execute(VerifyElementTextKeyword.groovy:40)
	at com.kms.katalon.core.keyword.internal.KeywordExecutor.executeKeywordForPlatform(KeywordExecutor.groovy:74)
	at com.kms.katalon.core.webui.keyword.WebUiBuiltInKeywords.verifyElementText(WebUiBuiltInKeywords.groovy:4835)
	at Dang Ky_TC7.run(Dang Ky_TC7:40)
	at com.kms.katalon.core.main.ScriptEngine.run(ScriptEngine.java:194)
	at com.kms.katalon.core.main.ScriptEngine.runScriptAsRawText(ScriptEngine.java:119)
	at com.kms.katalon.core.main.TestCaseExecutor.runScript(TestCaseExecutor.java:448)
	at com.kms.katalon.core.main.TestCaseExecutor.doExecute(TestCaseExecutor.java:439)
	at com.kms.katalon.core.main.TestCaseExecutor.processExecutionPhase(TestCaseExecutor.java:418)
	at com.kms.katalon.core.main.TestCaseExecutor.accessMainPhase(TestCaseExecutor.java:410)
	at com.kms.katalon.core.main.TestCaseExecutor.execute(TestCaseExecutor.java:285)
	at com.kms.katalon.core.common.CommonExecutor.accessTestCaseMainPhase(CommonExecutor.java:65)
	at com.kms.katalon.core.main.TestSuiteExecutor.accessTestSuiteMainPhase(TestSuiteExecutor.java:148)
	at com.kms.katalon.core.main.TestSuiteExecutor.execute(TestSuiteExecutor.java:106)
	at com.kms.katalon.core.main.TestCaseMain.startTestSuite(TestCaseMain.java:180)
	at TempTestSuite1714880705198.run(TempTestSuite1714880705198.groovy:35)
	at java.base/jdk.internal.reflect.NativeMethodAccessorImpl.invoke0(Native Method)
	at java.base/jdk.internal.reflect.NativeMethodAccessorImpl.invoke(NativeMethodAccessorImpl.java:77)
	at java.base/jdk.internal.reflect.DelegatingMethodAccessorImpl.invoke(DelegatingMethodAccessorImpl.java:43)
Caused by: com.kms.katalon.core.exception.StepFailedException: com.kms.katalon.core.webui.exception.WebElementNotFoundException: Web element with id: 'Object Repository/Dangky/Page_Dashboard/a_Thng tin ti khon' located by '//a[@id='account-dashboard-tab']' not found
	at com.kms.katalon.core.webui.keyword.internal.WebUIKeywordMain.stepFailed(WebUIKeywordMain.groovy:64)
	at com.kms.katalon.core.webui.keyword.builtin.VerifyElementTextKeyword$_verifyElementText_closure1.doCall(VerifyElementTextKeyword.groovy:64)
	at com.kms.katalon.core.webui.keyword.builtin.VerifyElementTextKeyword$_verifyElementText_closure1.call(VerifyElementTextKeyword.groovy)
	at com.kms.katalon.core.webui.keyword.internal.WebUIKeywordMain.runKeyword(WebUIKeywordMain.groovy:20)
	... 20 more


05-05-2024T10:51:33 - [TEST_STEP][PASSED] - openBrowser("http://www.morricosmetics.somee.com/"): Browser is opened with url: 'http://www.morricosmetics.somee.com/'

05-05-2024T10:51:33 - [MESSAGE][WARNING] - A browser is already opened. Closing browser and opening a new one

05-05-2024T10:51:33 - [MESSAGE][INFO] - Starting 'Edge Chromium' driver

05-05-2024T10:51:35 - [MESSAGE][INFO] - Action delay is set to 0 milliseconds

05-05-2024T10:51:42 - [MESSAGE][PASSED] - Browser is opened with url: 'http://www.morricosmetics.somee.com/'

05-05-2024T10:51:42 - [TEST_STEP][PASSED] - click(findTestObject("Dangky/Page_Trang ch/i_Lin h nhanh_pe-7s-users")): Object: 'Object Repository/Dangky/Page_Trang ch/i_Lin h nhanh_pe-7s-users' is clicked on

05-05-2024T10:51:42 - [MESSAGE][PASSED] - Object: 'Object Repository/Dangky/Page_Trang ch/i_Lin h nhanh_pe-7s-users' is clicked on

05-05-2024T10:51:42 - [TEST_STEP][PASSED] - clickOffset(findTestObject("Dangky/Page_Trang ch/a_ng k ti khon"), 0, 0): Object: 'Object Repository/Dangky/Page_Trang ch/a_ng k ti khon' is clicked on using offset x=0 and y=0

05-05-2024T10:51:43 - [MESSAGE][PASSED] - Object: 'Object Repository/Dangky/Page_Trang ch/a_ng k ti khon' is clicked on using offset x=0 and y=0

05-05-2024T10:51:43 - [TEST_STEP][PASSED] - setText(findTestObject("Dangky/Page_ng k ti khon/input_H v Tn_FullName"), "Morri"): Text 'Morri' is set on object 'Object Repository/Dangky/Page_ng k ti khon/input_H v Tn_FullName'

05-05-2024T10:51:43 - [MESSAGE][PASSED] - Text 'Morri' is set on object 'Object Repository/Dangky/Page_ng k ti khon/input_H v Tn_FullName'

05-05-2024T10:51:43 - [TEST_STEP][PASSED] - setText(findTestObject("Dangky/Page_ng k ti khon/input_a ch Email_Email"), "morritest@gmail.com"): Text 'morritest@gmail.com' is set on object 'Object Repository/Dangky/Page_ng k ti khon/input_a ch Email_Email'

05-05-2024T10:51:44 - [MESSAGE][PASSED] - Text 'morritest@gmail.com' is set on object 'Object Repository/Dangky/Page_ng k ti khon/input_a ch Email_Email'

05-05-2024T10:51:44 - [TEST_STEP][PASSED] - setText(findTestObject("Dangky/Page_ng k ti khon/input_S in thoi_Phone"), "0935626852"): Text '0935626852' is set on object 'Object Repository/Dangky/Page_ng k ti khon/input_S in thoi_Phone'

05-05-2024T10:51:44 - [MESSAGE][PASSED] - Text '0935626852' is set on object 'Object Repository/Dangky/Page_ng k ti khon/input_S in thoi_Phone'

05-05-2024T10:51:44 - [TEST_STEP][PASSED] - setText(findTestObject("Dangky/Page_ng k ti khon/input_Mt khu_Password"), ""): Text '' is set on object 'Object Repository/Dangky/Page_ng k ti khon/input_Mt khu_Password'

05-05-2024T10:51:44 - [MESSAGE][PASSED] - Text '' is set on object 'Object Repository/Dangky/Page_ng k ti khon/input_Mt khu_Password'

05-05-2024T10:51:44 - [TEST_STEP][PASSED] - setText(findTestObject("Dangky/Page_ng k ti khon/input_Nhp li mt khu_ConfirmPassword"), ""): Text '' is set on object 'Object Repository/Dangky/Page_ng k ti khon/input_Nhp li mt khu_ConfirmPassword'

05-05-2024T10:51:44 - [MESSAGE][PASSED] - Text '' is set on object 'Object Repository/Dangky/Page_ng k ti khon/input_Nhp li mt khu_ConfirmPassword'

05-05-2024T10:51:44 - [TEST_STEP][PASSED] - scrollToPosition(0, 750): Browser is scrolled to position x = 0, y = 750

05-05-2024T10:51:44 - [MESSAGE][PASSED] - Browser is scrolled to position x = 0, y = 750

05-05-2024T10:51:44 - [TEST_STEP][PASSED] - click(findTestObject("Dangky/Page_Trang ch/Page_ng k ti khon/button_ng k")): Object: 'Object Repository/Dangky/Page_Trang ch/Page_ng k ti khon/button_ng k' is clicked on

05-05-2024T10:51:45 - [MESSAGE][PASSED] - Object: 'Object Repository/Dangky/Page_Trang ch/Page_ng k ti khon/button_ng k' is clicked on

05-05-2024T10:51:45 - [TEST_STEP][FAILED] - verifyElementText(findTestObject("Dangky/Page_Dashboard/a_Thng tin ti khon"), "THÔNG TIN TÀI KHOẢN"): Verify element text of test object 'Object Repository/Dangky/Page_Dashboard/a_Thng tin ti khon' FAILED. (Root cause: com.kms.katalon.core.exception.StepFailedException: Verify element text of test object 'Object Repository/Dangky/Page_Dashboard/a_Thng tin ti khon' FAILED.
	at com.kms.katalon.core.webui.keyword.internal.WebUIKeywordMain.stepFailed(WebUIKeywordMain.groovy:64)
	at com.kms.katalon.core.webui.keyword.internal.WebUIKeywordMain.runKeyword(WebUIKeywordMain.groovy:26)
	at com.kms.katalon.core.webui.keyword.builtin.VerifyElementTextKeyword.verifyElementText(VerifyElementTextKeyword.groovy:72)
	at com.kms.katalon.core.webui.keyword.builtin.VerifyElementTextKeyword.execute(VerifyElementTextKeyword.groovy:40)
	at com.kms.katalon.core.keyword.internal.KeywordExecutor.executeKeywordForPlatform(KeywordExecutor.groovy:74)
	at com.kms.katalon.core.webui.keyword.WebUiBuiltInKeywords.verifyElementText(WebUiBuiltInKeywords.groovy:4835)
	at Dang Ky_TC7.run(Dang Ky_TC7:40)
	at com.kms.katalon.core.main.ScriptEngine.run(ScriptEngine.java:194)
	at com.kms.katalon.core.main.ScriptEngine.runScriptAsRawText(ScriptEngine.java:119)
	at com.kms.katalon.core.main.TestCaseExecutor.runScript(TestCaseExecutor.java:448)
	at com.kms.katalon.core.main.TestCaseExecutor.doExecute(TestCaseExecutor.java:439)
	at com.kms.katalon.core.main.TestCaseExecutor.processExecutionPhase(TestCaseExecutor.java:418)
	at com.kms.katalon.core.main.TestCaseExecutor.accessMainPhase(TestCaseExecutor.java:410)
	at com.kms.katalon.core.main.TestCaseExecutor.execute(TestCaseExecutor.java:285)
	at com.kms.katalon.core.common.CommonExecutor.accessTestCaseMainPhase(CommonExecutor.java:65)
	at com.kms.katalon.core.main.TestSuiteExecutor.accessTestSuiteMainPhase(TestSuiteExecutor.java:148)
	at com.kms.katalon.core.main.TestSuiteExecutor.execute(TestSuiteExecutor.java:106)
	at com.kms.katalon.core.main.TestCaseMain.startTestSuite(TestCaseMain.java:180)
	at TempTestSuite1714880705198.run(TempTestSuite1714880705198.groovy:35)
	at java.base/jdk.internal.reflect.NativeMethodAccessorImpl.invoke0(Native Method)
	at java.base/jdk.internal.reflect.NativeMethodAccessorImpl.invoke(NativeMethodAccessorImpl.java:77)
	at java.base/jdk.internal.reflect.DelegatingMethodAccessorImpl.invoke(DelegatingMethodAccessorImpl.java:43)
Caused by: com.kms.katalon.core.exception.StepFailedException: com.kms.katalon.core.webui.exception.WebElementNotFoundException: Web element with id: 'Object Repository/Dangky/Page_Dashboard/a_Thng tin ti khon' located by '//a[@id='account-dashboard-tab']' not found
	at com.kms.katalon.core.webui.keyword.internal.WebUIKeywordMain.stepFailed(WebUIKeywordMain.groovy:64)
	at com.kms.katalon.core.webui.keyword.builtin.VerifyElementTextKeyword$_verifyElementText_closure1.doCall(VerifyElementTextKeyword.groovy:64)
	at com.kms.katalon.core.webui.keyword.builtin.VerifyElementTextKeyword$_verifyElementText_closure1.call(VerifyElementTextKeyword.groovy)
	at com.kms.katalon.core.webui.keyword.internal.WebUIKeywordMain.runKeyword(WebUIKeywordMain.groovy:20)
	... 20 more
)

05-05-2024T10:52:16 - [MESSAGE][INFO] - Unable to find the element located by 'By.xpath: //a[@id='account-dashboard-tab']'. Please recheck the objects properties to make sure the desired element is located. 

05-05-2024T10:52:16 - [MESSAGE][FAILED] - com.kms.katalon.core.webui.exception.WebElementNotFoundException: Web element with id: 'Object Repository/Dangky/Page_Dashboard/a_Thng tin ti khon' located by '//a[@id='account-dashboard-tab']' not found (Root cause: com.kms.katalon.core.exception.StepFailedException: com.kms.katalon.core.webui.exception.WebElementNotFoundException: Web element with id: 'Object Repository/Dangky/Page_Dashboard/a_Thng tin ti khon' located by '//a[@id='account-dashboard-tab']' not found
	at com.kms.katalon.core.webui.keyword.internal.WebUIKeywordMain.stepFailed(WebUIKeywordMain.groovy:64)
	at com.kms.katalon.core.webui.keyword.builtin.VerifyElementTextKeyword$_verifyElementText_closure1.doCall(VerifyElementTextKeyword.groovy:64)
	at com.kms.katalon.core.webui.keyword.builtin.VerifyElementTextKeyword$_verifyElementText_closure1.call(VerifyElementTextKeyword.groovy)
	at com.kms.katalon.core.webui.keyword.internal.WebUIKeywordMain.runKeyword(WebUIKeywordMain.groovy:20)
	at com.kms.katalon.core.webui.keyword.builtin.VerifyElementTextKeyword.verifyElementText(VerifyElementTextKeyword.groovy:72)
	at com.kms.katalon.core.webui.keyword.builtin.VerifyElementTextKeyword.execute(VerifyElementTextKeyword.groovy:40)
	at com.kms.katalon.core.keyword.internal.KeywordExecutor.executeKeywordForPlatform(KeywordExecutor.groovy:74)
	at com.kms.katalon.core.webui.keyword.WebUiBuiltInKeywords.verifyElementText(WebUiBuiltInKeywords.groovy:4835)
	at Dang Ky_TC7.run(Dang Ky_TC7:40)
	at com.kms.katalon.core.main.ScriptEngine.run(ScriptEngine.java:194)
	at com.kms.katalon.core.main.ScriptEngine.runScriptAsRawText(ScriptEngine.java:119)
	at com.kms.katalon.core.main.TestCaseExecutor.runScript(TestCaseExecutor.java:448)
	at com.kms.katalon.core.main.TestCaseExecutor.doExecute(TestCaseExecutor.java:439)
	at com.kms.katalon.core.main.TestCaseExecutor.processExecutionPhase(TestCaseExecutor.java:418)
	at com.kms.katalon.core.main.TestCaseExecutor.accessMainPhase(TestCaseExecutor.java:410)
	at com.kms.katalon.core.main.TestCaseExecutor.execute(TestCaseExecutor.java:285)
	at com.kms.katalon.core.common.CommonExecutor.accessTestCaseMainPhase(CommonExecutor.java:65)
	at com.kms.katalon.core.main.TestSuiteExecutor.accessTestSuiteMainPhase(TestSuiteExecutor.java:148)
	at com.kms.katalon.core.main.TestSuiteExecutor.execute(TestSuiteExecutor.java:106)
	at com.kms.katalon.core.main.TestCaseMain.startTestSuite(TestCaseMain.java:180)
	at TempTestSuite1714880705198.run(TempTestSuite1714880705198.groovy:35)
	at java.base/jdk.internal.reflect.NativeMethodAccessorImpl.invoke0(Native Method)
	at java.base/jdk.internal.reflect.NativeMethodAccessorImpl.invoke(NativeMethodAccessorImpl.java:77)
	at java.base/jdk.internal.reflect.DelegatingMethodAccessorImpl.invoke(DelegatingMethodAccessorImpl.java:43)
)
[[ATTACHMENT|C:\\Users\\84336\\git\\Final_TestMorriWeb\\Reports\\20240505_104505\\Dangky\\20240505_104505\\1714881136245.png]]

05-05-2024T10:52:16 - [MESSAGE][FAILED] - Verify element text of test object 'Object Repository/Dangky/Page_Dashboard/a_Thng tin ti khon' FAILED. (Root cause: com.kms.katalon.core.exception.StepFailedException: Verify element text of test object 'Object Repository/Dangky/Page_Dashboard/a_Thng tin ti khon' FAILED.
	at com.kms.katalon.core.webui.keyword.internal.WebUIKeywordMain.stepFailed(WebUIKeywordMain.groovy:64)
	at com.kms.katalon.core.webui.keyword.internal.WebUIKeywordMain.runKeyword(WebUIKeywordMain.groovy:26)
	at com.kms.katalon.core.webui.keyword.builtin.VerifyElementTextKeyword.verifyElementText(VerifyElementTextKeyword.groovy:72)
	at com.kms.katalon.core.webui.keyword.builtin.VerifyElementTextKeyword.execute(VerifyElementTextKeyword.groovy:40)
	at com.kms.katalon.core.keyword.internal.KeywordExecutor.executeKeywordForPlatform(KeywordExecutor.groovy:74)
	at com.kms.katalon.core.webui.keyword.WebUiBuiltInKeywords.verifyElementText(WebUiBuiltInKeywords.groovy:4835)
	at Dang Ky_TC7.run(Dang Ky_TC7:40)
	at com.kms.katalon.core.main.ScriptEngine.run(ScriptEngine.java:194)
	at com.kms.katalon.core.main.ScriptEngine.runScriptAsRawText(ScriptEngine.java:119)
	at com.kms.katalon.core.main.TestCaseExecutor.runScript(TestCaseExecutor.java:448)
	at com.kms.katalon.core.main.TestCaseExecutor.doExecute(TestCaseExecutor.java:439)
	at com.kms.katalon.core.main.TestCaseExecutor.processExecutionPhase(TestCaseExecutor.java:418)
	at com.kms.katalon.core.main.TestCaseExecutor.accessMainPhase(TestCaseExecutor.java:410)
	at com.kms.katalon.core.main.TestCaseExecutor.execute(TestCaseExecutor.java:285)
	at com.kms.katalon.core.common.CommonExecutor.accessTestCaseMainPhase(CommonExecutor.java:65)
	at com.kms.katalon.core.main.TestSuiteExecutor.accessTestSuiteMainPhase(TestSuiteExecutor.java:148)
	at com.kms.katalon.core.main.TestSuiteExecutor.execute(TestSuiteExecutor.java:106)
	at com.kms.katalon.core.main.TestCaseMain.startTestSuite(TestCaseMain.java:180)
	at TempTestSuite1714880705198.run(TempTestSuite1714880705198.groovy:35)
	at java.base/jdk.internal.reflect.NativeMethodAccessorImpl.invoke0(Native Method)
	at java.base/jdk.internal.reflect.NativeMethodAccessorImpl.invoke(NativeMethodAccessorImpl.java:77)
	at java.base/jdk.internal.reflect.DelegatingMethodAccessorImpl.invoke(DelegatingMethodAccessorImpl.java:43)
Caused by: com.kms.katalon.core.exception.StepFailedException: com.kms.katalon.core.webui.exception.WebElementNotFoundException: Web element with id: 'Object Repository/Dangky/Page_Dashboard/a_Thng tin ti khon' located by '//a[@id='account-dashboard-tab']' not found
	at com.kms.katalon.core.webui.keyword.internal.WebUIKeywordMain.stepFailed(WebUIKeywordMain.groovy:64)
	at com.kms.katalon.core.webui.keyword.builtin.VerifyElementTextKeyword$_verifyElementText_closure1.doCall(VerifyElementTextKeyword.groovy:64)
	at com.kms.katalon.core.webui.keyword.builtin.VerifyElementTextKeyword$_verifyElementText_closure1.call(VerifyElementTextKeyword.groovy)
	at com.kms.katalon.core.webui.keyword.internal.WebUIKeywordMain.runKeyword(WebUIKeywordMain.groovy:20)
	... 20 more
)
[[ATTACHMENT|C:\\Users\\84336\\git\\Final_TestMorriWeb\\Reports\\20240505_104505\\Dangky\\20240505_104505\\1714881136433.png]]]]></system-out>
         <system-err><![CDATA[05-05-2024T10:51:33 - [TEST_CASE][FAILED] - Test Cases/Dangky/Dang Ky_TC7: Test Cases/Dangky/Dang Ky_TC7 FAILED.
Reason:
com.kms.katalon.core.exception.StepFailedException: Verify element text of test object 'Object Repository/Dangky/Page_Dashboard/a_Thng tin ti khon' FAILED.
	at com.kms.katalon.core.webui.keyword.internal.WebUIKeywordMain.stepFailed(WebUIKeywordMain.groovy:64)
	at com.kms.katalon.core.webui.keyword.internal.WebUIKeywordMain.runKeyword(WebUIKeywordMain.groovy:26)
	at com.kms.katalon.core.webui.keyword.builtin.VerifyElementTextKeyword.verifyElementText(VerifyElementTextKeyword.groovy:72)
	at com.kms.katalon.core.webui.keyword.builtin.VerifyElementTextKeyword.execute(VerifyElementTextKeyword.groovy:40)
	at com.kms.katalon.core.keyword.internal.KeywordExecutor.executeKeywordForPlatform(KeywordExecutor.groovy:74)
	at com.kms.katalon.core.webui.keyword.WebUiBuiltInKeywords.verifyElementText(WebUiBuiltInKeywords.groovy:4835)
	at Dang Ky_TC7.run(Dang Ky_TC7:40)
	at com.kms.katalon.core.main.ScriptEngine.run(ScriptEngine.java:194)
	at com.kms.katalon.core.main.ScriptEngine.runScriptAsRawText(ScriptEngine.java:119)
	at com.kms.katalon.core.main.TestCaseExecutor.runScript(TestCaseExecutor.java:448)
	at com.kms.katalon.core.main.TestCaseExecutor.doExecute(TestCaseExecutor.java:439)
	at com.kms.katalon.core.main.TestCaseExecutor.processExecutionPhase(TestCaseExecutor.java:418)
	at com.kms.katalon.core.main.TestCaseExecutor.accessMainPhase(TestCaseExecutor.java:410)
	at com.kms.katalon.core.main.TestCaseExecutor.execute(TestCaseExecutor.java:285)
	at com.kms.katalon.core.common.CommonExecutor.accessTestCaseMainPhase(CommonExecutor.java:65)
	at com.kms.katalon.core.main.TestSuiteExecutor.accessTestSuiteMainPhase(TestSuiteExecutor.java:148)
	at com.kms.katalon.core.main.TestSuiteExecutor.execute(TestSuiteExecutor.java:106)
	at com.kms.katalon.core.main.TestCaseMain.startTestSuite(TestCaseMain.java:180)
	at TempTestSuite1714880705198.run(TempTestSuite1714880705198.groovy:35)
	at java.base/jdk.internal.reflect.NativeMethodAccessorImpl.invoke0(Native Method)
	at java.base/jdk.internal.reflect.NativeMethodAccessorImpl.invoke(NativeMethodAccessorImpl.java:77)
	at java.base/jdk.internal.reflect.DelegatingMethodAccessorImpl.invoke(DelegatingMethodAccessorImpl.java:43)
Caused by: com.kms.katalon.core.exception.StepFailedException: com.kms.katalon.core.webui.exception.WebElementNotFoundException: Web element with id: 'Object Repository/Dangky/Page_Dashboard/a_Thng tin ti khon' located by '//a[@id='account-dashboard-tab']' not found
	at com.kms.katalon.core.webui.keyword.internal.WebUIKeywordMain.stepFailed(WebUIKeywordMain.groovy:64)
	at com.kms.katalon.core.webui.keyword.builtin.VerifyElementTextKeyword$_verifyElementText_closure1.doCall(VerifyElementTextKeyword.groovy:64)
	at com.kms.katalon.core.webui.keyword.builtin.VerifyElementTextKeyword$_verifyElementText_closure1.call(VerifyElementTextKeyword.groovy)
	at com.kms.katalon.core.webui.keyword.internal.WebUIKeywordMain.runKeyword(WebUIKeywordMain.groovy:20)
	... 20 more]]></system-err>
      </testcase>
      <testcase name="Test Cases/Dangky/Dang Ky_TC8" time="43.328" classname="Test Cases/Dangky/Dang Ky_TC8" status="FAILED">
         <failure type="FAILED" message="Test Cases/Dangky/Dang Ky_TC8 FAILED.&#xa;Reason:&#xa;com.kms.katalon.core.exception.StepFailedException: Verify element text of test object 'Object Repository/Dangky/Page_Dashboard/a_Thng tin ti khon' FAILED.&#xa;	at com.kms.katalon.core.webui.keyword.internal.WebUIKeywordMain.stepFailed(WebUIKeywordMain.groovy:64)&#xa;	at com.kms.katalon.core.webui.keyword.internal.WebUIKeywordMain.runKeyword(WebUIKeywordMain.groovy:26)&#xa;	at com.kms.katalon.core.webui.keyword.builtin.VerifyElementTextKeyword.verifyElementText(VerifyElementTextKeyword.groovy:72)&#xa;	at com.kms.katalon.core.webui.keyword.builtin.VerifyElementTextKeyword.execute(VerifyElementTextKeyword.groovy:40)&#xa;	at com.kms.katalon.core.keyword.internal.KeywordExecutor.executeKeywordForPlatform(KeywordExecutor.groovy:74)&#xa;	at com.kms.katalon.core.webui.keyword.WebUiBuiltInKeywords.verifyElementText(WebUiBuiltInKeywords.groovy:4835)&#xa;	at Dang Ky_TC8.run(Dang Ky_TC8:40)&#xa;	at com.kms.katalon.core.main.ScriptEngine.run(ScriptEngine.java:194)&#xa;	at com.kms.katalon.core.main.ScriptEngine.runScriptAsRawText(ScriptEngine.java:119)&#xa;	at com.kms.katalon.core.main.TestCaseExecutor.runScript(TestCaseExecutor.java:448)&#xa;	at com.kms.katalon.core.main.TestCaseExecutor.doExecute(TestCaseExecutor.java:439)&#xa;	at com.kms.katalon.core.main.TestCaseExecutor.processExecutionPhase(TestCaseExecutor.java:418)&#xa;	at com.kms.katalon.core.main.TestCaseExecutor.accessMainPhase(TestCaseExecutor.java:410)&#xa;	at com.kms.katalon.core.main.TestCaseExecutor.execute(TestCaseExecutor.java:285)&#xa;	at com.kms.katalon.core.common.CommonExecutor.accessTestCaseMainPhase(CommonExecutor.java:65)&#xa;	at com.kms.katalon.core.main.TestSuiteExecutor.accessTestSuiteMainPhase(TestSuiteExecutor.java:148)&#xa;	at com.kms.katalon.core.main.TestSuiteExecutor.execute(TestSuiteExecutor.java:106)&#xa;	at com.kms.katalon.core.main.TestCaseMain.startTestSuite(TestCaseMain.java:180)&#xa;	at TempTestSuite1714880705198.run(TempTestSuite1714880705198.groovy:35)&#xa;	at java.base/jdk.internal.reflect.NativeMethodAccessorImpl.invoke0(Native Method)&#xa;	at java.base/jdk.internal.reflect.NativeMethodAccessorImpl.invoke(NativeMethodAccessorImpl.java:77)&#xa;	at java.base/jdk.internal.reflect.DelegatingMethodAccessorImpl.invoke(DelegatingMethodAccessorImpl.java:43)&#xa;Caused by: com.kms.katalon.core.exception.StepFailedException: com.kms.katalon.core.webui.exception.WebElementNotFoundException: Web element with id: 'Object Repository/Dangky/Page_Dashboard/a_Thng tin ti khon' located by '//a[@id='account-dashboard-tab']' not found&#xa;	at com.kms.katalon.core.webui.keyword.internal.WebUIKeywordMain.stepFailed(WebUIKeywordMain.groovy:64)&#xa;	at com.kms.katalon.core.webui.keyword.builtin.VerifyElementTextKeyword$_verifyElementText_closure1.doCall(VerifyElementTextKeyword.groovy:64)&#xa;	at com.kms.katalon.core.webui.keyword.builtin.VerifyElementTextKeyword$_verifyElementText_closure1.call(VerifyElementTextKeyword.groovy)&#xa;	at com.kms.katalon.core.webui.keyword.internal.WebUIKeywordMain.runKeyword(WebUIKeywordMain.groovy:20)&#xa;	... 20 more&#xa;"/>
         <system-out><![CDATA[05-05-2024T10:52:16 - [TEST_CASE][FAILED] - Test Cases/Dangky/Dang Ky_TC8: Test Cases/Dangky/Dang Ky_TC8 FAILED.
Reason:
com.kms.katalon.core.exception.StepFailedException: Verify element text of test object 'Object Repository/Dangky/Page_Dashboard/a_Thng tin ti khon' FAILED.
	at com.kms.katalon.core.webui.keyword.internal.WebUIKeywordMain.stepFailed(WebUIKeywordMain.groovy:64)
	at com.kms.katalon.core.webui.keyword.internal.WebUIKeywordMain.runKeyword(WebUIKeywordMain.groovy:26)
	at com.kms.katalon.core.webui.keyword.builtin.VerifyElementTextKeyword.verifyElementText(VerifyElementTextKeyword.groovy:72)
	at com.kms.katalon.core.webui.keyword.builtin.VerifyElementTextKeyword.execute(VerifyElementTextKeyword.groovy:40)
	at com.kms.katalon.core.keyword.internal.KeywordExecutor.executeKeywordForPlatform(KeywordExecutor.groovy:74)
	at com.kms.katalon.core.webui.keyword.WebUiBuiltInKeywords.verifyElementText(WebUiBuiltInKeywords.groovy:4835)
	at Dang Ky_TC8.run(Dang Ky_TC8:40)
	at com.kms.katalon.core.main.ScriptEngine.run(ScriptEngine.java:194)
	at com.kms.katalon.core.main.ScriptEngine.runScriptAsRawText(ScriptEngine.java:119)
	at com.kms.katalon.core.main.TestCaseExecutor.runScript(TestCaseExecutor.java:448)
	at com.kms.katalon.core.main.TestCaseExecutor.doExecute(TestCaseExecutor.java:439)
	at com.kms.katalon.core.main.TestCaseExecutor.processExecutionPhase(TestCaseExecutor.java:418)
	at com.kms.katalon.core.main.TestCaseExecutor.accessMainPhase(TestCaseExecutor.java:410)
	at com.kms.katalon.core.main.TestCaseExecutor.execute(TestCaseExecutor.java:285)
	at com.kms.katalon.core.common.CommonExecutor.accessTestCaseMainPhase(CommonExecutor.java:65)
	at com.kms.katalon.core.main.TestSuiteExecutor.accessTestSuiteMainPhase(TestSuiteExecutor.java:148)
	at com.kms.katalon.core.main.TestSuiteExecutor.execute(TestSuiteExecutor.java:106)
	at com.kms.katalon.core.main.TestCaseMain.startTestSuite(TestCaseMain.java:180)
	at TempTestSuite1714880705198.run(TempTestSuite1714880705198.groovy:35)
	at java.base/jdk.internal.reflect.NativeMethodAccessorImpl.invoke0(Native Method)
	at java.base/jdk.internal.reflect.NativeMethodAccessorImpl.invoke(NativeMethodAccessorImpl.java:77)
	at java.base/jdk.internal.reflect.DelegatingMethodAccessorImpl.invoke(DelegatingMethodAccessorImpl.java:43)
Caused by: com.kms.katalon.core.exception.StepFailedException: com.kms.katalon.core.webui.exception.WebElementNotFoundException: Web element with id: 'Object Repository/Dangky/Page_Dashboard/a_Thng tin ti khon' located by '//a[@id='account-dashboard-tab']' not found
	at com.kms.katalon.core.webui.keyword.internal.WebUIKeywordMain.stepFailed(WebUIKeywordMain.groovy:64)
	at com.kms.katalon.core.webui.keyword.builtin.VerifyElementTextKeyword$_verifyElementText_closure1.doCall(VerifyElementTextKeyword.groovy:64)
	at com.kms.katalon.core.webui.keyword.builtin.VerifyElementTextKeyword$_verifyElementText_closure1.call(VerifyElementTextKeyword.groovy)
	at com.kms.katalon.core.webui.keyword.internal.WebUIKeywordMain.runKeyword(WebUIKeywordMain.groovy:20)
	... 20 more


05-05-2024T10:52:16 - [TEST_STEP][PASSED] - openBrowser("http://www.morricosmetics.somee.com/"): Browser is opened with url: 'http://www.morricosmetics.somee.com/'

05-05-2024T10:52:16 - [MESSAGE][WARNING] - A browser is already opened. Closing browser and opening a new one

05-05-2024T10:52:17 - [MESSAGE][INFO] - Starting 'Edge Chromium' driver

05-05-2024T10:52:18 - [MESSAGE][INFO] - Action delay is set to 0 milliseconds

05-05-2024T10:52:26 - [MESSAGE][PASSED] - Browser is opened with url: 'http://www.morricosmetics.somee.com/'

05-05-2024T10:52:26 - [TEST_STEP][PASSED] - click(findTestObject("Dangky/Page_Trang ch/i_Lin h nhanh_pe-7s-users")): Object: 'Object Repository/Dangky/Page_Trang ch/i_Lin h nhanh_pe-7s-users' is clicked on

05-05-2024T10:52:26 - [MESSAGE][PASSED] - Object: 'Object Repository/Dangky/Page_Trang ch/i_Lin h nhanh_pe-7s-users' is clicked on

05-05-2024T10:52:26 - [TEST_STEP][PASSED] - clickOffset(findTestObject("Dangky/Page_Trang ch/a_ng k ti khon"), 0, 0): Object: 'Object Repository/Dangky/Page_Trang ch/a_ng k ti khon' is clicked on using offset x=0 and y=0

05-05-2024T10:52:27 - [MESSAGE][PASSED] - Object: 'Object Repository/Dangky/Page_Trang ch/a_ng k ti khon' is clicked on using offset x=0 and y=0

05-05-2024T10:52:27 - [TEST_STEP][PASSED] - setText(findTestObject("Dangky/Page_ng k ti khon/input_H v Tn_FullName"), "Morri"): Text 'Morri' is set on object 'Object Repository/Dangky/Page_ng k ti khon/input_H v Tn_FullName'

05-05-2024T10:52:27 - [MESSAGE][PASSED] - Text 'Morri' is set on object 'Object Repository/Dangky/Page_ng k ti khon/input_H v Tn_FullName'

05-05-2024T10:52:27 - [TEST_STEP][PASSED] - setText(findTestObject("Dangky/Page_ng k ti khon/input_a ch Email_Email"), "morritest@gmail.com"): Text 'morritest@gmail.com' is set on object 'Object Repository/Dangky/Page_ng k ti khon/input_a ch Email_Email'

05-05-2024T10:52:27 - [MESSAGE][PASSED] - Text 'morritest@gmail.com' is set on object 'Object Repository/Dangky/Page_ng k ti khon/input_a ch Email_Email'

05-05-2024T10:52:27 - [TEST_STEP][PASSED] - setText(findTestObject("Dangky/Page_ng k ti khon/input_S in thoi_Phone"), "0935626852"): Text '0935626852' is set on object 'Object Repository/Dangky/Page_ng k ti khon/input_S in thoi_Phone'

05-05-2024T10:52:27 - [MESSAGE][PASSED] - Text '0935626852' is set on object 'Object Repository/Dangky/Page_ng k ti khon/input_S in thoi_Phone'

05-05-2024T10:52:27 - [TEST_STEP][PASSED] - setText(findTestObject("Dangky/Page_ng k ti khon/input_Mt khu_Password"), "1234"): Text '1234' is set on object 'Object Repository/Dangky/Page_ng k ti khon/input_Mt khu_Password'

05-05-2024T10:52:27 - [MESSAGE][PASSED] - Text '1234' is set on object 'Object Repository/Dangky/Page_ng k ti khon/input_Mt khu_Password'

05-05-2024T10:52:27 - [TEST_STEP][PASSED] - setText(findTestObject("Dangky/Page_ng k ti khon/input_Nhp li mt khu_ConfirmPassword"), "1234"): Text '1234' is set on object 'Object Repository/Dangky/Page_ng k ti khon/input_Nhp li mt khu_ConfirmPassword'

05-05-2024T10:52:27 - [MESSAGE][PASSED] - Text '1234' is set on object 'Object Repository/Dangky/Page_ng k ti khon/input_Nhp li mt khu_ConfirmPassword'

05-05-2024T10:52:27 - [TEST_STEP][PASSED] - scrollToPosition(0, 750): Browser is scrolled to position x = 0, y = 750

05-05-2024T10:52:27 - [MESSAGE][PASSED] - Browser is scrolled to position x = 0, y = 750

05-05-2024T10:52:27 - [TEST_STEP][PASSED] - click(findTestObject("Dangky/Page_Trang ch/Page_ng k ti khon/button_ng k")): Object: 'Object Repository/Dangky/Page_Trang ch/Page_ng k ti khon/button_ng k' is clicked on

05-05-2024T10:52:28 - [MESSAGE][PASSED] - Object: 'Object Repository/Dangky/Page_Trang ch/Page_ng k ti khon/button_ng k' is clicked on

05-05-2024T10:52:28 - [TEST_STEP][FAILED] - verifyElementText(findTestObject("Dangky/Page_Dashboard/a_Thng tin ti khon"), "THÔNG TIN TÀI KHOẢN"): Verify element text of test object 'Object Repository/Dangky/Page_Dashboard/a_Thng tin ti khon' FAILED. (Root cause: com.kms.katalon.core.exception.StepFailedException: Verify element text of test object 'Object Repository/Dangky/Page_Dashboard/a_Thng tin ti khon' FAILED.
	at com.kms.katalon.core.webui.keyword.internal.WebUIKeywordMain.stepFailed(WebUIKeywordMain.groovy:64)
	at com.kms.katalon.core.webui.keyword.internal.WebUIKeywordMain.runKeyword(WebUIKeywordMain.groovy:26)
	at com.kms.katalon.core.webui.keyword.builtin.VerifyElementTextKeyword.verifyElementText(VerifyElementTextKeyword.groovy:72)
	at com.kms.katalon.core.webui.keyword.builtin.VerifyElementTextKeyword.execute(VerifyElementTextKeyword.groovy:40)
	at com.kms.katalon.core.keyword.internal.KeywordExecutor.executeKeywordForPlatform(KeywordExecutor.groovy:74)
	at com.kms.katalon.core.webui.keyword.WebUiBuiltInKeywords.verifyElementText(WebUiBuiltInKeywords.groovy:4835)
	at Dang Ky_TC8.run(Dang Ky_TC8:40)
	at com.kms.katalon.core.main.ScriptEngine.run(ScriptEngine.java:194)
	at com.kms.katalon.core.main.ScriptEngine.runScriptAsRawText(ScriptEngine.java:119)
	at com.kms.katalon.core.main.TestCaseExecutor.runScript(TestCaseExecutor.java:448)
	at com.kms.katalon.core.main.TestCaseExecutor.doExecute(TestCaseExecutor.java:439)
	at com.kms.katalon.core.main.TestCaseExecutor.processExecutionPhase(TestCaseExecutor.java:418)
	at com.kms.katalon.core.main.TestCaseExecutor.accessMainPhase(TestCaseExecutor.java:410)
	at com.kms.katalon.core.main.TestCaseExecutor.execute(TestCaseExecutor.java:285)
	at com.kms.katalon.core.common.CommonExecutor.accessTestCaseMainPhase(CommonExecutor.java:65)
	at com.kms.katalon.core.main.TestSuiteExecutor.accessTestSuiteMainPhase(TestSuiteExecutor.java:148)
	at com.kms.katalon.core.main.TestSuiteExecutor.execute(TestSuiteExecutor.java:106)
	at com.kms.katalon.core.main.TestCaseMain.startTestSuite(TestCaseMain.java:180)
	at TempTestSuite1714880705198.run(TempTestSuite1714880705198.groovy:35)
	at java.base/jdk.internal.reflect.NativeMethodAccessorImpl.invoke0(Native Method)
	at java.base/jdk.internal.reflect.NativeMethodAccessorImpl.invoke(NativeMethodAccessorImpl.java:77)
	at java.base/jdk.internal.reflect.DelegatingMethodAccessorImpl.invoke(DelegatingMethodAccessorImpl.java:43)
Caused by: com.kms.katalon.core.exception.StepFailedException: com.kms.katalon.core.webui.exception.WebElementNotFoundException: Web element with id: 'Object Repository/Dangky/Page_Dashboard/a_Thng tin ti khon' located by '//a[@id='account-dashboard-tab']' not found
	at com.kms.katalon.core.webui.keyword.internal.WebUIKeywordMain.stepFailed(WebUIKeywordMain.groovy:64)
	at com.kms.katalon.core.webui.keyword.builtin.VerifyElementTextKeyword$_verifyElementText_closure1.doCall(VerifyElementTextKeyword.groovy:64)
	at com.kms.katalon.core.webui.keyword.builtin.VerifyElementTextKeyword$_verifyElementText_closure1.call(VerifyElementTextKeyword.groovy)
	at com.kms.katalon.core.webui.keyword.internal.WebUIKeywordMain.runKeyword(WebUIKeywordMain.groovy:20)
	... 20 more
)

05-05-2024T10:52:59 - [MESSAGE][INFO] - Unable to find the element located by 'By.xpath: //a[@id='account-dashboard-tab']'. Please recheck the objects properties to make sure the desired element is located. 

05-05-2024T10:52:59 - [MESSAGE][FAILED] - com.kms.katalon.core.webui.exception.WebElementNotFoundException: Web element with id: 'Object Repository/Dangky/Page_Dashboard/a_Thng tin ti khon' located by '//a[@id='account-dashboard-tab']' not found (Root cause: com.kms.katalon.core.exception.StepFailedException: com.kms.katalon.core.webui.exception.WebElementNotFoundException: Web element with id: 'Object Repository/Dangky/Page_Dashboard/a_Thng tin ti khon' located by '//a[@id='account-dashboard-tab']' not found
	at com.kms.katalon.core.webui.keyword.internal.WebUIKeywordMain.stepFailed(WebUIKeywordMain.groovy:64)
	at com.kms.katalon.core.webui.keyword.builtin.VerifyElementTextKeyword$_verifyElementText_closure1.doCall(VerifyElementTextKeyword.groovy:64)
	at com.kms.katalon.core.webui.keyword.builtin.VerifyElementTextKeyword$_verifyElementText_closure1.call(VerifyElementTextKeyword.groovy)
	at com.kms.katalon.core.webui.keyword.internal.WebUIKeywordMain.runKeyword(WebUIKeywordMain.groovy:20)
	at com.kms.katalon.core.webui.keyword.builtin.VerifyElementTextKeyword.verifyElementText(VerifyElementTextKeyword.groovy:72)
	at com.kms.katalon.core.webui.keyword.builtin.VerifyElementTextKeyword.execute(VerifyElementTextKeyword.groovy:40)
	at com.kms.katalon.core.keyword.internal.KeywordExecutor.executeKeywordForPlatform(KeywordExecutor.groovy:74)
	at com.kms.katalon.core.webui.keyword.WebUiBuiltInKeywords.verifyElementText(WebUiBuiltInKeywords.groovy:4835)
	at Dang Ky_TC8.run(Dang Ky_TC8:40)
	at com.kms.katalon.core.main.ScriptEngine.run(ScriptEngine.java:194)
	at com.kms.katalon.core.main.ScriptEngine.runScriptAsRawText(ScriptEngine.java:119)
	at com.kms.katalon.core.main.TestCaseExecutor.runScript(TestCaseExecutor.java:448)
	at com.kms.katalon.core.main.TestCaseExecutor.doExecute(TestCaseExecutor.java:439)
	at com.kms.katalon.core.main.TestCaseExecutor.processExecutionPhase(TestCaseExecutor.java:418)
	at com.kms.katalon.core.main.TestCaseExecutor.accessMainPhase(TestCaseExecutor.java:410)
	at com.kms.katalon.core.main.TestCaseExecutor.execute(TestCaseExecutor.java:285)
	at com.kms.katalon.core.common.CommonExecutor.accessTestCaseMainPhase(CommonExecutor.java:65)
	at com.kms.katalon.core.main.TestSuiteExecutor.accessTestSuiteMainPhase(TestSuiteExecutor.java:148)
	at com.kms.katalon.core.main.TestSuiteExecutor.execute(TestSuiteExecutor.java:106)
	at com.kms.katalon.core.main.TestCaseMain.startTestSuite(TestCaseMain.java:180)
	at TempTestSuite1714880705198.run(TempTestSuite1714880705198.groovy:35)
	at java.base/jdk.internal.reflect.NativeMethodAccessorImpl.invoke0(Native Method)
	at java.base/jdk.internal.reflect.NativeMethodAccessorImpl.invoke(NativeMethodAccessorImpl.java:77)
	at java.base/jdk.internal.reflect.DelegatingMethodAccessorImpl.invoke(DelegatingMethodAccessorImpl.java:43)
)
[[ATTACHMENT|C:\\Users\\84336\\git\\Final_TestMorriWeb\\Reports\\20240505_104505\\Dangky\\20240505_104505\\1714881179595.png]]

05-05-2024T10:52:59 - [MESSAGE][FAILED] - Verify element text of test object 'Object Repository/Dangky/Page_Dashboard/a_Thng tin ti khon' FAILED. (Root cause: com.kms.katalon.core.exception.StepFailedException: Verify element text of test object 'Object Repository/Dangky/Page_Dashboard/a_Thng tin ti khon' FAILED.
	at com.kms.katalon.core.webui.keyword.internal.WebUIKeywordMain.stepFailed(WebUIKeywordMain.groovy:64)
	at com.kms.katalon.core.webui.keyword.internal.WebUIKeywordMain.runKeyword(WebUIKeywordMain.groovy:26)
	at com.kms.katalon.core.webui.keyword.builtin.VerifyElementTextKeyword.verifyElementText(VerifyElementTextKeyword.groovy:72)
	at com.kms.katalon.core.webui.keyword.builtin.VerifyElementTextKeyword.execute(VerifyElementTextKeyword.groovy:40)
	at com.kms.katalon.core.keyword.internal.KeywordExecutor.executeKeywordForPlatform(KeywordExecutor.groovy:74)
	at com.kms.katalon.core.webui.keyword.WebUiBuiltInKeywords.verifyElementText(WebUiBuiltInKeywords.groovy:4835)
	at Dang Ky_TC8.run(Dang Ky_TC8:40)
	at com.kms.katalon.core.main.ScriptEngine.run(ScriptEngine.java:194)
	at com.kms.katalon.core.main.ScriptEngine.runScriptAsRawText(ScriptEngine.java:119)
	at com.kms.katalon.core.main.TestCaseExecutor.runScript(TestCaseExecutor.java:448)
	at com.kms.katalon.core.main.TestCaseExecutor.doExecute(TestCaseExecutor.java:439)
	at com.kms.katalon.core.main.TestCaseExecutor.processExecutionPhase(TestCaseExecutor.java:418)
	at com.kms.katalon.core.main.TestCaseExecutor.accessMainPhase(TestCaseExecutor.java:410)
	at com.kms.katalon.core.main.TestCaseExecutor.execute(TestCaseExecutor.java:285)
	at com.kms.katalon.core.common.CommonExecutor.accessTestCaseMainPhase(CommonExecutor.java:65)
	at com.kms.katalon.core.main.TestSuiteExecutor.accessTestSuiteMainPhase(TestSuiteExecutor.java:148)
	at com.kms.katalon.core.main.TestSuiteExecutor.execute(TestSuiteExecutor.java:106)
	at com.kms.katalon.core.main.TestCaseMain.startTestSuite(TestCaseMain.java:180)
	at TempTestSuite1714880705198.run(TempTestSuite1714880705198.groovy:35)
	at java.base/jdk.internal.reflect.NativeMethodAccessorImpl.invoke0(Native Method)
	at java.base/jdk.internal.reflect.NativeMethodAccessorImpl.invoke(NativeMethodAccessorImpl.java:77)
	at java.base/jdk.internal.reflect.DelegatingMethodAccessorImpl.invoke(DelegatingMethodAccessorImpl.java:43)
Caused by: com.kms.katalon.core.exception.StepFailedException: com.kms.katalon.core.webui.exception.WebElementNotFoundException: Web element with id: 'Object Repository/Dangky/Page_Dashboard/a_Thng tin ti khon' located by '//a[@id='account-dashboard-tab']' not found
	at com.kms.katalon.core.webui.keyword.internal.WebUIKeywordMain.stepFailed(WebUIKeywordMain.groovy:64)
	at com.kms.katalon.core.webui.keyword.builtin.VerifyElementTextKeyword$_verifyElementText_closure1.doCall(VerifyElementTextKeyword.groovy:64)
	at com.kms.katalon.core.webui.keyword.builtin.VerifyElementTextKeyword$_verifyElementText_closure1.call(VerifyElementTextKeyword.groovy)
	at com.kms.katalon.core.webui.keyword.internal.WebUIKeywordMain.runKeyword(WebUIKeywordMain.groovy:20)
	... 20 more
)
[[ATTACHMENT|C:\\Users\\84336\\git\\Final_TestMorriWeb\\Reports\\20240505_104505\\Dangky\\20240505_104505\\1714881179760.png]]]]></system-out>
         <system-err><![CDATA[05-05-2024T10:52:16 - [TEST_CASE][FAILED] - Test Cases/Dangky/Dang Ky_TC8: Test Cases/Dangky/Dang Ky_TC8 FAILED.
Reason:
com.kms.katalon.core.exception.StepFailedException: Verify element text of test object 'Object Repository/Dangky/Page_Dashboard/a_Thng tin ti khon' FAILED.
	at com.kms.katalon.core.webui.keyword.internal.WebUIKeywordMain.stepFailed(WebUIKeywordMain.groovy:64)
	at com.kms.katalon.core.webui.keyword.internal.WebUIKeywordMain.runKeyword(WebUIKeywordMain.groovy:26)
	at com.kms.katalon.core.webui.keyword.builtin.VerifyElementTextKeyword.verifyElementText(VerifyElementTextKeyword.groovy:72)
	at com.kms.katalon.core.webui.keyword.builtin.VerifyElementTextKeyword.execute(VerifyElementTextKeyword.groovy:40)
	at com.kms.katalon.core.keyword.internal.KeywordExecutor.executeKeywordForPlatform(KeywordExecutor.groovy:74)
	at com.kms.katalon.core.webui.keyword.WebUiBuiltInKeywords.verifyElementText(WebUiBuiltInKeywords.groovy:4835)
	at Dang Ky_TC8.run(Dang Ky_TC8:40)
	at com.kms.katalon.core.main.ScriptEngine.run(ScriptEngine.java:194)
	at com.kms.katalon.core.main.ScriptEngine.runScriptAsRawText(ScriptEngine.java:119)
	at com.kms.katalon.core.main.TestCaseExecutor.runScript(TestCaseExecutor.java:448)
	at com.kms.katalon.core.main.TestCaseExecutor.doExecute(TestCaseExecutor.java:439)
	at com.kms.katalon.core.main.TestCaseExecutor.processExecutionPhase(TestCaseExecutor.java:418)
	at com.kms.katalon.core.main.TestCaseExecutor.accessMainPhase(TestCaseExecutor.java:410)
	at com.kms.katalon.core.main.TestCaseExecutor.execute(TestCaseExecutor.java:285)
	at com.kms.katalon.core.common.CommonExecutor.accessTestCaseMainPhase(CommonExecutor.java:65)
	at com.kms.katalon.core.main.TestSuiteExecutor.accessTestSuiteMainPhase(TestSuiteExecutor.java:148)
	at com.kms.katalon.core.main.TestSuiteExecutor.execute(TestSuiteExecutor.java:106)
	at com.kms.katalon.core.main.TestCaseMain.startTestSuite(TestCaseMain.java:180)
	at TempTestSuite1714880705198.run(TempTestSuite1714880705198.groovy:35)
	at java.base/jdk.internal.reflect.NativeMethodAccessorImpl.invoke0(Native Method)
	at java.base/jdk.internal.reflect.NativeMethodAccessorImpl.invoke(NativeMethodAccessorImpl.java:77)
	at java.base/jdk.internal.reflect.DelegatingMethodAccessorImpl.invoke(DelegatingMethodAccessorImpl.java:43)
Caused by: com.kms.katalon.core.exception.StepFailedException: com.kms.katalon.core.webui.exception.WebElementNotFoundException: Web element with id: 'Object Repository/Dangky/Page_Dashboard/a_Thng tin ti khon' located by '//a[@id='account-dashboard-tab']' not found
	at com.kms.katalon.core.webui.keyword.internal.WebUIKeywordMain.stepFailed(WebUIKeywordMain.groovy:64)
	at com.kms.katalon.core.webui.keyword.builtin.VerifyElementTextKeyword$_verifyElementText_closure1.doCall(VerifyElementTextKeyword.groovy:64)
	at com.kms.katalon.core.webui.keyword.builtin.VerifyElementTextKeyword$_verifyElementText_closure1.call(VerifyElementTextKeyword.groovy)
	at com.kms.katalon.core.webui.keyword.internal.WebUIKeywordMain.runKeyword(WebUIKeywordMain.groovy:20)
	... 20 more]]></system-err>
      </testcase>
      <testcase name="Test Cases/Dangky/Dang Ky_TC9" time="42.902" classname="Test Cases/Dangky/Dang Ky_TC9" status="FAILED">
         <failure type="FAILED" message="Test Cases/Dangky/Dang Ky_TC9 FAILED.&#xa;Reason:&#xa;com.kms.katalon.core.exception.StepFailedException: Verify element text of test object 'Object Repository/Dangky/Page_Dashboard/a_Thng tin ti khon' FAILED.&#xa;	at com.kms.katalon.core.webui.keyword.internal.WebUIKeywordMain.stepFailed(WebUIKeywordMain.groovy:64)&#xa;	at com.kms.katalon.core.webui.keyword.internal.WebUIKeywordMain.runKeyword(WebUIKeywordMain.groovy:26)&#xa;	at com.kms.katalon.core.webui.keyword.builtin.VerifyElementTextKeyword.verifyElementText(VerifyElementTextKeyword.groovy:72)&#xa;	at com.kms.katalon.core.webui.keyword.builtin.VerifyElementTextKeyword.execute(VerifyElementTextKeyword.groovy:40)&#xa;	at com.kms.katalon.core.keyword.internal.KeywordExecutor.executeKeywordForPlatform(KeywordExecutor.groovy:74)&#xa;	at com.kms.katalon.core.webui.keyword.WebUiBuiltInKeywords.verifyElementText(WebUiBuiltInKeywords.groovy:4835)&#xa;	at Dang Ky_TC9.run(Dang Ky_TC9:40)&#xa;	at com.kms.katalon.core.main.ScriptEngine.run(ScriptEngine.java:194)&#xa;	at com.kms.katalon.core.main.ScriptEngine.runScriptAsRawText(ScriptEngine.java:119)&#xa;	at com.kms.katalon.core.main.TestCaseExecutor.runScript(TestCaseExecutor.java:448)&#xa;	at com.kms.katalon.core.main.TestCaseExecutor.doExecute(TestCaseExecutor.java:439)&#xa;	at com.kms.katalon.core.main.TestCaseExecutor.processExecutionPhase(TestCaseExecutor.java:418)&#xa;	at com.kms.katalon.core.main.TestCaseExecutor.accessMainPhase(TestCaseExecutor.java:410)&#xa;	at com.kms.katalon.core.main.TestCaseExecutor.execute(TestCaseExecutor.java:285)&#xa;	at com.kms.katalon.core.common.CommonExecutor.accessTestCaseMainPhase(CommonExecutor.java:65)&#xa;	at com.kms.katalon.core.main.TestSuiteExecutor.accessTestSuiteMainPhase(TestSuiteExecutor.java:148)&#xa;	at com.kms.katalon.core.main.TestSuiteExecutor.execute(TestSuiteExecutor.java:106)&#xa;	at com.kms.katalon.core.main.TestCaseMain.startTestSuite(TestCaseMain.java:180)&#xa;	at TempTestSuite1714880705198.run(TempTestSuite1714880705198.groovy:35)&#xa;	at java.base/jdk.internal.reflect.NativeMethodAccessorImpl.invoke0(Native Method)&#xa;	at java.base/jdk.internal.reflect.NativeMethodAccessorImpl.invoke(NativeMethodAccessorImpl.java:77)&#xa;	at java.base/jdk.internal.reflect.DelegatingMethodAccessorImpl.invoke(DelegatingMethodAccessorImpl.java:43)&#xa;Caused by: com.kms.katalon.core.exception.StepFailedException: com.kms.katalon.core.webui.exception.WebElementNotFoundException: Web element with id: 'Object Repository/Dangky/Page_Dashboard/a_Thng tin ti khon' located by '//a[@id='account-dashboard-tab']' not found&#xa;	at com.kms.katalon.core.webui.keyword.internal.WebUIKeywordMain.stepFailed(WebUIKeywordMain.groovy:64)&#xa;	at com.kms.katalon.core.webui.keyword.builtin.VerifyElementTextKeyword$_verifyElementText_closure1.doCall(VerifyElementTextKeyword.groovy:64)&#xa;	at com.kms.katalon.core.webui.keyword.builtin.VerifyElementTextKeyword$_verifyElementText_closure1.call(VerifyElementTextKeyword.groovy)&#xa;	at com.kms.katalon.core.webui.keyword.internal.WebUIKeywordMain.runKeyword(WebUIKeywordMain.groovy:20)&#xa;	... 20 more&#xa;"/>
         <system-out><![CDATA[05-05-2024T10:52:59 - [TEST_CASE][FAILED] - Test Cases/Dangky/Dang Ky_TC9: Test Cases/Dangky/Dang Ky_TC9 FAILED.
Reason:
com.kms.katalon.core.exception.StepFailedException: Verify element text of test object 'Object Repository/Dangky/Page_Dashboard/a_Thng tin ti khon' FAILED.
	at com.kms.katalon.core.webui.keyword.internal.WebUIKeywordMain.stepFailed(WebUIKeywordMain.groovy:64)
	at com.kms.katalon.core.webui.keyword.internal.WebUIKeywordMain.runKeyword(WebUIKeywordMain.groovy:26)
	at com.kms.katalon.core.webui.keyword.builtin.VerifyElementTextKeyword.verifyElementText(VerifyElementTextKeyword.groovy:72)
	at com.kms.katalon.core.webui.keyword.builtin.VerifyElementTextKeyword.execute(VerifyElementTextKeyword.groovy:40)
	at com.kms.katalon.core.keyword.internal.KeywordExecutor.executeKeywordForPlatform(KeywordExecutor.groovy:74)
	at com.kms.katalon.core.webui.keyword.WebUiBuiltInKeywords.verifyElementText(WebUiBuiltInKeywords.groovy:4835)
	at Dang Ky_TC9.run(Dang Ky_TC9:40)
	at com.kms.katalon.core.main.ScriptEngine.run(ScriptEngine.java:194)
	at com.kms.katalon.core.main.ScriptEngine.runScriptAsRawText(ScriptEngine.java:119)
	at com.kms.katalon.core.main.TestCaseExecutor.runScript(TestCaseExecutor.java:448)
	at com.kms.katalon.core.main.TestCaseExecutor.doExecute(TestCaseExecutor.java:439)
	at com.kms.katalon.core.main.TestCaseExecutor.processExecutionPhase(TestCaseExecutor.java:418)
	at com.kms.katalon.core.main.TestCaseExecutor.accessMainPhase(TestCaseExecutor.java:410)
	at com.kms.katalon.core.main.TestCaseExecutor.execute(TestCaseExecutor.java:285)
	at com.kms.katalon.core.common.CommonExecutor.accessTestCaseMainPhase(CommonExecutor.java:65)
	at com.kms.katalon.core.main.TestSuiteExecutor.accessTestSuiteMainPhase(TestSuiteExecutor.java:148)
	at com.kms.katalon.core.main.TestSuiteExecutor.execute(TestSuiteExecutor.java:106)
	at com.kms.katalon.core.main.TestCaseMain.startTestSuite(TestCaseMain.java:180)
	at TempTestSuite1714880705198.run(TempTestSuite1714880705198.groovy:35)
	at java.base/jdk.internal.reflect.NativeMethodAccessorImpl.invoke0(Native Method)
	at java.base/jdk.internal.reflect.NativeMethodAccessorImpl.invoke(NativeMethodAccessorImpl.java:77)
	at java.base/jdk.internal.reflect.DelegatingMethodAccessorImpl.invoke(DelegatingMethodAccessorImpl.java:43)
Caused by: com.kms.katalon.core.exception.StepFailedException: com.kms.katalon.core.webui.exception.WebElementNotFoundException: Web element with id: 'Object Repository/Dangky/Page_Dashboard/a_Thng tin ti khon' located by '//a[@id='account-dashboard-tab']' not found
	at com.kms.katalon.core.webui.keyword.internal.WebUIKeywordMain.stepFailed(WebUIKeywordMain.groovy:64)
	at com.kms.katalon.core.webui.keyword.builtin.VerifyElementTextKeyword$_verifyElementText_closure1.doCall(VerifyElementTextKeyword.groovy:64)
	at com.kms.katalon.core.webui.keyword.builtin.VerifyElementTextKeyword$_verifyElementText_closure1.call(VerifyElementTextKeyword.groovy)
	at com.kms.katalon.core.webui.keyword.internal.WebUIKeywordMain.runKeyword(WebUIKeywordMain.groovy:20)
	... 20 more


05-05-2024T10:53:00 - [TEST_STEP][PASSED] - openBrowser("http://www.morricosmetics.somee.com/"): Browser is opened with url: 'http://www.morricosmetics.somee.com/'

05-05-2024T10:53:00 - [MESSAGE][WARNING] - A browser is already opened. Closing browser and opening a new one

05-05-2024T10:53:00 - [MESSAGE][INFO] - Starting 'Edge Chromium' driver

05-05-2024T10:53:02 - [MESSAGE][INFO] - Action delay is set to 0 milliseconds

05-05-2024T10:53:09 - [MESSAGE][PASSED] - Browser is opened with url: 'http://www.morricosmetics.somee.com/'

05-05-2024T10:53:09 - [TEST_STEP][PASSED] - click(findTestObject("Dangky/Page_Trang ch/i_Lin h nhanh_pe-7s-users")): Object: 'Object Repository/Dangky/Page_Trang ch/i_Lin h nhanh_pe-7s-users' is clicked on

05-05-2024T10:53:09 - [MESSAGE][PASSED] - Object: 'Object Repository/Dangky/Page_Trang ch/i_Lin h nhanh_pe-7s-users' is clicked on

05-05-2024T10:53:09 - [TEST_STEP][PASSED] - clickOffset(findTestObject("Dangky/Page_Trang ch/a_ng k ti khon"), 0, 0): Object: 'Object Repository/Dangky/Page_Trang ch/a_ng k ti khon' is clicked on using offset x=0 and y=0

05-05-2024T10:53:10 - [MESSAGE][PASSED] - Object: 'Object Repository/Dangky/Page_Trang ch/a_ng k ti khon' is clicked on using offset x=0 and y=0

05-05-2024T10:53:10 - [TEST_STEP][PASSED] - setText(findTestObject("Dangky/Page_ng k ti khon/input_H v Tn_FullName"), "Morri"): Text 'Morri' is set on object 'Object Repository/Dangky/Page_ng k ti khon/input_H v Tn_FullName'

05-05-2024T10:53:10 - [MESSAGE][PASSED] - Text 'Morri' is set on object 'Object Repository/Dangky/Page_ng k ti khon/input_H v Tn_FullName'

05-05-2024T10:53:10 - [TEST_STEP][PASSED] - setText(findTestObject("Dangky/Page_ng k ti khon/input_a ch Email_Email"), "morritest@gmail.com"): Text 'morritest@gmail.com' is set on object 'Object Repository/Dangky/Page_ng k ti khon/input_a ch Email_Email'

05-05-2024T10:53:10 - [MESSAGE][PASSED] - Text 'morritest@gmail.com' is set on object 'Object Repository/Dangky/Page_ng k ti khon/input_a ch Email_Email'

05-05-2024T10:53:10 - [TEST_STEP][PASSED] - setText(findTestObject("Dangky/Page_ng k ti khon/input_S in thoi_Phone"), "0935626852"): Text '0935626852' is set on object 'Object Repository/Dangky/Page_ng k ti khon/input_S in thoi_Phone'

05-05-2024T10:53:10 - [MESSAGE][PASSED] - Text '0935626852' is set on object 'Object Repository/Dangky/Page_ng k ti khon/input_S in thoi_Phone'

05-05-2024T10:53:10 - [TEST_STEP][PASSED] - setText(findTestObject("Dangky/Page_ng k ti khon/input_Mt khu_Password"), "123456"): Text '123456' is set on object 'Object Repository/Dangky/Page_ng k ti khon/input_Mt khu_Password'

05-05-2024T10:53:10 - [MESSAGE][PASSED] - Text '123456' is set on object 'Object Repository/Dangky/Page_ng k ti khon/input_Mt khu_Password'

05-05-2024T10:53:10 - [TEST_STEP][PASSED] - setText(findTestObject("Dangky/Page_ng k ti khon/input_Nhp li mt khu_ConfirmPassword"), "12345"): Text '12345' is set on object 'Object Repository/Dangky/Page_ng k ti khon/input_Nhp li mt khu_ConfirmPassword'

05-05-2024T10:53:10 - [MESSAGE][PASSED] - Text '12345' is set on object 'Object Repository/Dangky/Page_ng k ti khon/input_Nhp li mt khu_ConfirmPassword'

05-05-2024T10:53:10 - [TEST_STEP][PASSED] - scrollToPosition(0, 750): Browser is scrolled to position x = 0, y = 750

05-05-2024T10:53:10 - [MESSAGE][PASSED] - Browser is scrolled to position x = 0, y = 750

05-05-2024T10:53:10 - [TEST_STEP][PASSED] - click(findTestObject("Dangky/Page_Trang ch/Page_ng k ti khon/button_ng k")): Object: 'Object Repository/Dangky/Page_Trang ch/Page_ng k ti khon/button_ng k' is clicked on

05-05-2024T10:53:11 - [MESSAGE][PASSED] - Object: 'Object Repository/Dangky/Page_Trang ch/Page_ng k ti khon/button_ng k' is clicked on

05-05-2024T10:53:11 - [TEST_STEP][FAILED] - verifyElementText(findTestObject("Dangky/Page_Dashboard/a_Thng tin ti khon"), "THÔNG TIN TÀI KHOẢN"): Verify element text of test object 'Object Repository/Dangky/Page_Dashboard/a_Thng tin ti khon' FAILED. (Root cause: com.kms.katalon.core.exception.StepFailedException: Verify element text of test object 'Object Repository/Dangky/Page_Dashboard/a_Thng tin ti khon' FAILED.
	at com.kms.katalon.core.webui.keyword.internal.WebUIKeywordMain.stepFailed(WebUIKeywordMain.groovy:64)
	at com.kms.katalon.core.webui.keyword.internal.WebUIKeywordMain.runKeyword(WebUIKeywordMain.groovy:26)
	at com.kms.katalon.core.webui.keyword.builtin.VerifyElementTextKeyword.verifyElementText(VerifyElementTextKeyword.groovy:72)
	at com.kms.katalon.core.webui.keyword.builtin.VerifyElementTextKeyword.execute(VerifyElementTextKeyword.groovy:40)
	at com.kms.katalon.core.keyword.internal.KeywordExecutor.executeKeywordForPlatform(KeywordExecutor.groovy:74)
	at com.kms.katalon.core.webui.keyword.WebUiBuiltInKeywords.verifyElementText(WebUiBuiltInKeywords.groovy:4835)
	at Dang Ky_TC9.run(Dang Ky_TC9:40)
	at com.kms.katalon.core.main.ScriptEngine.run(ScriptEngine.java:194)
	at com.kms.katalon.core.main.ScriptEngine.runScriptAsRawText(ScriptEngine.java:119)
	at com.kms.katalon.core.main.TestCaseExecutor.runScript(TestCaseExecutor.java:448)
	at com.kms.katalon.core.main.TestCaseExecutor.doExecute(TestCaseExecutor.java:439)
	at com.kms.katalon.core.main.TestCaseExecutor.processExecutionPhase(TestCaseExecutor.java:418)
	at com.kms.katalon.core.main.TestCaseExecutor.accessMainPhase(TestCaseExecutor.java:410)
	at com.kms.katalon.core.main.TestCaseExecutor.execute(TestCaseExecutor.java:285)
	at com.kms.katalon.core.common.CommonExecutor.accessTestCaseMainPhase(CommonExecutor.java:65)
	at com.kms.katalon.core.main.TestSuiteExecutor.accessTestSuiteMainPhase(TestSuiteExecutor.java:148)
	at com.kms.katalon.core.main.TestSuiteExecutor.execute(TestSuiteExecutor.java:106)
	at com.kms.katalon.core.main.TestCaseMain.startTestSuite(TestCaseMain.java:180)
	at TempTestSuite1714880705198.run(TempTestSuite1714880705198.groovy:35)
	at java.base/jdk.internal.reflect.NativeMethodAccessorImpl.invoke0(Native Method)
	at java.base/jdk.internal.reflect.NativeMethodAccessorImpl.invoke(NativeMethodAccessorImpl.java:77)
	at java.base/jdk.internal.reflect.DelegatingMethodAccessorImpl.invoke(DelegatingMethodAccessorImpl.java:43)
Caused by: com.kms.katalon.core.exception.StepFailedException: com.kms.katalon.core.webui.exception.WebElementNotFoundException: Web element with id: 'Object Repository/Dangky/Page_Dashboard/a_Thng tin ti khon' located by '//a[@id='account-dashboard-tab']' not found
	at com.kms.katalon.core.webui.keyword.internal.WebUIKeywordMain.stepFailed(WebUIKeywordMain.groovy:64)
	at com.kms.katalon.core.webui.keyword.builtin.VerifyElementTextKeyword$_verifyElementText_closure1.doCall(VerifyElementTextKeyword.groovy:64)
	at com.kms.katalon.core.webui.keyword.builtin.VerifyElementTextKeyword$_verifyElementText_closure1.call(VerifyElementTextKeyword.groovy)
	at com.kms.katalon.core.webui.keyword.internal.WebUIKeywordMain.runKeyword(WebUIKeywordMain.groovy:20)
	... 20 more
)

05-05-2024T10:53:42 - [MESSAGE][INFO] - Unable to find the element located by 'By.xpath: //a[@id='account-dashboard-tab']'. Please recheck the objects properties to make sure the desired element is located. 

05-05-2024T10:53:42 - [MESSAGE][FAILED] - com.kms.katalon.core.webui.exception.WebElementNotFoundException: Web element with id: 'Object Repository/Dangky/Page_Dashboard/a_Thng tin ti khon' located by '//a[@id='account-dashboard-tab']' not found (Root cause: com.kms.katalon.core.exception.StepFailedException: com.kms.katalon.core.webui.exception.WebElementNotFoundException: Web element with id: 'Object Repository/Dangky/Page_Dashboard/a_Thng tin ti khon' located by '//a[@id='account-dashboard-tab']' not found
	at com.kms.katalon.core.webui.keyword.internal.WebUIKeywordMain.stepFailed(WebUIKeywordMain.groovy:64)
	at com.kms.katalon.core.webui.keyword.builtin.VerifyElementTextKeyword$_verifyElementText_closure1.doCall(VerifyElementTextKeyword.groovy:64)
	at com.kms.katalon.core.webui.keyword.builtin.VerifyElementTextKeyword$_verifyElementText_closure1.call(VerifyElementTextKeyword.groovy)
	at com.kms.katalon.core.webui.keyword.internal.WebUIKeywordMain.runKeyword(WebUIKeywordMain.groovy:20)
	at com.kms.katalon.core.webui.keyword.builtin.VerifyElementTextKeyword.verifyElementText(VerifyElementTextKeyword.groovy:72)
	at com.kms.katalon.core.webui.keyword.builtin.VerifyElementTextKeyword.execute(VerifyElementTextKeyword.groovy:40)
	at com.kms.katalon.core.keyword.internal.KeywordExecutor.executeKeywordForPlatform(KeywordExecutor.groovy:74)
	at com.kms.katalon.core.webui.keyword.WebUiBuiltInKeywords.verifyElementText(WebUiBuiltInKeywords.groovy:4835)
	at Dang Ky_TC9.run(Dang Ky_TC9:40)
	at com.kms.katalon.core.main.ScriptEngine.run(ScriptEngine.java:194)
	at com.kms.katalon.core.main.ScriptEngine.runScriptAsRawText(ScriptEngine.java:119)
	at com.kms.katalon.core.main.TestCaseExecutor.runScript(TestCaseExecutor.java:448)
	at com.kms.katalon.core.main.TestCaseExecutor.doExecute(TestCaseExecutor.java:439)
	at com.kms.katalon.core.main.TestCaseExecutor.processExecutionPhase(TestCaseExecutor.java:418)
	at com.kms.katalon.core.main.TestCaseExecutor.accessMainPhase(TestCaseExecutor.java:410)
	at com.kms.katalon.core.main.TestCaseExecutor.execute(TestCaseExecutor.java:285)
	at com.kms.katalon.core.common.CommonExecutor.accessTestCaseMainPhase(CommonExecutor.java:65)
	at com.kms.katalon.core.main.TestSuiteExecutor.accessTestSuiteMainPhase(TestSuiteExecutor.java:148)
	at com.kms.katalon.core.main.TestSuiteExecutor.execute(TestSuiteExecutor.java:106)
	at com.kms.katalon.core.main.TestCaseMain.startTestSuite(TestCaseMain.java:180)
	at TempTestSuite1714880705198.run(TempTestSuite1714880705198.groovy:35)
	at java.base/jdk.internal.reflect.NativeMethodAccessorImpl.invoke0(Native Method)
	at java.base/jdk.internal.reflect.NativeMethodAccessorImpl.invoke(NativeMethodAccessorImpl.java:77)
	at java.base/jdk.internal.reflect.DelegatingMethodAccessorImpl.invoke(DelegatingMethodAccessorImpl.java:43)
)
[[ATTACHMENT|C:\\Users\\84336\\git\\Final_TestMorriWeb\\Reports\\20240505_104505\\Dangky\\20240505_104505\\1714881222512.png]]

05-05-2024T10:53:42 - [MESSAGE][FAILED] - Verify element text of test object 'Object Repository/Dangky/Page_Dashboard/a_Thng tin ti khon' FAILED. (Root cause: com.kms.katalon.core.exception.StepFailedException: Verify element text of test object 'Object Repository/Dangky/Page_Dashboard/a_Thng tin ti khon' FAILED.
	at com.kms.katalon.core.webui.keyword.internal.WebUIKeywordMain.stepFailed(WebUIKeywordMain.groovy:64)
	at com.kms.katalon.core.webui.keyword.internal.WebUIKeywordMain.runKeyword(WebUIKeywordMain.groovy:26)
	at com.kms.katalon.core.webui.keyword.builtin.VerifyElementTextKeyword.verifyElementText(VerifyElementTextKeyword.groovy:72)
	at com.kms.katalon.core.webui.keyword.builtin.VerifyElementTextKeyword.execute(VerifyElementTextKeyword.groovy:40)
	at com.kms.katalon.core.keyword.internal.KeywordExecutor.executeKeywordForPlatform(KeywordExecutor.groovy:74)
	at com.kms.katalon.core.webui.keyword.WebUiBuiltInKeywords.verifyElementText(WebUiBuiltInKeywords.groovy:4835)
	at Dang Ky_TC9.run(Dang Ky_TC9:40)
	at com.kms.katalon.core.main.ScriptEngine.run(ScriptEngine.java:194)
	at com.kms.katalon.core.main.ScriptEngine.runScriptAsRawText(ScriptEngine.java:119)
	at com.kms.katalon.core.main.TestCaseExecutor.runScript(TestCaseExecutor.java:448)
	at com.kms.katalon.core.main.TestCaseExecutor.doExecute(TestCaseExecutor.java:439)
	at com.kms.katalon.core.main.TestCaseExecutor.processExecutionPhase(TestCaseExecutor.java:418)
	at com.kms.katalon.core.main.TestCaseExecutor.accessMainPhase(TestCaseExecutor.java:410)
	at com.kms.katalon.core.main.TestCaseExecutor.execute(TestCaseExecutor.java:285)
	at com.kms.katalon.core.common.CommonExecutor.accessTestCaseMainPhase(CommonExecutor.java:65)
	at com.kms.katalon.core.main.TestSuiteExecutor.accessTestSuiteMainPhase(TestSuiteExecutor.java:148)
	at com.kms.katalon.core.main.TestSuiteExecutor.execute(TestSuiteExecutor.java:106)
	at com.kms.katalon.core.main.TestCaseMain.startTestSuite(TestCaseMain.java:180)
	at TempTestSuite1714880705198.run(TempTestSuite1714880705198.groovy:35)
	at java.base/jdk.internal.reflect.NativeMethodAccessorImpl.invoke0(Native Method)
	at java.base/jdk.internal.reflect.NativeMethodAccessorImpl.invoke(NativeMethodAccessorImpl.java:77)
	at java.base/jdk.internal.reflect.DelegatingMethodAccessorImpl.invoke(DelegatingMethodAccessorImpl.java:43)
Caused by: com.kms.katalon.core.exception.StepFailedException: com.kms.katalon.core.webui.exception.WebElementNotFoundException: Web element with id: 'Object Repository/Dangky/Page_Dashboard/a_Thng tin ti khon' located by '//a[@id='account-dashboard-tab']' not found
	at com.kms.katalon.core.webui.keyword.internal.WebUIKeywordMain.stepFailed(WebUIKeywordMain.groovy:64)
	at com.kms.katalon.core.webui.keyword.builtin.VerifyElementTextKeyword$_verifyElementText_closure1.doCall(VerifyElementTextKeyword.groovy:64)
	at com.kms.katalon.core.webui.keyword.builtin.VerifyElementTextKeyword$_verifyElementText_closure1.call(VerifyElementTextKeyword.groovy)
	at com.kms.katalon.core.webui.keyword.internal.WebUIKeywordMain.runKeyword(WebUIKeywordMain.groovy:20)
	... 20 more
)
[[ATTACHMENT|C:\\Users\\84336\\git\\Final_TestMorriWeb\\Reports\\20240505_104505\\Dangky\\20240505_104505\\1714881222692.png]]]]></system-out>
         <system-err><![CDATA[05-05-2024T10:52:59 - [TEST_CASE][FAILED] - Test Cases/Dangky/Dang Ky_TC9: Test Cases/Dangky/Dang Ky_TC9 FAILED.
Reason:
com.kms.katalon.core.exception.StepFailedException: Verify element text of test object 'Object Repository/Dangky/Page_Dashboard/a_Thng tin ti khon' FAILED.
	at com.kms.katalon.core.webui.keyword.internal.WebUIKeywordMain.stepFailed(WebUIKeywordMain.groovy:64)
	at com.kms.katalon.core.webui.keyword.internal.WebUIKeywordMain.runKeyword(WebUIKeywordMain.groovy:26)
	at com.kms.katalon.core.webui.keyword.builtin.VerifyElementTextKeyword.verifyElementText(VerifyElementTextKeyword.groovy:72)
	at com.kms.katalon.core.webui.keyword.builtin.VerifyElementTextKeyword.execute(VerifyElementTextKeyword.groovy:40)
	at com.kms.katalon.core.keyword.internal.KeywordExecutor.executeKeywordForPlatform(KeywordExecutor.groovy:74)
	at com.kms.katalon.core.webui.keyword.WebUiBuiltInKeywords.verifyElementText(WebUiBuiltInKeywords.groovy:4835)
	at Dang Ky_TC9.run(Dang Ky_TC9:40)
	at com.kms.katalon.core.main.ScriptEngine.run(ScriptEngine.java:194)
	at com.kms.katalon.core.main.ScriptEngine.runScriptAsRawText(ScriptEngine.java:119)
	at com.kms.katalon.core.main.TestCaseExecutor.runScript(TestCaseExecutor.java:448)
	at com.kms.katalon.core.main.TestCaseExecutor.doExecute(TestCaseExecutor.java:439)
	at com.kms.katalon.core.main.TestCaseExecutor.processExecutionPhase(TestCaseExecutor.java:418)
	at com.kms.katalon.core.main.TestCaseExecutor.accessMainPhase(TestCaseExecutor.java:410)
	at com.kms.katalon.core.main.TestCaseExecutor.execute(TestCaseExecutor.java:285)
	at com.kms.katalon.core.common.CommonExecutor.accessTestCaseMainPhase(CommonExecutor.java:65)
	at com.kms.katalon.core.main.TestSuiteExecutor.accessTestSuiteMainPhase(TestSuiteExecutor.java:148)
	at com.kms.katalon.core.main.TestSuiteExecutor.execute(TestSuiteExecutor.java:106)
	at com.kms.katalon.core.main.TestCaseMain.startTestSuite(TestCaseMain.java:180)
	at TempTestSuite1714880705198.run(TempTestSuite1714880705198.groovy:35)
	at java.base/jdk.internal.reflect.NativeMethodAccessorImpl.invoke0(Native Method)
	at java.base/jdk.internal.reflect.NativeMethodAccessorImpl.invoke(NativeMethodAccessorImpl.java:77)
	at java.base/jdk.internal.reflect.DelegatingMethodAccessorImpl.invoke(DelegatingMethodAccessorImpl.java:43)
Caused by: com.kms.katalon.core.exception.StepFailedException: com.kms.katalon.core.webui.exception.WebElementNotFoundException: Web element with id: 'Object Repository/Dangky/Page_Dashboard/a_Thng tin ti khon' located by '//a[@id='account-dashboard-tab']' not found
	at com.kms.katalon.core.webui.keyword.internal.WebUIKeywordMain.stepFailed(WebUIKeywordMain.groovy:64)
	at com.kms.katalon.core.webui.keyword.builtin.VerifyElementTextKeyword$_verifyElementText_closure1.doCall(VerifyElementTextKeyword.groovy:64)
	at com.kms.katalon.core.webui.keyword.builtin.VerifyElementTextKeyword$_verifyElementText_closure1.call(VerifyElementTextKeyword.groovy)
	at com.kms.katalon.core.webui.keyword.internal.WebUIKeywordMain.runKeyword(WebUIKeywordMain.groovy:20)
	... 20 more]]></system-err>
      </testcase>
      <system-out><![CDATA[05-05-2024T10:45:09 - [TEST_SUITE][FAILED] - Dangky: Test Cases/Dangky/Dang Ky_TC1 FAILED.
Reason:
com.kms.katalon.core.exception.StepFailedException: Verify element text of test object 'Object Repository/Dangky/Page_Dashboard/a_Thng tin ti khon' FAILED.
	at com.kms.katalon.core.webui.keyword.internal.WebUIKeywordMain.stepFailed(WebUIKeywordMain.groovy:64)
	at com.kms.katalon.core.webui.keyword.internal.WebUIKeywordMain.runKeyword(WebUIKeywordMain.groovy:26)
	at com.kms.katalon.core.webui.keyword.builtin.VerifyElementTextKeyword.verifyElementText(VerifyElementTextKeyword.groovy:72)
	at com.kms.katalon.core.webui.keyword.builtin.VerifyElementTextKeyword.execute(VerifyElementTextKeyword.groovy:40)
	at com.kms.katalon.core.keyword.internal.KeywordExecutor.executeKeywordForPlatform(KeywordExecutor.groovy:74)
	at com.kms.katalon.core.webui.keyword.WebUiBuiltInKeywords.verifyElementText(WebUiBuiltInKeywords.groovy:4835)
	at Dang Ky_TC1.run(Dang Ky_TC1:40)
	at com.kms.katalon.core.main.ScriptEngine.run(ScriptEngine.java:194)
	at com.kms.katalon.core.main.ScriptEngine.runScriptAsRawText(ScriptEngine.java:119)
	at com.kms.katalon.core.main.TestCaseExecutor.runScript(TestCaseExecutor.java:448)
	at com.kms.katalon.core.main.TestCaseExecutor.doExecute(TestCaseExecutor.java:439)
	at com.kms.katalon.core.main.TestCaseExecutor.processExecutionPhase(TestCaseExecutor.java:418)
	at com.kms.katalon.core.main.TestCaseExecutor.accessMainPhase(TestCaseExecutor.java:410)
	at com.kms.katalon.core.main.TestCaseExecutor.execute(TestCaseExecutor.java:285)
	at com.kms.katalon.core.common.CommonExecutor.accessTestCaseMainPhase(CommonExecutor.java:65)
	at com.kms.katalon.core.main.TestSuiteExecutor.accessTestSuiteMainPhase(TestSuiteExecutor.java:148)
	at com.kms.katalon.core.main.TestSuiteExecutor.execute(TestSuiteExecutor.java:106)
	at com.kms.katalon.core.main.TestCaseMain.startTestSuite(TestCaseMain.java:180)
	at TempTestSuite1714880705198.run(TempTestSuite1714880705198.groovy:35)
	at java.base/jdk.internal.reflect.NativeMethodAccessorImpl.invoke0(Native Method)
	at java.base/jdk.internal.reflect.NativeMethodAccessorImpl.invoke(NativeMethodAccessorImpl.java:77)
	at java.base/jdk.internal.reflect.DelegatingMethodAccessorImpl.invoke(DelegatingMethodAccessorImpl.java:43)
Caused by: com.kms.katalon.core.exception.StepFailedException: com.kms.katalon.core.webui.exception.WebElementNotFoundException: Web element with id: 'Object Repository/Dangky/Page_Dashboard/a_Thng tin ti khon' located by '//a[@id='account-dashboard-tab']' not found
	at com.kms.katalon.core.webui.keyword.internal.WebUIKeywordMain.stepFailed(WebUIKeywordMain.groovy:64)
	at com.kms.katalon.core.webui.keyword.builtin.VerifyElementTextKeyword$_verifyElementText_closure1.doCall(VerifyElementTextKeyword.groovy:64)
	at com.kms.katalon.core.webui.keyword.builtin.VerifyElementTextKeyword$_verifyElementText_closure1.call(VerifyElementTextKeyword.groovy)
	at com.kms.katalon.core.webui.keyword.internal.WebUIKeywordMain.runKeyword(WebUIKeywordMain.groovy:20)
	... 20 more]]></system-out>
      <system-err><![CDATA[05-05-2024T10:45:09 - [TEST_SUITE][FAILED] - Dangky: Test Cases/Dangky/Dang Ky_TC1 FAILED.
Reason:
com.kms.katalon.core.exception.StepFailedException: Verify element text of test object 'Object Repository/Dangky/Page_Dashboard/a_Thng tin ti khon' FAILED.
	at com.kms.katalon.core.webui.keyword.internal.WebUIKeywordMain.stepFailed(WebUIKeywordMain.groovy:64)
	at com.kms.katalon.core.webui.keyword.internal.WebUIKeywordMain.runKeyword(WebUIKeywordMain.groovy:26)
	at com.kms.katalon.core.webui.keyword.builtin.VerifyElementTextKeyword.verifyElementText(VerifyElementTextKeyword.groovy:72)
	at com.kms.katalon.core.webui.keyword.builtin.VerifyElementTextKeyword.execute(VerifyElementTextKeyword.groovy:40)
	at com.kms.katalon.core.keyword.internal.KeywordExecutor.executeKeywordForPlatform(KeywordExecutor.groovy:74)
	at com.kms.katalon.core.webui.keyword.WebUiBuiltInKeywords.verifyElementText(WebUiBuiltInKeywords.groovy:4835)
	at Dang Ky_TC1.run(Dang Ky_TC1:40)
	at com.kms.katalon.core.main.ScriptEngine.run(ScriptEngine.java:194)
	at com.kms.katalon.core.main.ScriptEngine.runScriptAsRawText(ScriptEngine.java:119)
	at com.kms.katalon.core.main.TestCaseExecutor.runScript(TestCaseExecutor.java:448)
	at com.kms.katalon.core.main.TestCaseExecutor.doExecute(TestCaseExecutor.java:439)
	at com.kms.katalon.core.main.TestCaseExecutor.processExecutionPhase(TestCaseExecutor.java:418)
	at com.kms.katalon.core.main.TestCaseExecutor.accessMainPhase(TestCaseExecutor.java:410)
	at com.kms.katalon.core.main.TestCaseExecutor.execute(TestCaseExecutor.java:285)
	at com.kms.katalon.core.common.CommonExecutor.accessTestCaseMainPhase(CommonExecutor.java:65)
	at com.kms.katalon.core.main.TestSuiteExecutor.accessTestSuiteMainPhase(TestSuiteExecutor.java:148)
	at com.kms.katalon.core.main.TestSuiteExecutor.execute(TestSuiteExecutor.java:106)
	at com.kms.katalon.core.main.TestCaseMain.startTestSuite(TestCaseMain.java:180)
	at TempTestSuite1714880705198.run(TempTestSuite1714880705198.groovy:35)
	at java.base/jdk.internal.reflect.NativeMethodAccessorImpl.invoke0(Native Method)
	at java.base/jdk.internal.reflect.NativeMethodAccessorImpl.invoke(NativeMethodAccessorImpl.java:77)
	at java.base/jdk.internal.reflect.DelegatingMethodAccessorImpl.invoke(DelegatingMethodAccessorImpl.java:43)
Caused by: com.kms.katalon.core.exception.StepFailedException: com.kms.katalon.core.webui.exception.WebElementNotFoundException: Web element with id: 'Object Repository/Dangky/Page_Dashboard/a_Thng tin ti khon' located by '//a[@id='account-dashboard-tab']' not found
	at com.kms.katalon.core.webui.keyword.internal.WebUIKeywordMain.stepFailed(WebUIKeywordMain.groovy:64)
	at com.kms.katalon.core.webui.keyword.builtin.VerifyElementTextKeyword$_verifyElementText_closure1.doCall(VerifyElementTextKeyword.groovy:64)
	at com.kms.katalon.core.webui.keyword.builtin.VerifyElementTextKeyword$_verifyElementText_closure1.call(VerifyElementTextKeyword.groovy)
	at com.kms.katalon.core.webui.keyword.internal.WebUIKeywordMain.runKeyword(WebUIKeywordMain.groovy:20)
	... 20 more]]></system-err>
   </testsuite>
</testsuites>
